[2024-06-27 13:59:50,186][demucs.train][INFO] - For logs, checkpoints and samples check /home/dat/Dokumente/weigl-master/demucs/outputs/xps/0f86b184
[2024-06-27 13:59:50,186][dora.distrib][INFO] - world_size is 1, skipping init.
[2024-06-27 13:59:54,247][demucs.train][INFO] - train/valid set size: 1791 14
[2024-06-27 13:59:54,248][demucs.solver][INFO] - Setting up scale
[2024-06-27 13:59:54,249][demucs.solver][INFO] - ----------------------------------------------------------------------
[2024-06-27 13:59:54,249][demucs.solver][INFO] - Training...
[2024-06-27 13:59:54,249][demucs.solver][INFO] - Start of epoch 1
[2024-06-27 13:59:54,249][demucs.solver][INFO] - Total batches: 447
[2024-06-27 14:02:36,773][demucs.solver][INFO] - Train | Epoch 1 | 111/447 | 0.69 it/sec | Loss 0.1765 | Reco 0.1765 | Grad 0.1409
[2024-06-27 14:04:52,147][demucs.solver][INFO] - Train | Epoch 1 | 222/447 | 0.75 it/sec | Loss 0.1711 | Reco 0.1711 | Grad 0.1366
[2024-06-27 14:07:10,011][demucs.solver][INFO] - Train | Epoch 1 | 333/447 | 0.77 it/sec | Loss 0.1758 | Reco 0.1758 | Grad 0.1192
[2024-06-27 14:09:26,935][demucs.solver][INFO] - Train | Epoch 1 | 444/447 | 0.78 it/sec | Loss 0.1743 | Reco 0.1743 | Grad 0.1201
[2024-06-27 14:09:29,624][demucs.solver][INFO] - [1mTrain Summary | Epoch 1 | Loss=0.1740 | Reco=0.1740 | Grad=0.1202[0m
[2024-06-27 14:09:29,624][demucs.solver][INFO] - ----------------------------------------------------------------------
[2024-06-27 14:09:29,625][demucs.solver][INFO] - Cross validation...
[2024-06-27 14:09:29,625][demucs.solver][INFO] - Start of epoch 1
[2024-06-27 14:09:29,625][demucs.solver][INFO] - Total batches: 14
[2024-06-27 14:09:36,660][demucs.solver][INFO] - Valid | Epoch 1 | 3/14 | 0.57 it/sec | Loss 0.2285 | Reco 0.2285 | Nsdr 2.343
[2024-06-27 14:09:44,218][demucs.solver][INFO] - Valid | Epoch 1 | 6/14 | 0.48 it/sec | Loss 0.2350 | Reco 0.2350 | Nsdr 2.283
[2024-06-27 14:09:52,113][demucs.solver][INFO] - Valid | Epoch 1 | 9/14 | 0.44 it/sec | Loss 0.2510 | Reco 0.2510 | Nsdr 2.071
[2024-06-27 14:09:58,303][demucs.solver][INFO] - Valid | Epoch 1 | 12/14 | 0.45 it/sec | Loss 0.2342 | Reco 0.2342 | Nsdr 2.025
[2024-06-27 14:10:00,286][demucs.solver][INFO] - [1mValid Summary | Epoch 1 | Loss=0.2260 | Reco=0.2260 | Nsdr=2.096 | Best=0.2260 | Bname=main[0m
[2024-06-27 14:10:00,287][demucs.solver][INFO] - [1mNew best valid loss 0.2260[0m
[2024-06-27 14:10:04,043][demucs.solver][INFO] - ----------------------------------------------------------------------
[2024-06-27 14:10:04,045][demucs.solver][INFO] - Training...
[2024-06-27 14:10:04,046][demucs.solver][INFO] - Start of epoch 2
[2024-06-27 14:10:04,046][demucs.solver][INFO] - Total batches: 447
[2024-06-27 14:12:30,190][demucs.solver][INFO] - Train | Epoch 2 | 111/447 | 0.77 it/sec | Loss 0.1539 | Reco 0.1539 | Grad 0.1218
[2024-06-27 14:14:49,456][demucs.solver][INFO] - Train | Epoch 2 | 222/447 | 0.78 it/sec | Loss 0.1633 | Reco 0.1633 | Grad 0.1363
[2024-06-27 14:17:09,641][demucs.solver][INFO] - Train | Epoch 2 | 333/447 | 0.78 it/sec | Loss 0.1605 | Reco 0.1605 | Grad 0.1374
[2024-06-27 14:19:30,500][demucs.solver][INFO] - Train | Epoch 2 | 444/447 | 0.79 it/sec | Loss 0.1586 | Reco 0.1586 | Grad 0.1420
[2024-06-27 14:19:32,598][demucs.solver][INFO] - [1mTrain Summary | Epoch 2 | Loss=0.1588 | Reco=0.1588 | Grad=0.1419[0m
[2024-06-27 14:19:32,598][demucs.solver][INFO] - ----------------------------------------------------------------------
[2024-06-27 14:19:32,598][demucs.solver][INFO] - Cross validation...
[2024-06-27 14:19:32,599][demucs.solver][INFO] - Start of epoch 2
[2024-06-27 14:19:32,599][demucs.solver][INFO] - Total batches: 14
[2024-06-27 14:19:39,692][demucs.solver][INFO] - Valid | Epoch 2 | 3/14 | 0.56 it/sec | Loss 0.2141 | Reco 0.2141 | Nsdr 3.286
[2024-06-27 14:19:47,208][demucs.solver][INFO] - Valid | Epoch 2 | 6/14 | 0.48 it/sec | Loss 0.2127 | Reco 0.2127 | Nsdr 3.185
[2024-06-27 14:19:55,155][demucs.solver][INFO] - Valid | Epoch 2 | 9/14 | 0.44 it/sec | Loss 0.2349 | Reco 0.2349 | Nsdr 2.651
[2024-06-27 14:20:01,480][demucs.solver][INFO] - Valid | Epoch 2 | 12/14 | 0.45 it/sec | Loss 0.2207 | Reco 0.2207 | Nsdr 2.552
[2024-06-27 14:20:03,453][demucs.solver][INFO] - [1mValid Summary | Epoch 2 | Loss=0.2121 | Reco=0.2121 | Nsdr=2.713 | Best=0.2121 | Bname=main[0m
[2024-06-27 14:20:03,453][demucs.solver][INFO] - [1mNew best valid loss 0.2121[0m
[2024-06-27 14:20:12,798][demucs.solver][INFO] - ----------------------------------------------------------------------
[2024-06-27 14:20:12,798][demucs.solver][INFO] - Training...
[2024-06-27 14:20:12,799][demucs.solver][INFO] - Start of epoch 3
[2024-06-27 14:20:12,799][demucs.solver][INFO] - Total batches: 447
[2024-06-27 14:22:40,044][demucs.solver][INFO] - Train | Epoch 3 | 111/447 | 0.76 it/sec | Loss 0.1460 | Reco 0.1460 | Grad 0.1276
[2024-06-27 14:24:56,741][demucs.solver][INFO] - Train | Epoch 3 | 222/447 | 0.79 it/sec | Loss 0.1453 | Reco 0.1453 | Grad 0.1293
[2024-06-27 14:27:14,117][demucs.solver][INFO] - Train | Epoch 3 | 333/447 | 0.79 it/sec | Loss 0.1460 | Reco 0.1460 | Grad 0.1335
[2024-06-27 14:29:33,644][demucs.solver][INFO] - Train | Epoch 3 | 444/447 | 0.79 it/sec | Loss 0.1455 | Reco 0.1455 | Grad 0.1336
[2024-06-27 14:29:36,684][demucs.solver][INFO] - [1mTrain Summary | Epoch 3 | Loss=0.1456 | Reco=0.1456 | Grad=0.1335[0m
[2024-06-27 14:29:36,684][demucs.solver][INFO] - ----------------------------------------------------------------------
[2024-06-27 14:29:36,684][demucs.solver][INFO] - Cross validation...
[2024-06-27 14:29:36,685][demucs.solver][INFO] - Start of epoch 3
[2024-06-27 14:29:36,685][demucs.solver][INFO] - Total batches: 14
[2024-06-27 14:29:43,542][demucs.solver][INFO] - Valid | Epoch 3 | 3/14 | 0.58 it/sec | Loss 0.1966 | Reco 0.1966 | Nsdr 4.322
[2024-06-27 14:29:50,900][demucs.solver][INFO] - Valid | Epoch 3 | 6/14 | 0.49 it/sec | Loss 0.1924 | Reco 0.1924 | Nsdr 4.343
[2024-06-27 14:29:58,640][demucs.solver][INFO] - Valid | Epoch 3 | 9/14 | 0.46 it/sec | Loss 0.2158 | Reco 0.2158 | Nsdr 3.672
[2024-06-27 14:30:04,851][demucs.solver][INFO] - Valid | Epoch 3 | 12/14 | 0.46 it/sec | Loss 0.2021 | Reco 0.2021 | Nsdr 3.478
[2024-06-27 14:30:06,865][demucs.solver][INFO] - [1mValid Summary | Epoch 3 | Loss=0.1947 | Reco=0.1947 | Nsdr=3.618 | Best=0.1947 | Bname=main[0m
[2024-06-27 14:30:06,865][demucs.solver][INFO] - [1mNew best valid loss 0.1947[0m
[2024-06-27 14:30:15,699][demucs.solver][INFO] - ----------------------------------------------------------------------
[2024-06-27 14:30:15,699][demucs.solver][INFO] - Training...
[2024-06-27 14:30:15,700][demucs.solver][INFO] - Start of epoch 4
[2024-06-27 14:30:15,700][demucs.solver][INFO] - Total batches: 447
[2024-06-27 14:32:36,742][demucs.solver][INFO] - Train | Epoch 4 | 111/447 | 0.79 it/sec | Loss 0.1461 | Reco 0.1461 | Grad 0.1552
[2024-06-27 14:34:56,081][demucs.solver][INFO] - Train | Epoch 4 | 222/447 | 0.80 it/sec | Loss 0.1482 | Reco 0.1482 | Grad 0.1582
[2024-06-27 14:37:14,645][demucs.solver][INFO] - Train | Epoch 4 | 333/447 | 0.80 it/sec | Loss 0.1397 | Reco 0.1397 | Grad 0.1599
[2024-06-27 14:39:30,182][demucs.solver][INFO] - Train | Epoch 4 | 444/447 | 0.80 it/sec | Loss 0.1388 | Reco 0.1388 | Grad 0.1630
[2024-06-27 14:39:32,954][demucs.solver][INFO] - [1mTrain Summary | Epoch 4 | Loss=0.1388 | Reco=0.1388 | Grad=0.1630[0m
[2024-06-27 14:39:32,954][demucs.solver][INFO] - ----------------------------------------------------------------------
[2024-06-27 14:39:32,954][demucs.solver][INFO] - Cross validation...
[2024-06-27 14:39:32,955][demucs.solver][INFO] - Start of epoch 4
[2024-06-27 14:39:32,955][demucs.solver][INFO] - Total batches: 14
[2024-06-27 14:39:39,820][demucs.solver][INFO] - Valid | Epoch 4 | 3/14 | 0.58 it/sec | Loss 0.1895 | Reco 0.1895 | Nsdr 4.615
[2024-06-27 14:39:47,184][demucs.solver][INFO] - Valid | Epoch 4 | 6/14 | 0.49 it/sec | Loss 0.1858 | Reco 0.1858 | Nsdr 4.691
[2024-06-27 14:39:54,849][demucs.solver][INFO] - Valid | Epoch 4 | 9/14 | 0.46 it/sec | Loss 0.2108 | Reco 0.2108 | Nsdr 3.939
[2024-06-27 14:40:00,998][demucs.solver][INFO] - Valid | Epoch 4 | 12/14 | 0.46 it/sec | Loss 0.1972 | Reco 0.1972 | Nsdr 3.778
[2024-06-27 14:40:03,091][demucs.solver][INFO] - [1mValid Summary | Epoch 4 | Loss=0.1902 | Reco=0.1902 | Nsdr=3.897 | Best=0.1902 | Bname=main[0m
[2024-06-27 14:40:03,092][demucs.solver][INFO] - [1mNew best valid loss 0.1902[0m
[2024-06-27 14:40:11,950][demucs.solver][INFO] - ----------------------------------------------------------------------
[2024-06-27 14:40:11,951][demucs.solver][INFO] - Training...
[2024-06-27 14:40:11,951][demucs.solver][INFO] - Start of epoch 5
[2024-06-27 14:40:11,951][demucs.solver][INFO] - Total batches: 447
[2024-06-27 14:42:39,316][demucs.solver][INFO] - Train | Epoch 5 | 111/447 | 0.76 it/sec | Loss 0.1310 | Reco 0.1310 | Grad 0.1700
[2024-06-27 14:44:59,391][demucs.solver][INFO] - Train | Epoch 5 | 222/447 | 0.78 it/sec | Loss 0.1328 | Reco 0.1328 | Grad 0.1663
[2024-06-27 14:47:16,822][demucs.solver][INFO] - Train | Epoch 5 | 333/447 | 0.79 it/sec | Loss 0.1335 | Reco 0.1335 | Grad 0.1734
[2024-06-27 14:49:34,907][demucs.solver][INFO] - Train | Epoch 5 | 444/447 | 0.79 it/sec | Loss 0.1301 | Reco 0.1301 | Grad 0.1658
[2024-06-27 14:49:37,393][demucs.solver][INFO] - [1mTrain Summary | Epoch 5 | Loss=0.1304 | Reco=0.1304 | Grad=0.1660[0m
[2024-06-27 14:49:37,394][demucs.solver][INFO] - ----------------------------------------------------------------------
[2024-06-27 14:49:37,394][demucs.solver][INFO] - Cross validation...
[2024-06-27 14:49:37,395][demucs.solver][INFO] - Start of epoch 5
[2024-06-27 14:49:37,395][demucs.solver][INFO] - Total batches: 14
[2024-06-27 14:49:44,193][demucs.solver][INFO] - Valid | Epoch 5 | 3/14 | 0.59 it/sec | Loss 0.1872 | Reco 0.1872 | Nsdr 4.861
[2024-06-27 14:49:51,685][demucs.solver][INFO] - Valid | Epoch 5 | 6/14 | 0.49 it/sec | Loss 0.1780 | Reco 0.1780 | Nsdr 5.104
[2024-06-27 14:49:59,467][demucs.solver][INFO] - Valid | Epoch 5 | 9/14 | 0.45 it/sec | Loss 0.1984 | Reco 0.1984 | Nsdr 4.473
[2024-06-27 14:50:05,600][demucs.solver][INFO] - Valid | Epoch 5 | 12/14 | 0.46 it/sec | Loss 0.1890 | Reco 0.1890 | Nsdr 4.235
[2024-06-27 14:50:07,607][demucs.solver][INFO] - [1mValid Summary | Epoch 5 | Loss=0.1823 | Reco=0.1823 | Nsdr=4.345 | Best=0.1823 | Bname=main[0m
[2024-06-27 14:50:07,607][demucs.solver][INFO] - [1mNew best valid loss 0.1823[0m
[2024-06-27 14:50:16,737][demucs.solver][INFO] - ----------------------------------------------------------------------
[2024-06-27 14:50:16,737][demucs.solver][INFO] - Training...
[2024-06-27 14:50:16,737][demucs.solver][INFO] - Start of epoch 6
[2024-06-27 14:50:16,737][demucs.solver][INFO] - Total batches: 447
[2024-06-27 14:52:40,729][demucs.solver][INFO] - Train | Epoch 6 | 111/447 | 0.78 it/sec | Loss 0.1233 | Reco 0.1233 | Grad 0.1546
[2024-06-27 14:54:59,431][demucs.solver][INFO] - Train | Epoch 6 | 222/447 | 0.79 it/sec | Loss 0.1221 | Reco 0.1221 | Grad 0.1423
[2024-06-27 14:57:15,500][demucs.solver][INFO] - Train | Epoch 6 | 333/447 | 0.80 it/sec | Loss 0.1223 | Reco 0.1223 | Grad 0.1430
[2024-06-27 14:59:33,437][demucs.solver][INFO] - Train | Epoch 6 | 444/447 | 0.80 it/sec | Loss 0.1230 | Reco 0.1230 | Grad 0.1408
[2024-06-27 14:59:35,671][demucs.solver][INFO] - [1mTrain Summary | Epoch 6 | Loss=0.1232 | Reco=0.1232 | Grad=0.1414[0m
[2024-06-27 14:59:35,672][demucs.solver][INFO] - ----------------------------------------------------------------------
[2024-06-27 14:59:35,672][demucs.solver][INFO] - Cross validation...
[2024-06-27 14:59:35,672][demucs.solver][INFO] - Start of epoch 6
[2024-06-27 14:59:35,673][demucs.solver][INFO] - Total batches: 14
[2024-06-27 14:59:42,505][demucs.solver][INFO] - Valid | Epoch 6 | 3/14 | 0.59 it/sec | Loss 0.1812 | Reco 0.1812 | Nsdr 5.009
[2024-06-27 14:59:49,878][demucs.solver][INFO] - Valid | Epoch 6 | 6/14 | 0.49 it/sec | Loss 0.1796 | Reco 0.1796 | Nsdr 4.967
[2024-06-27 14:59:57,712][demucs.solver][INFO] - Valid | Epoch 6 | 9/14 | 0.45 it/sec | Loss 0.2018 | Reco 0.2018 | Nsdr 4.298
[2024-06-27 15:00:03,932][demucs.solver][INFO] - Valid | Epoch 6 | 12/14 | 0.46 it/sec | Loss 0.1902 | Reco 0.1902 | Nsdr 4.032
[2024-06-27 15:00:05,895][demucs.solver][INFO] - [1mValid Summary | Epoch 6 | Loss=0.1831 | Reco=0.1831 | Nsdr=4.171 | Best=0.1823 | Bname=main[0m
[2024-06-27 15:00:13,145][demucs.solver][INFO] - ----------------------------------------------------------------------
[2024-06-27 15:00:13,146][demucs.solver][INFO] - Training...
[2024-06-27 15:00:13,146][demucs.solver][INFO] - Start of epoch 7
[2024-06-27 15:00:13,146][demucs.solver][INFO] - Total batches: 447
[2024-06-27 15:02:37,378][demucs.solver][INFO] - Train | Epoch 7 | 111/447 | 0.78 it/sec | Loss 0.1233 | Reco 0.1233 | Grad 0.1608
[2024-06-27 15:04:57,230][demucs.solver][INFO] - Train | Epoch 7 | 222/447 | 0.78 it/sec | Loss 0.1273 | Reco 0.1273 | Grad 0.1706
[2024-06-27 15:07:19,845][demucs.solver][INFO] - Train | Epoch 7 | 333/447 | 0.78 it/sec | Loss 0.1287 | Reco 0.1287 | Grad 0.1655
[2024-06-27 15:09:35,527][demucs.solver][INFO] - Train | Epoch 7 | 444/447 | 0.79 it/sec | Loss 0.1256 | Reco 0.1256 | Grad 0.1576
[2024-06-27 15:09:38,507][demucs.solver][INFO] - [1mTrain Summary | Epoch 7 | Loss=0.1255 | Reco=0.1255 | Grad=0.1574[0m
[2024-06-27 15:09:38,507][demucs.solver][INFO] - ----------------------------------------------------------------------
[2024-06-27 15:09:38,508][demucs.solver][INFO] - Cross validation...
[2024-06-27 15:09:38,508][demucs.solver][INFO] - Start of epoch 7
[2024-06-27 15:09:38,509][demucs.solver][INFO] - Total batches: 14
[2024-06-27 15:09:45,403][demucs.solver][INFO] - Valid | Epoch 7 | 3/14 | 0.58 it/sec | Loss 0.1849 | Reco 0.1849 | Nsdr 4.801
[2024-06-27 15:09:52,738][demucs.solver][INFO] - Valid | Epoch 7 | 6/14 | 0.49 it/sec | Loss 0.1763 | Reco 0.1763 | Nsdr 5.061
[2024-06-27 15:10:00,420][demucs.solver][INFO] - Valid | Epoch 7 | 9/14 | 0.46 it/sec | Loss 0.1948 | Reco 0.1948 | Nsdr 4.528
[2024-06-27 15:10:06,590][demucs.solver][INFO] - Valid | Epoch 7 | 12/14 | 0.46 it/sec | Loss 0.1826 | Reco 0.1826 | Nsdr 4.374
[2024-06-27 15:10:08,631][demucs.solver][INFO] - [1mValid Summary | Epoch 7 | Loss=0.1762 | Reco=0.1762 | Nsdr=4.489 | Best=0.1762 | Bname=main[0m
[2024-06-27 15:10:08,632][demucs.solver][INFO] - [1mNew best valid loss 0.1762[0m
[2024-06-27 15:10:17,393][demucs.solver][INFO] - ----------------------------------------------------------------------
[2024-06-27 15:10:17,393][demucs.solver][INFO] - Training...
[2024-06-27 15:10:17,394][demucs.solver][INFO] - Start of epoch 8
[2024-06-27 15:10:17,394][demucs.solver][INFO] - Total batches: 447
[2024-06-27 15:12:42,791][demucs.solver][INFO] - Train | Epoch 8 | 111/447 | 0.77 it/sec | Loss 0.1136 | Reco 0.1136 | Grad 0.1430
[2024-06-27 15:14:59,603][demucs.solver][INFO] - Train | Epoch 8 | 222/447 | 0.79 it/sec | Loss 0.1195 | Reco 0.1195 | Grad 0.1380
[2024-06-27 15:17:19,971][demucs.solver][INFO] - Train | Epoch 8 | 333/447 | 0.79 it/sec | Loss 0.1186 | Reco 0.1186 | Grad 0.1460
[2024-06-27 15:19:36,843][demucs.solver][INFO] - Train | Epoch 8 | 444/447 | 0.80 it/sec | Loss 0.1193 | Reco 0.1193 | Grad 0.1418
[2024-06-27 15:19:39,070][demucs.solver][INFO] - [1mTrain Summary | Epoch 8 | Loss=0.1191 | Reco=0.1191 | Grad=0.1421[0m
[2024-06-27 15:19:39,070][demucs.solver][INFO] - ----------------------------------------------------------------------
[2024-06-27 15:19:39,070][demucs.solver][INFO] - Cross validation...
[2024-06-27 15:19:39,071][demucs.solver][INFO] - Start of epoch 8
[2024-06-27 15:19:39,071][demucs.solver][INFO] - Total batches: 14
[2024-06-27 15:19:45,931][demucs.solver][INFO] - Valid | Epoch 8 | 3/14 | 0.58 it/sec | Loss 0.1731 | Reco 0.1731 | Nsdr 5.407
[2024-06-27 15:19:53,229][demucs.solver][INFO] - Valid | Epoch 8 | 6/14 | 0.49 it/sec | Loss 0.1689 | Reco 0.1689 | Nsdr 5.414
[2024-06-27 15:20:00,986][demucs.solver][INFO] - Valid | Epoch 8 | 9/14 | 0.46 it/sec | Loss 0.1939 | Reco 0.1939 | Nsdr 4.630
[2024-06-27 15:20:07,236][demucs.solver][INFO] - Valid | Epoch 8 | 12/14 | 0.46 it/sec | Loss 0.1826 | Reco 0.1826 | Nsdr 4.357
[2024-06-27 15:20:09,249][demucs.solver][INFO] - [1mValid Summary | Epoch 8 | Loss=0.1757 | Reco=0.1757 | Nsdr=4.488 | Best=0.1757 | Bname=main[0m
[2024-06-27 15:20:09,249][demucs.solver][INFO] - [1mNew best valid loss 0.1757[0m
[2024-06-27 15:20:18,164][demucs.solver][INFO] - ----------------------------------------------------------------------
[2024-06-27 15:20:18,165][demucs.solver][INFO] - Training...
[2024-06-27 15:20:18,165][demucs.solver][INFO] - Start of epoch 9
[2024-06-27 15:20:18,165][demucs.solver][INFO] - Total batches: 447
[2024-06-27 15:22:40,224][demucs.solver][INFO] - Train | Epoch 9 | 111/447 | 0.79 it/sec | Loss 0.1217 | Reco 0.1217 | Grad 0.1373
[2024-06-27 15:24:57,794][demucs.solver][INFO] - Train | Epoch 9 | 222/447 | 0.80 it/sec | Loss 0.1222 | Reco 0.1222 | Grad 0.1374
[2024-06-27 15:27:20,970][demucs.solver][INFO] - Train | Epoch 9 | 333/447 | 0.79 it/sec | Loss 0.1202 | Reco 0.1202 | Grad 0.1444
[2024-06-27 15:29:43,043][demucs.solver][INFO] - Train | Epoch 9 | 444/447 | 0.79 it/sec | Loss 0.1201 | Reco 0.1201 | Grad 0.1444
[2024-06-27 15:29:45,253][demucs.solver][INFO] - [1mTrain Summary | Epoch 9 | Loss=0.1200 | Reco=0.1200 | Grad=0.1448[0m
[2024-06-27 15:29:45,254][demucs.solver][INFO] - ----------------------------------------------------------------------
[2024-06-27 15:29:45,254][demucs.solver][INFO] - Cross validation...
[2024-06-27 15:29:45,254][demucs.solver][INFO] - Start of epoch 9
[2024-06-27 15:29:45,255][demucs.solver][INFO] - Total batches: 14
[2024-06-27 15:29:52,194][demucs.solver][INFO] - Valid | Epoch 9 | 3/14 | 0.58 it/sec | Loss 0.1734 | Reco 0.1734 | Nsdr 5.687
[2024-06-27 15:29:59,714][demucs.solver][INFO] - Valid | Epoch 9 | 6/14 | 0.48 it/sec | Loss 0.1685 | Reco 0.1685 | Nsdr 5.687
[2024-06-27 15:30:07,509][demucs.solver][INFO] - Valid | Epoch 9 | 9/14 | 0.45 it/sec | Loss 0.1877 | Reco 0.1877 | Nsdr 5.023
[2024-06-27 15:30:13,712][demucs.solver][INFO] - Valid | Epoch 9 | 12/14 | 0.46 it/sec | Loss 0.1756 | Reco 0.1756 | Nsdr 4.778
[2024-06-27 15:30:15,777][demucs.solver][INFO] - [1mValid Summary | Epoch 9 | Loss=0.1695 | Reco=0.1695 | Nsdr=4.894 | Best=0.1695 | Bname=main[0m
[2024-06-27 15:30:15,777][demucs.solver][INFO] - [1mNew best valid loss 0.1695[0m
[2024-06-27 15:30:24,590][demucs.solver][INFO] - ----------------------------------------------------------------------
[2024-06-27 15:30:24,591][demucs.solver][INFO] - Training...
[2024-06-27 15:30:24,591][demucs.solver][INFO] - Start of epoch 10
[2024-06-27 15:30:24,591][demucs.solver][INFO] - Total batches: 447
[2024-06-27 15:32:49,909][demucs.solver][INFO] - Train | Epoch 10 | 111/447 | 0.77 it/sec | Loss 0.1162 | Reco 0.1162 | Grad 0.1571
[2024-06-27 15:35:07,865][demucs.solver][INFO] - Train | Epoch 10 | 222/447 | 0.79 it/sec | Loss 0.1196 | Reco 0.1196 | Grad 0.1515
[2024-06-27 15:37:24,755][demucs.solver][INFO] - Train | Epoch 10 | 333/447 | 0.79 it/sec | Loss 0.1182 | Reco 0.1182 | Grad 0.1443
[2024-06-27 15:39:42,669][demucs.solver][INFO] - Train | Epoch 10 | 444/447 | 0.80 it/sec | Loss 0.1180 | Reco 0.1180 | Grad 0.1542
[2024-06-27 15:39:44,724][demucs.solver][INFO] - [1mTrain Summary | Epoch 10 | Loss=0.1179 | Reco=0.1179 | Grad=0.1539[0m
[2024-06-27 15:39:44,724][demucs.solver][INFO] - ----------------------------------------------------------------------
[2024-06-27 15:39:44,724][demucs.solver][INFO] - Cross validation...
[2024-06-27 15:39:44,725][demucs.solver][INFO] - Start of epoch 10
[2024-06-27 15:39:44,725][demucs.solver][INFO] - Total batches: 14
[2024-06-27 15:39:51,612][demucs.solver][INFO] - Valid | Epoch 10 | 3/14 | 0.58 it/sec | Loss 0.1740 | Reco 0.1740 | Nsdr 5.584
[2024-06-27 15:39:59,053][demucs.solver][INFO] - Valid | Epoch 10 | 6/14 | 0.49 it/sec | Loss 0.1694 | Reco 0.1694 | Nsdr 5.595
[2024-06-27 15:40:06,959][demucs.solver][INFO] - Valid | Epoch 10 | 9/14 | 0.45 it/sec | Loss 0.1899 | Reco 0.1899 | Nsdr 4.884
[2024-06-27 15:40:13,165][demucs.solver][INFO] - Valid | Epoch 10 | 12/14 | 0.46 it/sec | Loss 0.1788 | Reco 0.1788 | Nsdr 4.628
[2024-06-27 15:40:15,199][demucs.solver][INFO] - [1mValid Summary | Epoch 10 | Loss=0.1728 | Reco=0.1728 | Nsdr=4.738 | Best=0.1695 | Bname=main[0m
[2024-06-27 15:40:15,200][demucs.solver][INFO] - ----------------------------------------------------------------------
[2024-06-27 15:40:15,200][demucs.solver][INFO] - Evaluating on the test set...
[2024-06-27 15:45:59,812][demucs.evaluate][INFO] - Eval | 12/50 | 26.3 sec/it
[2024-06-27 15:52:01,890][demucs.evaluate][INFO] - Eval | 24/50 | 28.2 sec/it
[2024-06-27 15:57:38,036][demucs.evaluate][INFO] - Eval | 36/50 | 28.1 sec/it
[2024-06-27 16:03:35,059][demucs.evaluate][INFO] - Eval | 48/50 | 28.5 sec/it
[2024-06-27 16:04:00,902][demucs.solver][INFO] - [1mTest Summary | Epoch 10 | Nsdr=1.154 | Nsdr_drums=5.673 | Nsdr_bass=-0.329 | Nsdr_other=-0.296 | Nsdr_vocals=-0.431[0m
[2024-06-27 16:04:07,938][demucs.solver][INFO] - ----------------------------------------------------------------------
[2024-06-27 16:04:07,939][demucs.solver][INFO] - Training...
[2024-06-27 16:04:07,939][demucs.solver][INFO] - Start of epoch 11
[2024-06-27 16:04:07,939][demucs.solver][INFO] - Total batches: 447
[2024-06-27 16:06:43,093][demucs.solver][INFO] - Train | Epoch 11 | 111/447 | 0.72 it/sec | Loss 0.1135 | Reco 0.1135 | Grad 0.1525
[2024-06-27 16:08:57,122][demucs.solver][INFO] - Train | Epoch 11 | 222/447 | 0.77 it/sec | Loss 0.1198 | Reco 0.1198 | Grad 0.1492
[2024-06-27 16:11:16,788][demucs.solver][INFO] - Train | Epoch 11 | 333/447 | 0.78 it/sec | Loss 0.1177 | Reco 0.1177 | Grad 0.1546
[2024-06-27 16:13:32,799][demucs.solver][INFO] - Train | Epoch 11 | 444/447 | 0.79 it/sec | Loss 0.1161 | Reco 0.1161 | Grad 0.1506
[2024-06-27 16:13:35,558][demucs.solver][INFO] - [1mTrain Summary | Epoch 11 | Loss=0.1160 | Reco=0.1160 | Grad=0.1504[0m
[2024-06-27 16:13:35,558][demucs.solver][INFO] - ----------------------------------------------------------------------
[2024-06-27 16:13:35,558][demucs.solver][INFO] - Cross validation...
[2024-06-27 16:13:35,559][demucs.solver][INFO] - Start of epoch 11
[2024-06-27 16:13:35,559][demucs.solver][INFO] - Total batches: 14
[2024-06-27 16:13:42,260][demucs.solver][INFO] - Valid | Epoch 11 | 3/14 | 0.60 it/sec | Loss 0.1679 | Reco 0.1679 | Nsdr 5.999
[2024-06-27 16:13:49,641][demucs.solver][INFO] - Valid | Epoch 11 | 6/14 | 0.50 it/sec | Loss 0.1635 | Reco 0.1635 | Nsdr 6.002
[2024-06-27 16:13:57,353][demucs.solver][INFO] - Valid | Epoch 11 | 9/14 | 0.46 it/sec | Loss 0.1825 | Reco 0.1825 | Nsdr 5.326
[2024-06-27 16:14:03,547][demucs.solver][INFO] - Valid | Epoch 11 | 12/14 | 0.46 it/sec | Loss 0.1721 | Reco 0.1721 | Nsdr 5.034
[2024-06-27 16:14:05,550][demucs.solver][INFO] - [1mValid Summary | Epoch 11 | Loss=0.1662 | Reco=0.1662 | Nsdr=5.148 | Best=0.1662 | Bname=main[0m
[2024-06-27 16:14:05,550][demucs.solver][INFO] - [1mNew best valid loss 0.1662[0m
[2024-06-27 16:14:14,432][demucs.solver][INFO] - ----------------------------------------------------------------------
[2024-06-27 16:14:14,433][demucs.solver][INFO] - Training...
[2024-06-27 16:14:14,433][demucs.solver][INFO] - Start of epoch 12
[2024-06-27 16:14:14,433][demucs.solver][INFO] - Total batches: 447
[2024-06-27 16:16:34,919][demucs.solver][INFO] - Train | Epoch 12 | 111/447 | 0.80 it/sec | Loss 0.1060 | Reco 0.1060 | Grad 0.1561
[2024-06-27 16:18:54,101][demucs.solver][INFO] - Train | Epoch 12 | 222/447 | 0.80 it/sec | Loss 0.1069 | Reco 0.1069 | Grad 0.1604
[2024-06-27 16:21:12,126][demucs.solver][INFO] - Train | Epoch 12 | 333/447 | 0.80 it/sec | Loss 0.1110 | Reco 0.1110 | Grad 0.1550
[2024-06-27 16:23:28,852][demucs.solver][INFO] - Train | Epoch 12 | 444/447 | 0.80 it/sec | Loss 0.1109 | Reco 0.1109 | Grad 0.1556
[2024-06-27 16:23:31,112][demucs.solver][INFO] - [1mTrain Summary | Epoch 12 | Loss=0.1113 | Reco=0.1113 | Grad=0.1554[0m
[2024-06-27 16:23:31,113][demucs.solver][INFO] - ----------------------------------------------------------------------
[2024-06-27 16:23:31,113][demucs.solver][INFO] - Cross validation...
[2024-06-27 16:23:31,114][demucs.solver][INFO] - Start of epoch 12
[2024-06-27 16:23:31,114][demucs.solver][INFO] - Total batches: 14
[2024-06-27 16:23:37,979][demucs.solver][INFO] - Valid | Epoch 12 | 3/14 | 0.58 it/sec | Loss 0.1678 | Reco 0.1678 | Nsdr 5.972
[2024-06-27 16:23:45,279][demucs.solver][INFO] - Valid | Epoch 12 | 6/14 | 0.49 it/sec | Loss 0.1629 | Reco 0.1629 | Nsdr 5.992
[2024-06-27 16:23:53,006][demucs.solver][INFO] - Valid | Epoch 12 | 9/14 | 0.46 it/sec | Loss 0.1814 | Reco 0.1814 | Nsdr 5.347
[2024-06-27 16:23:59,153][demucs.solver][INFO] - Valid | Epoch 12 | 12/14 | 0.46 it/sec | Loss 0.1704 | Reco 0.1704 | Nsdr 5.096
[2024-06-27 16:24:01,130][demucs.solver][INFO] - [1mValid Summary | Epoch 12 | Loss=0.1643 | Reco=0.1643 | Nsdr=5.218 | Best=0.1643 | Bname=main[0m
[2024-06-27 16:24:01,131][demucs.solver][INFO] - [1mNew best valid loss 0.1643[0m
[2024-06-27 16:24:10,131][demucs.solver][INFO] - ----------------------------------------------------------------------
[2024-06-27 16:24:10,131][demucs.solver][INFO] - Training...
[2024-06-27 16:24:10,131][demucs.solver][INFO] - Start of epoch 13
[2024-06-27 16:24:10,131][demucs.solver][INFO] - Total batches: 447
[2024-06-27 16:26:33,313][demucs.solver][INFO] - Train | Epoch 13 | 111/447 | 0.78 it/sec | Loss 0.1124 | Reco 0.1124 | Grad 0.1207
[2024-06-27 16:28:52,654][demucs.solver][INFO] - Train | Epoch 13 | 222/447 | 0.79 it/sec | Loss 0.1125 | Reco 0.1125 | Grad 0.1428
[2024-06-27 16:31:11,266][demucs.solver][INFO] - Train | Epoch 13 | 333/447 | 0.79 it/sec | Loss 0.1124 | Reco 0.1124 | Grad 0.1419
[2024-06-27 16:33:27,382][demucs.solver][INFO] - Train | Epoch 13 | 444/447 | 0.80 it/sec | Loss 0.1100 | Reco 0.1100 | Grad 0.1443
[2024-06-27 16:33:29,764][demucs.solver][INFO] - [1mTrain Summary | Epoch 13 | Loss=0.1100 | Reco=0.1100 | Grad=0.1440[0m
[2024-06-27 16:33:29,764][demucs.solver][INFO] - ----------------------------------------------------------------------
[2024-06-27 16:33:29,764][demucs.solver][INFO] - Cross validation...
[2024-06-27 16:33:29,765][demucs.solver][INFO] - Start of epoch 13
[2024-06-27 16:33:29,765][demucs.solver][INFO] - Total batches: 14
[2024-06-27 16:33:36,667][demucs.solver][INFO] - Valid | Epoch 13 | 3/14 | 0.58 it/sec | Loss 0.1649 | Reco 0.1649 | Nsdr 6.006
[2024-06-27 16:33:44,122][demucs.solver][INFO] - Valid | Epoch 13 | 6/14 | 0.49 it/sec | Loss 0.1599 | Reco 0.1599 | Nsdr 6.007
[2024-06-27 16:33:51,874][demucs.solver][INFO] - Valid | Epoch 13 | 9/14 | 0.45 it/sec | Loss 0.1785 | Reco 0.1785 | Nsdr 5.367
[2024-06-27 16:33:58,092][demucs.solver][INFO] - Valid | Epoch 13 | 12/14 | 0.46 it/sec | Loss 0.1675 | Reco 0.1675 | Nsdr 5.121
[2024-06-27 16:34:00,131][demucs.solver][INFO] - [1mValid Summary | Epoch 13 | Loss=0.1615 | Reco=0.1615 | Nsdr=5.246 | Best=0.1615 | Bname=main[0m
[2024-06-27 16:34:00,132][demucs.solver][INFO] - [1mNew best valid loss 0.1615[0m
[2024-06-27 16:34:08,896][demucs.solver][INFO] - ----------------------------------------------------------------------
[2024-06-27 16:34:08,897][demucs.solver][INFO] - Training...
[2024-06-27 16:34:08,897][demucs.solver][INFO] - Start of epoch 14
[2024-06-27 16:34:08,897][demucs.solver][INFO] - Total batches: 447
[2024-06-27 16:36:35,471][demucs.solver][INFO] - Train | Epoch 14 | 111/447 | 0.76 it/sec | Loss 0.1090 | Reco 0.1090 | Grad 0.1352
[2024-06-27 16:38:54,010][demucs.solver][INFO] - Train | Epoch 14 | 222/447 | 0.78 it/sec | Loss 0.1084 | Reco 0.1084 | Grad 0.1570
[2024-06-27 16:41:12,180][demucs.solver][INFO] - Train | Epoch 14 | 333/447 | 0.79 it/sec | Loss 0.1095 | Reco 0.1095 | Grad 0.1553
[2024-06-27 16:43:30,322][demucs.solver][INFO] - Train | Epoch 14 | 444/447 | 0.79 it/sec | Loss 0.1118 | Reco 0.1118 | Grad 0.1543
[2024-06-27 16:43:33,047][demucs.solver][INFO] - [1mTrain Summary | Epoch 14 | Loss=0.1116 | Reco=0.1116 | Grad=0.1542[0m
[2024-06-27 16:43:33,048][demucs.solver][INFO] - ----------------------------------------------------------------------
[2024-06-27 16:43:33,048][demucs.solver][INFO] - Cross validation...
[2024-06-27 16:43:33,048][demucs.solver][INFO] - Start of epoch 14
[2024-06-27 16:43:33,049][demucs.solver][INFO] - Total batches: 14
[2024-06-27 16:43:39,892][demucs.solver][INFO] - Valid | Epoch 14 | 3/14 | 0.58 it/sec | Loss 0.1643 | Reco 0.1643 | Nsdr 6.081
[2024-06-27 16:43:47,360][demucs.solver][INFO] - Valid | Epoch 14 | 6/14 | 0.49 it/sec | Loss 0.1597 | Reco 0.1597 | Nsdr 6.083
[2024-06-27 16:43:55,140][demucs.solver][INFO] - Valid | Epoch 14 | 9/14 | 0.45 it/sec | Loss 0.1773 | Reco 0.1773 | Nsdr 5.465
[2024-06-27 16:44:01,313][demucs.solver][INFO] - Valid | Epoch 14 | 12/14 | 0.46 it/sec | Loss 0.1661 | Reco 0.1661 | Nsdr 5.208
[2024-06-27 16:44:03,326][demucs.solver][INFO] - [1mValid Summary | Epoch 14 | Loss=0.1604 | Reco=0.1604 | Nsdr=5.322 | Best=0.1604 | Bname=main[0m
[2024-06-27 16:44:03,326][demucs.solver][INFO] - [1mNew best valid loss 0.1604[0m
[2024-06-27 16:44:11,853][demucs.solver][INFO] - ----------------------------------------------------------------------
[2024-06-27 16:44:11,854][demucs.solver][INFO] - Training...
[2024-06-27 16:44:11,854][demucs.solver][INFO] - Start of epoch 15
[2024-06-27 16:44:11,854][demucs.solver][INFO] - Total batches: 447
[2024-06-27 16:46:39,309][demucs.solver][INFO] - Train | Epoch 15 | 111/447 | 0.76 it/sec | Loss 0.1086 | Reco 0.1086 | Grad 0.1470
[2024-06-27 16:48:58,211][demucs.solver][INFO] - Train | Epoch 15 | 222/447 | 0.78 it/sec | Loss 0.1103 | Reco 0.1103 | Grad 0.1454
[2024-06-27 16:51:18,121][demucs.solver][INFO] - Train | Epoch 15 | 333/447 | 0.78 it/sec | Loss 0.1095 | Reco 0.1095 | Grad 0.1547
[2024-06-27 16:53:36,751][demucs.solver][INFO] - Train | Epoch 15 | 444/447 | 0.79 it/sec | Loss 0.1097 | Reco 0.1097 | Grad 0.1523
[2024-06-27 16:53:39,163][demucs.solver][INFO] - [1mTrain Summary | Epoch 15 | Loss=0.1097 | Reco=0.1097 | Grad=0.1523[0m
[2024-06-27 16:53:39,164][demucs.solver][INFO] - ----------------------------------------------------------------------
[2024-06-27 16:53:39,164][demucs.solver][INFO] - Cross validation...
[2024-06-27 16:53:39,164][demucs.solver][INFO] - Start of epoch 15
[2024-06-27 16:53:39,165][demucs.solver][INFO] - Total batches: 14
[2024-06-27 16:53:46,043][demucs.solver][INFO] - Valid | Epoch 15 | 3/14 | 0.58 it/sec | Loss 0.1667 | Reco 0.1667 | Nsdr 5.818
[2024-06-27 16:53:53,511][demucs.solver][INFO] - Valid | Epoch 15 | 6/14 | 0.49 it/sec | Loss 0.1615 | Reco 0.1615 | Nsdr 5.879
[2024-06-27 16:54:01,332][demucs.solver][INFO] - Valid | Epoch 15 | 9/14 | 0.45 it/sec | Loss 0.1789 | Reco 0.1789 | Nsdr 5.304
[2024-06-27 16:54:07,652][demucs.solver][INFO] - Valid | Epoch 15 | 12/14 | 0.46 it/sec | Loss 0.1687 | Reco 0.1687 | Nsdr 5.057
[2024-06-27 16:54:09,757][demucs.solver][INFO] - [1mValid Summary | Epoch 15 | Loss=0.1628 | Reco=0.1628 | Nsdr=5.187 | Best=0.1604 | Bname=main[0m
[2024-06-27 16:54:16,570][demucs.solver][INFO] - ----------------------------------------------------------------------
[2024-06-27 16:54:16,572][demucs.solver][INFO] - Training...
[2024-06-27 16:54:16,572][demucs.solver][INFO] - Start of epoch 16
[2024-06-27 16:54:16,572][demucs.solver][INFO] - Total batches: 447
[2024-06-27 16:56:47,185][demucs.solver][INFO] - Train | Epoch 16 | 111/447 | 0.74 it/sec | Loss 0.1112 | Reco 0.1112 | Grad 0.1480
[2024-06-27 16:59:05,358][demucs.solver][INFO] - Train | Epoch 16 | 222/447 | 0.77 it/sec | Loss 0.1072 | Reco 0.1072 | Grad 0.1534
[2024-06-27 17:01:23,348][demucs.solver][INFO] - Train | Epoch 16 | 333/447 | 0.78 it/sec | Loss 0.1072 | Reco 0.1072 | Grad 0.1539
[2024-06-27 17:03:42,273][demucs.solver][INFO] - Train | Epoch 16 | 444/447 | 0.79 it/sec | Loss 0.1086 | Reco 0.1086 | Grad 0.1543
[2024-06-27 17:03:44,860][demucs.solver][INFO] - [1mTrain Summary | Epoch 16 | Loss=0.1089 | Reco=0.1089 | Grad=0.1545[0m
[2024-06-27 17:03:44,860][demucs.solver][INFO] - ----------------------------------------------------------------------
[2024-06-27 17:03:44,861][demucs.solver][INFO] - Cross validation...
[2024-06-27 17:03:44,862][demucs.solver][INFO] - Start of epoch 16
[2024-06-27 17:03:44,862][demucs.solver][INFO] - Total batches: 14
[2024-06-27 17:03:51,807][demucs.solver][INFO] - Valid | Epoch 16 | 3/14 | 0.58 it/sec | Loss 0.1684 | Reco 0.1684 | Nsdr 5.892
[2024-06-27 17:03:59,349][demucs.solver][INFO] - Valid | Epoch 16 | 6/14 | 0.48 it/sec | Loss 0.1627 | Reco 0.1627 | Nsdr 5.946
[2024-06-27 17:04:07,042][demucs.solver][INFO] - Valid | Epoch 16 | 9/14 | 0.45 it/sec | Loss 0.1790 | Reco 0.1790 | Nsdr 5.386
[2024-06-27 17:04:13,258][demucs.solver][INFO] - Valid | Epoch 16 | 12/14 | 0.46 it/sec | Loss 0.1676 | Reco 0.1676 | Nsdr 5.148
[2024-06-27 17:04:15,247][demucs.solver][INFO] - [1mValid Summary | Epoch 16 | Loss=0.1620 | Reco=0.1620 | Nsdr=5.254 | Best=0.1604 | Bname=main[0m
[2024-06-27 17:04:22,233][demucs.solver][INFO] - ----------------------------------------------------------------------
[2024-06-27 17:04:22,234][demucs.solver][INFO] - Training...
[2024-06-27 17:04:22,235][demucs.solver][INFO] - Start of epoch 17
[2024-06-27 17:04:22,235][demucs.solver][INFO] - Total batches: 447
[2024-06-27 17:06:49,315][demucs.solver][INFO] - Train | Epoch 17 | 111/447 | 0.76 it/sec | Loss 0.1053 | Reco 0.1053 | Grad 0.1675
[2024-06-27 17:09:06,825][demucs.solver][INFO] - Train | Epoch 17 | 222/447 | 0.78 it/sec | Loss 0.1041 | Reco 0.1041 | Grad 0.1546
[2024-06-27 17:11:22,463][demucs.solver][INFO] - Train | Epoch 17 | 333/447 | 0.79 it/sec | Loss 0.1033 | Reco 0.1033 | Grad 0.1459
[2024-06-27 17:13:38,832][demucs.solver][INFO] - Train | Epoch 17 | 444/447 | 0.80 it/sec | Loss 0.1052 | Reco 0.1052 | Grad 0.1448
[2024-06-27 17:13:41,366][demucs.solver][INFO] - [1mTrain Summary | Epoch 17 | Loss=0.1054 | Reco=0.1054 | Grad=0.1446[0m
[2024-06-27 17:13:41,367][demucs.solver][INFO] - ----------------------------------------------------------------------
[2024-06-27 17:13:41,367][demucs.solver][INFO] - Cross validation...
[2024-06-27 17:13:41,367][demucs.solver][INFO] - Start of epoch 17
[2024-06-27 17:13:41,368][demucs.solver][INFO] - Total batches: 14
[2024-06-27 17:13:48,212][demucs.solver][INFO] - Valid | Epoch 17 | 3/14 | 0.58 it/sec | Loss 0.1718 | Reco 0.1718 | Nsdr 5.869
[2024-06-27 17:13:55,730][demucs.solver][INFO] - Valid | Epoch 17 | 6/14 | 0.49 it/sec | Loss 0.1641 | Reco 0.1641 | Nsdr 5.965
[2024-06-27 17:14:03,382][demucs.solver][INFO] - Valid | Epoch 17 | 9/14 | 0.45 it/sec | Loss 0.1863 | Reco 0.1863 | Nsdr 5.153
[2024-06-27 17:14:09,508][demucs.solver][INFO] - Valid | Epoch 17 | 12/14 | 0.46 it/sec | Loss 0.1770 | Reco 0.1770 | Nsdr 4.813
[2024-06-27 17:14:11,548][demucs.solver][INFO] - [1mValid Summary | Epoch 17 | Loss=0.1706 | Reco=0.1706 | Nsdr=4.953 | Best=0.1604 | Bname=main[0m
[2024-06-27 17:14:18,624][demucs.solver][INFO] - ----------------------------------------------------------------------
[2024-06-27 17:14:18,626][demucs.solver][INFO] - Training...
[2024-06-27 17:14:18,626][demucs.solver][INFO] - Start of epoch 18
[2024-06-27 17:14:18,627][demucs.solver][INFO] - Total batches: 447
[2024-06-27 17:16:45,866][demucs.solver][INFO] - Train | Epoch 18 | 111/447 | 0.76 it/sec | Loss 0.1069 | Reco 0.1069 | Grad 0.1306
[2024-06-27 17:19:04,907][demucs.solver][INFO] - Train | Epoch 18 | 222/447 | 0.78 it/sec | Loss 0.1047 | Reco 0.1047 | Grad 0.1426
[2024-06-27 17:21:24,205][demucs.solver][INFO] - Train | Epoch 18 | 333/447 | 0.78 it/sec | Loss 0.1054 | Reco 0.1054 | Grad 0.1501
[2024-06-27 17:23:41,356][demucs.solver][INFO] - Train | Epoch 18 | 444/447 | 0.79 it/sec | Loss 0.1061 | Reco 0.1061 | Grad 0.1513
[2024-06-27 17:23:43,723][demucs.solver][INFO] - [1mTrain Summary | Epoch 18 | Loss=0.1060 | Reco=0.1060 | Grad=0.1516[0m
[2024-06-27 17:23:43,723][demucs.solver][INFO] - ----------------------------------------------------------------------
[2024-06-27 17:23:43,724][demucs.solver][INFO] - Cross validation...
[2024-06-27 17:23:43,724][demucs.solver][INFO] - Start of epoch 18
[2024-06-27 17:23:43,724][demucs.solver][INFO] - Total batches: 14
[2024-06-27 17:23:50,697][demucs.solver][INFO] - Valid | Epoch 18 | 3/14 | 0.57 it/sec | Loss 0.1677 | Reco 0.1677 | Nsdr 6.083
[2024-06-27 17:23:58,090][demucs.solver][INFO] - Valid | Epoch 18 | 6/14 | 0.49 it/sec | Loss 0.1619 | Reco 0.1619 | Nsdr 6.076
[2024-06-27 17:24:05,912][demucs.solver][INFO] - Valid | Epoch 18 | 9/14 | 0.45 it/sec | Loss 0.1761 | Reco 0.1761 | Nsdr 5.540
[2024-06-27 17:24:12,051][demucs.solver][INFO] - Valid | Epoch 18 | 12/14 | 0.46 it/sec | Loss 0.1669 | Reco 0.1669 | Nsdr 5.259
[2024-06-27 17:24:14,049][demucs.solver][INFO] - [1mValid Summary | Epoch 18 | Loss=0.1609 | Reco=0.1609 | Nsdr=5.378 | Best=0.1604 | Bname=main[0m
[2024-06-27 17:24:21,151][demucs.solver][INFO] - ----------------------------------------------------------------------
[2024-06-27 17:24:21,152][demucs.solver][INFO] - Training...
[2024-06-27 17:24:21,152][demucs.solver][INFO] - Start of epoch 19
[2024-06-27 17:24:21,152][demucs.solver][INFO] - Total batches: 447
[2024-06-27 17:26:49,725][demucs.solver][INFO] - Train | Epoch 19 | 111/447 | 0.75 it/sec | Loss 0.0966 | Reco 0.0966 | Grad 0.1473
[2024-06-27 17:29:07,823][demucs.solver][INFO] - Train | Epoch 19 | 222/447 | 0.78 it/sec | Loss 0.0987 | Reco 0.0987 | Grad 0.1397
[2024-06-27 17:31:25,574][demucs.solver][INFO] - Train | Epoch 19 | 333/447 | 0.79 it/sec | Loss 0.1000 | Reco 0.1000 | Grad 0.1390
[2024-06-27 17:33:43,538][demucs.solver][INFO] - Train | Epoch 19 | 444/447 | 0.79 it/sec | Loss 0.1011 | Reco 0.1011 | Grad 0.1404
[2024-06-27 17:33:45,997][demucs.solver][INFO] - [1mTrain Summary | Epoch 19 | Loss=0.1010 | Reco=0.1010 | Grad=0.1409[0m
[2024-06-27 17:33:45,997][demucs.solver][INFO] - ----------------------------------------------------------------------
[2024-06-27 17:33:45,997][demucs.solver][INFO] - Cross validation...
[2024-06-27 17:33:45,998][demucs.solver][INFO] - Start of epoch 19
[2024-06-27 17:33:45,998][demucs.solver][INFO] - Total batches: 14
[2024-06-27 17:33:52,880][demucs.solver][INFO] - Valid | Epoch 19 | 3/14 | 0.58 it/sec | Loss 0.1579 | Reco 0.1579 | Nsdr 6.419
[2024-06-27 17:34:00,366][demucs.solver][INFO] - Valid | Epoch 19 | 6/14 | 0.49 it/sec | Loss 0.1562 | Reco 0.1562 | Nsdr 6.220
[2024-06-27 17:34:08,199][demucs.solver][INFO] - Valid | Epoch 19 | 9/14 | 0.45 it/sec | Loss 0.1716 | Reco 0.1716 | Nsdr 5.641
[2024-06-27 17:34:14,406][demucs.solver][INFO] - Valid | Epoch 19 | 12/14 | 0.46 it/sec | Loss 0.1619 | Reco 0.1619 | Nsdr 5.342
[2024-06-27 17:34:16,527][demucs.solver][INFO] - [1mValid Summary | Epoch 19 | Loss=0.1559 | Reco=0.1559 | Nsdr=5.488 | Best=0.1559 | Bname=main[0m
[2024-06-27 17:34:16,527][demucs.solver][INFO] - [1mNew best valid loss 0.1559[0m
[2024-06-27 17:34:25,399][demucs.solver][INFO] - ----------------------------------------------------------------------
[2024-06-27 17:34:25,400][demucs.solver][INFO] - Training...
[2024-06-27 17:34:25,400][demucs.solver][INFO] - Start of epoch 20
[2024-06-27 17:34:25,400][demucs.solver][INFO] - Total batches: 447
[2024-06-27 17:36:58,087][demucs.solver][INFO] - Train | Epoch 20 | 111/447 | 0.73 it/sec | Loss 0.1076 | Reco 0.1076 | Grad 0.1717
[2024-06-27 17:39:15,481][demucs.solver][INFO] - Train | Epoch 20 | 222/447 | 0.77 it/sec | Loss 0.1076 | Reco 0.1076 | Grad 0.1539
[2024-06-27 17:41:35,665][demucs.solver][INFO] - Train | Epoch 20 | 333/447 | 0.78 it/sec | Loss 0.1052 | Reco 0.1052 | Grad 0.1535
[2024-06-27 17:43:55,734][demucs.solver][INFO] - Train | Epoch 20 | 444/447 | 0.78 it/sec | Loss 0.1027 | Reco 0.1027 | Grad 0.1442
[2024-06-27 17:43:57,863][demucs.solver][INFO] - [1mTrain Summary | Epoch 20 | Loss=0.1026 | Reco=0.1026 | Grad=0.1439[0m
[2024-06-27 17:43:57,863][demucs.solver][INFO] - ----------------------------------------------------------------------
[2024-06-27 17:43:57,863][demucs.solver][INFO] - Cross validation...
[2024-06-27 17:43:57,864][demucs.solver][INFO] - Start of epoch 20
[2024-06-27 17:43:57,864][demucs.solver][INFO] - Total batches: 14
[2024-06-27 17:44:04,874][demucs.solver][INFO] - Valid | Epoch 20 | 3/14 | 0.57 it/sec | Loss 0.1607 | Reco 0.1607 | Nsdr 6.371
[2024-06-27 17:44:12,405][demucs.solver][INFO] - Valid | Epoch 20 | 6/14 | 0.48 it/sec | Loss 0.1566 | Reco 0.1566 | Nsdr 6.303
[2024-06-27 17:44:20,234][demucs.solver][INFO] - Valid | Epoch 20 | 9/14 | 0.45 it/sec | Loss 0.1711 | Reco 0.1711 | Nsdr 5.731
[2024-06-27 17:44:26,428][demucs.solver][INFO] - Valid | Epoch 20 | 12/14 | 0.46 it/sec | Loss 0.1617 | Reco 0.1617 | Nsdr 5.432
[2024-06-27 17:44:28,483][demucs.solver][INFO] - [1mValid Summary | Epoch 20 | Loss=0.1560 | Reco=0.1560 | Nsdr=5.555 | Best=0.1559 | Bname=main[0m
[2024-06-27 17:44:28,484][demucs.solver][INFO] - ----------------------------------------------------------------------
[2024-06-27 17:44:28,484][demucs.solver][INFO] - Evaluating on the test set...
[2024-06-27 17:50:29,447][demucs.evaluate][INFO] - Eval | 12/50 | 27.6 sec/it
[2024-06-27 17:56:36,605][demucs.evaluate][INFO] - Eval | 24/50 | 29.0 sec/it
[2024-06-27 18:02:19,379][demucs.evaluate][INFO] - Eval | 36/50 | 28.9 sec/it
[2024-06-27 18:08:22,730][demucs.evaluate][INFO] - Eval | 48/50 | 29.2 sec/it
[2024-06-27 18:08:49,183][demucs.solver][INFO] - [1mTest Summary | Epoch 20 | Nsdr=1.253 | Nsdr_drums=6.023 | Nsdr_bass=-0.278 | Nsdr_other=-0.249 | Nsdr_vocals=-0.482[0m
[2024-06-27 18:08:56,170][demucs.solver][INFO] - ----------------------------------------------------------------------
[2024-06-27 18:08:56,170][demucs.solver][INFO] - Training...
[2024-06-27 18:08:56,170][demucs.solver][INFO] - Start of epoch 21
[2024-06-27 18:08:56,171][demucs.solver][INFO] - Total batches: 447
[2024-06-27 18:11:30,286][demucs.solver][INFO] - Train | Epoch 21 | 111/447 | 0.73 it/sec | Loss 0.0992 | Reco 0.0992 | Grad 0.1264
[2024-06-27 18:13:44,703][demucs.solver][INFO] - Train | Epoch 21 | 222/447 | 0.77 it/sec | Loss 0.0983 | Reco 0.0983 | Grad 0.1360
[2024-06-27 18:16:05,600][demucs.solver][INFO] - Train | Epoch 21 | 333/447 | 0.78 it/sec | Loss 0.0993 | Reco 0.0993 | Grad 0.1377
[2024-06-27 18:18:23,787][demucs.solver][INFO] - Train | Epoch 21 | 444/447 | 0.78 it/sec | Loss 0.1000 | Reco 0.1000 | Grad 0.1377
[2024-06-27 18:18:26,428][demucs.solver][INFO] - [1mTrain Summary | Epoch 21 | Loss=0.1001 | Reco=0.1001 | Grad=0.1378[0m
[2024-06-27 18:18:26,428][demucs.solver][INFO] - ----------------------------------------------------------------------
[2024-06-27 18:18:26,428][demucs.solver][INFO] - Cross validation...
[2024-06-27 18:18:26,429][demucs.solver][INFO] - Start of epoch 21
[2024-06-27 18:18:26,429][demucs.solver][INFO] - Total batches: 14
[2024-06-27 18:18:33,187][demucs.solver][INFO] - Valid | Epoch 21 | 3/14 | 0.59 it/sec | Loss 0.1646 | Reco 0.1646 | Nsdr 6.091
[2024-06-27 18:18:40,532][demucs.solver][INFO] - Valid | Epoch 21 | 6/14 | 0.50 it/sec | Loss 0.1607 | Reco 0.1607 | Nsdr 6.004
[2024-06-27 18:18:48,230][demucs.solver][INFO] - Valid | Epoch 21 | 9/14 | 0.46 it/sec | Loss 0.1743 | Reco 0.1743 | Nsdr 5.521
[2024-06-27 18:18:54,445][demucs.solver][INFO] - Valid | Epoch 21 | 12/14 | 0.46 it/sec | Loss 0.1639 | Reco 0.1639 | Nsdr 5.206
[2024-06-27 18:18:56,442][demucs.solver][INFO] - [1mValid Summary | Epoch 21 | Loss=0.1578 | Reco=0.1578 | Nsdr=5.329 | Best=0.1559 | Bname=main[0m
[2024-06-27 18:19:03,810][demucs.solver][INFO] - ----------------------------------------------------------------------
[2024-06-27 18:19:03,812][demucs.solver][INFO] - Training...
[2024-06-27 18:19:03,812][demucs.solver][INFO] - Start of epoch 22
[2024-06-27 18:19:03,813][demucs.solver][INFO] - Total batches: 447
[2024-06-27 18:21:33,163][demucs.solver][INFO] - Train | Epoch 22 | 111/447 | 0.75 it/sec | Loss 0.0945 | Reco 0.0945 | Grad 0.1377
[2024-06-27 18:23:52,716][demucs.solver][INFO] - Train | Epoch 22 | 222/447 | 0.77 it/sec | Loss 0.0972 | Reco 0.0972 | Grad 0.1484
[2024-06-27 18:26:10,913][demucs.solver][INFO] - Train | Epoch 22 | 333/447 | 0.78 it/sec | Loss 0.0970 | Reco 0.0970 | Grad 0.1448
[2024-06-27 18:28:29,152][demucs.solver][INFO] - Train | Epoch 22 | 444/447 | 0.79 it/sec | Loss 0.0989 | Reco 0.0989 | Grad 0.1463
[2024-06-27 18:28:31,926][demucs.solver][INFO] - [1mTrain Summary | Epoch 22 | Loss=0.0989 | Reco=0.0989 | Grad=0.1463[0m
[2024-06-27 18:28:31,926][demucs.solver][INFO] - ----------------------------------------------------------------------
[2024-06-27 18:28:31,926][demucs.solver][INFO] - Cross validation...
[2024-06-27 18:28:31,927][demucs.solver][INFO] - Start of epoch 22
[2024-06-27 18:28:31,927][demucs.solver][INFO] - Total batches: 14
[2024-06-27 18:28:38,817][demucs.solver][INFO] - Valid | Epoch 22 | 3/14 | 0.58 it/sec | Loss 0.1895 | Reco 0.1895 | Nsdr 5.405
[2024-06-27 18:28:46,368][demucs.solver][INFO] - Valid | Epoch 22 | 6/14 | 0.48 it/sec | Loss 0.1751 | Reco 0.1751 | Nsdr 5.694
[2024-06-27 18:28:54,206][demucs.solver][INFO] - Valid | Epoch 22 | 9/14 | 0.45 it/sec | Loss 0.1948 | Reco 0.1948 | Nsdr 4.971
[2024-06-27 18:29:00,469][demucs.solver][INFO] - Valid | Epoch 22 | 12/14 | 0.46 it/sec | Loss 0.1861 | Reco 0.1861 | Nsdr 4.591
[2024-06-27 18:29:02,475][demucs.solver][INFO] - [1mValid Summary | Epoch 22 | Loss=0.1788 | Reco=0.1788 | Nsdr=4.742 | Best=0.1559 | Bname=main[0m
[2024-06-27 18:29:09,415][demucs.solver][INFO] - ----------------------------------------------------------------------
[2024-06-27 18:29:09,416][demucs.solver][INFO] - Training...
[2024-06-27 18:29:09,416][demucs.solver][INFO] - Start of epoch 23
[2024-06-27 18:29:09,417][demucs.solver][INFO] - Total batches: 447
[2024-06-27 18:31:35,503][demucs.solver][INFO] - Train | Epoch 23 | 111/447 | 0.77 it/sec | Loss 0.1049 | Reco 0.1049 | Grad 0.1674
[2024-06-27 18:33:52,216][demucs.solver][INFO] - Train | Epoch 23 | 222/447 | 0.79 it/sec | Loss 0.1032 | Reco 0.1032 | Grad 0.1536
[2024-06-27 18:36:11,116][demucs.solver][INFO] - Train | Epoch 23 | 333/447 | 0.79 it/sec | Loss 0.1013 | Reco 0.1013 | Grad 0.1575
[2024-06-27 18:38:28,948][demucs.solver][INFO] - Train | Epoch 23 | 444/447 | 0.80 it/sec | Loss 0.1015 | Reco 0.1015 | Grad 0.1550
[2024-06-27 18:38:31,291][demucs.solver][INFO] - [1mTrain Summary | Epoch 23 | Loss=0.1015 | Reco=0.1015 | Grad=0.1547[0m
[2024-06-27 18:38:31,291][demucs.solver][INFO] - ----------------------------------------------------------------------
[2024-06-27 18:38:31,291][demucs.solver][INFO] - Cross validation...
[2024-06-27 18:38:31,292][demucs.solver][INFO] - Start of epoch 23
[2024-06-27 18:38:31,292][demucs.solver][INFO] - Total batches: 14
[2024-06-27 18:38:38,229][demucs.solver][INFO] - Valid | Epoch 23 | 3/14 | 0.58 it/sec | Loss 0.1626 | Reco 0.1626 | Nsdr 6.184
[2024-06-27 18:38:45,656][demucs.solver][INFO] - Valid | Epoch 23 | 6/14 | 0.49 it/sec | Loss 0.1595 | Reco 0.1595 | Nsdr 6.065
[2024-06-27 18:38:53,415][demucs.solver][INFO] - Valid | Epoch 23 | 9/14 | 0.45 it/sec | Loss 0.1757 | Reco 0.1757 | Nsdr 5.469
[2024-06-27 18:38:59,562][demucs.solver][INFO] - Valid | Epoch 23 | 12/14 | 0.46 it/sec | Loss 0.1651 | Reco 0.1651 | Nsdr 5.139
[2024-06-27 18:39:01,566][demucs.solver][INFO] - [1mValid Summary | Epoch 23 | Loss=0.1591 | Reco=0.1591 | Nsdr=5.264 | Best=0.1559 | Bname=main[0m
[2024-06-27 18:39:08,723][demucs.solver][INFO] - ----------------------------------------------------------------------
[2024-06-27 18:39:08,723][demucs.solver][INFO] - Training...
[2024-06-27 18:39:08,723][demucs.solver][INFO] - Start of epoch 24
[2024-06-27 18:39:08,724][demucs.solver][INFO] - Total batches: 447
[2024-06-27 18:41:38,004][demucs.solver][INFO] - Train | Epoch 24 | 111/447 | 0.75 it/sec | Loss 0.1023 | Reco 0.1023 | Grad 0.1414
[2024-06-27 18:43:55,627][demucs.solver][INFO] - Train | Epoch 24 | 222/447 | 0.78 it/sec | Loss 0.1045 | Reco 0.1045 | Grad 0.1550
[2024-06-27 18:46:11,622][demucs.solver][INFO] - Train | Epoch 24 | 333/447 | 0.79 it/sec | Loss 0.1022 | Reco 0.1022 | Grad 0.1491
[2024-06-27 18:48:30,609][demucs.solver][INFO] - Train | Epoch 24 | 444/447 | 0.79 it/sec | Loss 0.1023 | Reco 0.1023 | Grad 0.1453
[2024-06-27 18:48:32,999][demucs.solver][INFO] - [1mTrain Summary | Epoch 24 | Loss=0.1022 | Reco=0.1022 | Grad=0.1454[0m
[2024-06-27 18:48:32,999][demucs.solver][INFO] - ----------------------------------------------------------------------
[2024-06-27 18:48:32,999][demucs.solver][INFO] - Cross validation...
[2024-06-27 18:48:33,000][demucs.solver][INFO] - Start of epoch 24
[2024-06-27 18:48:33,000][demucs.solver][INFO] - Total batches: 14
[2024-06-27 18:48:39,999][demucs.solver][INFO] - Valid | Epoch 24 | 3/14 | 0.57 it/sec | Loss 0.1620 | Reco 0.1620 | Nsdr 6.280
[2024-06-27 18:48:47,569][demucs.solver][INFO] - Valid | Epoch 24 | 6/14 | 0.48 it/sec | Loss 0.1570 | Reco 0.1570 | Nsdr 6.244
[2024-06-27 18:48:55,334][demucs.solver][INFO] - Valid | Epoch 24 | 9/14 | 0.45 it/sec | Loss 0.1704 | Reco 0.1704 | Nsdr 5.717
[2024-06-27 18:49:01,492][demucs.solver][INFO] - Valid | Epoch 24 | 12/14 | 0.46 it/sec | Loss 0.1608 | Reco 0.1608 | Nsdr 5.411
[2024-06-27 18:49:03,464][demucs.solver][INFO] - [1mValid Summary | Epoch 24 | Loss=0.1550 | Reco=0.1550 | Nsdr=5.543 | Best=0.1550 | Bname=main[0m
[2024-06-27 18:49:03,465][demucs.solver][INFO] - [1mNew best valid loss 0.1550[0m
[2024-06-27 18:49:12,501][demucs.solver][INFO] - ----------------------------------------------------------------------
[2024-06-27 18:49:12,502][demucs.solver][INFO] - Training...
[2024-06-27 18:49:12,502][demucs.solver][INFO] - Start of epoch 25
[2024-06-27 18:49:12,502][demucs.solver][INFO] - Total batches: 447
[2024-06-27 18:51:38,408][demucs.solver][INFO] - Train | Epoch 25 | 111/447 | 0.77 it/sec | Loss 0.0939 | Reco 0.0939 | Grad 0.1143
[2024-06-27 18:53:56,518][demucs.solver][INFO] - Train | Epoch 25 | 222/447 | 0.79 it/sec | Loss 0.0973 | Reco 0.0973 | Grad 0.1232
[2024-06-27 18:56:15,598][demucs.solver][INFO] - Train | Epoch 25 | 333/447 | 0.79 it/sec | Loss 0.0972 | Reco 0.0972 | Grad 0.1218
[2024-06-27 18:58:37,546][demucs.solver][INFO] - Train | Epoch 25 | 444/447 | 0.79 it/sec | Loss 0.0980 | Reco 0.0980 | Grad 0.1349
[2024-06-27 18:58:40,052][demucs.solver][INFO] - [1mTrain Summary | Epoch 25 | Loss=0.0980 | Reco=0.0980 | Grad=0.1350[0m
[2024-06-27 18:58:40,052][demucs.solver][INFO] - ----------------------------------------------------------------------
[2024-06-27 18:58:40,052][demucs.solver][INFO] - Cross validation...
[2024-06-27 18:58:40,053][demucs.solver][INFO] - Start of epoch 25
[2024-06-27 18:58:40,053][demucs.solver][INFO] - Total batches: 14
[2024-06-27 18:58:46,929][demucs.solver][INFO] - Valid | Epoch 25 | 3/14 | 0.58 it/sec | Loss 0.1582 | Reco 0.1582 | Nsdr 6.444
[2024-06-27 18:58:54,356][demucs.solver][INFO] - Valid | Epoch 25 | 6/14 | 0.49 it/sec | Loss 0.1559 | Reco 0.1559 | Nsdr 6.311
[2024-06-27 18:59:02,345][demucs.solver][INFO] - Valid | Epoch 25 | 9/14 | 0.45 it/sec | Loss 0.1704 | Reco 0.1704 | Nsdr 5.748
[2024-06-27 18:59:08,593][demucs.solver][INFO] - Valid | Epoch 25 | 12/14 | 0.46 it/sec | Loss 0.1607 | Reco 0.1607 | Nsdr 5.425
[2024-06-27 18:59:10,612][demucs.solver][INFO] - [1mValid Summary | Epoch 25 | Loss=0.1553 | Reco=0.1553 | Nsdr=5.539 | Best=0.1550 | Bname=main[0m
[2024-06-27 18:59:17,583][demucs.solver][INFO] - ----------------------------------------------------------------------
[2024-06-27 18:59:17,585][demucs.solver][INFO] - Training...
[2024-06-27 18:59:17,586][demucs.solver][INFO] - Start of epoch 26
[2024-06-27 18:59:17,586][demucs.solver][INFO] - Total batches: 447
[2024-06-27 19:01:49,187][demucs.solver][INFO] - Train | Epoch 26 | 111/447 | 0.74 it/sec | Loss 0.0987 | Reco 0.0987 | Grad 0.1470
[2024-06-27 19:04:07,894][demucs.solver][INFO] - Train | Epoch 26 | 222/447 | 0.77 it/sec | Loss 0.0980 | Reco 0.0980 | Grad 0.1392
[2024-06-27 19:06:24,798][demucs.solver][INFO] - Train | Epoch 26 | 333/447 | 0.78 it/sec | Loss 0.0980 | Reco 0.0980 | Grad 0.1432
[2024-06-27 19:08:39,974][demucs.solver][INFO] - Train | Epoch 26 | 444/447 | 0.79 it/sec | Loss 0.0970 | Reco 0.0970 | Grad 0.1453
[2024-06-27 19:08:42,501][demucs.solver][INFO] - [1mTrain Summary | Epoch 26 | Loss=0.0970 | Reco=0.0970 | Grad=0.1453[0m
[2024-06-27 19:08:42,501][demucs.solver][INFO] - ----------------------------------------------------------------------
[2024-06-27 19:08:42,501][demucs.solver][INFO] - Cross validation...
[2024-06-27 19:08:42,502][demucs.solver][INFO] - Start of epoch 26
[2024-06-27 19:08:42,502][demucs.solver][INFO] - Total batches: 14
[2024-06-27 19:08:49,579][demucs.solver][INFO] - Valid | Epoch 26 | 3/14 | 0.57 it/sec | Loss 0.1642 | Reco 0.1642 | Nsdr 6.300
[2024-06-27 19:08:57,100][demucs.solver][INFO] - Valid | Epoch 26 | 6/14 | 0.48 it/sec | Loss 0.1589 | Reco 0.1589 | Nsdr 6.256
[2024-06-27 19:09:04,913][demucs.solver][INFO] - Valid | Epoch 26 | 9/14 | 0.45 it/sec | Loss 0.1721 | Reco 0.1721 | Nsdr 5.727
[2024-06-27 19:09:11,106][demucs.solver][INFO] - Valid | Epoch 26 | 12/14 | 0.45 it/sec | Loss 0.1640 | Reco 0.1640 | Nsdr 5.357
[2024-06-27 19:09:13,139][demucs.solver][INFO] - [1mValid Summary | Epoch 26 | Loss=0.1580 | Reco=0.1580 | Nsdr=5.487 | Best=0.1550 | Bname=main[0m
[2024-06-27 19:09:20,202][demucs.solver][INFO] - ----------------------------------------------------------------------
[2024-06-27 19:09:20,203][demucs.solver][INFO] - Training...
[2024-06-27 19:09:20,203][demucs.solver][INFO] - Start of epoch 27
[2024-06-27 19:09:20,204][demucs.solver][INFO] - Total batches: 447
[2024-06-27 19:11:44,705][demucs.solver][INFO] - Train | Epoch 27 | 111/447 | 0.78 it/sec | Loss 0.0941 | Reco 0.0941 | Grad 0.1373
[2024-06-27 19:13:59,367][demucs.solver][INFO] - Train | Epoch 27 | 222/447 | 0.80 it/sec | Loss 0.0959 | Reco 0.0959 | Grad 0.1380
[2024-06-27 19:16:15,730][demucs.solver][INFO] - Train | Epoch 27 | 333/447 | 0.80 it/sec | Loss 0.0951 | Reco 0.0951 | Grad 0.1409
[2024-06-27 19:18:34,473][demucs.solver][INFO] - Train | Epoch 27 | 444/447 | 0.80 it/sec | Loss 0.0947 | Reco 0.0947 | Grad 0.1394
[2024-06-27 19:18:37,029][demucs.solver][INFO] - [1mTrain Summary | Epoch 27 | Loss=0.0946 | Reco=0.0946 | Grad=0.1393[0m
[2024-06-27 19:18:37,030][demucs.solver][INFO] - ----------------------------------------------------------------------
[2024-06-27 19:18:37,030][demucs.solver][INFO] - Cross validation...
[2024-06-27 19:18:37,030][demucs.solver][INFO] - Start of epoch 27
[2024-06-27 19:18:37,031][demucs.solver][INFO] - Total batches: 14
[2024-06-27 19:18:43,918][demucs.solver][INFO] - Valid | Epoch 27 | 3/14 | 0.58 it/sec | Loss 0.1612 | Reco 0.1612 | Nsdr 6.433
[2024-06-27 19:18:51,407][demucs.solver][INFO] - Valid | Epoch 27 | 6/14 | 0.49 it/sec | Loss 0.1567 | Reco 0.1567 | Nsdr 6.346
[2024-06-27 19:18:59,261][demucs.solver][INFO] - Valid | Epoch 27 | 9/14 | 0.45 it/sec | Loss 0.1688 | Reco 0.1688 | Nsdr 5.851
[2024-06-27 19:19:05,512][demucs.solver][INFO] - Valid | Epoch 27 | 12/14 | 0.46 it/sec | Loss 0.1604 | Reco 0.1604 | Nsdr 5.472
[2024-06-27 19:19:07,513][demucs.solver][INFO] - [1mValid Summary | Epoch 27 | Loss=0.1547 | Reco=0.1547 | Nsdr=5.590 | Best=0.1547 | Bname=main[0m
[2024-06-27 19:19:07,514][demucs.solver][INFO] - [1mNew best valid loss 0.1547[0m
[2024-06-27 19:19:16,646][demucs.solver][INFO] - ----------------------------------------------------------------------
[2024-06-27 19:19:16,646][demucs.solver][INFO] - Training...
[2024-06-27 19:19:16,646][demucs.solver][INFO] - Start of epoch 28
[2024-06-27 19:19:16,647][demucs.solver][INFO] - Total batches: 447
[2024-06-27 19:21:46,558][demucs.solver][INFO] - Train | Epoch 28 | 111/447 | 0.75 it/sec | Loss 0.0959 | Reco 0.0959 | Grad 0.1468
[2024-06-27 19:24:08,884][demucs.solver][INFO] - Train | Epoch 28 | 222/447 | 0.76 it/sec | Loss 0.0956 | Reco 0.0956 | Grad 0.1469
[2024-06-27 19:26:24,438][demucs.solver][INFO] - Train | Epoch 28 | 333/447 | 0.78 it/sec | Loss 0.0956 | Reco 0.0956 | Grad 0.1459
[2024-06-27 19:28:42,532][demucs.solver][INFO] - Train | Epoch 28 | 444/447 | 0.79 it/sec | Loss 0.0956 | Reco 0.0956 | Grad 0.1413
[2024-06-27 19:28:45,295][demucs.solver][INFO] - [1mTrain Summary | Epoch 28 | Loss=0.0954 | Reco=0.0954 | Grad=0.1415[0m
[2024-06-27 19:28:45,295][demucs.solver][INFO] - ----------------------------------------------------------------------
[2024-06-27 19:28:45,296][demucs.solver][INFO] - Cross validation...
[2024-06-27 19:28:45,296][demucs.solver][INFO] - Start of epoch 28
[2024-06-27 19:28:45,296][demucs.solver][INFO] - Total batches: 14
[2024-06-27 19:28:52,232][demucs.solver][INFO] - Valid | Epoch 28 | 3/14 | 0.58 it/sec | Loss 0.1656 | Reco 0.1656 | Nsdr 6.181
[2024-06-27 19:28:59,728][demucs.solver][INFO] - Valid | Epoch 28 | 6/14 | 0.49 it/sec | Loss 0.1608 | Reco 0.1608 | Nsdr 6.110
[2024-06-27 19:29:07,575][demucs.solver][INFO] - Valid | Epoch 28 | 9/14 | 0.45 it/sec | Loss 0.1726 | Reco 0.1726 | Nsdr 5.657
[2024-06-27 19:29:13,805][demucs.solver][INFO] - Valid | Epoch 28 | 12/14 | 0.46 it/sec | Loss 0.1625 | Reco 0.1625 | Nsdr 5.364
[2024-06-27 19:29:15,813][demucs.solver][INFO] - [1mValid Summary | Epoch 28 | Loss=0.1567 | Reco=0.1567 | Nsdr=5.460 | Best=0.1547 | Bname=main[0m
[2024-06-27 19:29:23,067][demucs.solver][INFO] - ----------------------------------------------------------------------
[2024-06-27 19:29:23,067][demucs.solver][INFO] - Training...
[2024-06-27 19:29:23,068][demucs.solver][INFO] - Start of epoch 29
[2024-06-27 19:29:23,068][demucs.solver][INFO] - Total batches: 447
[2024-06-27 19:31:52,638][demucs.solver][INFO] - Train | Epoch 29 | 111/447 | 0.75 it/sec | Loss 0.0918 | Reco 0.0918 | Grad 0.1556
[2024-06-27 19:34:11,235][demucs.solver][INFO] - Train | Epoch 29 | 222/447 | 0.77 it/sec | Loss 0.0910 | Reco 0.0910 | Grad 0.1537
[2024-06-27 19:36:30,386][demucs.solver][INFO] - Train | Epoch 29 | 333/447 | 0.78 it/sec | Loss 0.0924 | Reco 0.0924 | Grad 0.1566
[2024-06-27 19:38:46,114][demucs.solver][INFO] - Train | Epoch 29 | 444/447 | 0.79 it/sec | Loss 0.0928 | Reco 0.0928 | Grad 0.1514
[2024-06-27 19:38:48,334][demucs.solver][INFO] - [1mTrain Summary | Epoch 29 | Loss=0.0929 | Reco=0.0929 | Grad=0.1513[0m
[2024-06-27 19:38:48,334][demucs.solver][INFO] - ----------------------------------------------------------------------
[2024-06-27 19:38:48,334][demucs.solver][INFO] - Cross validation...
[2024-06-27 19:38:48,335][demucs.solver][INFO] - Start of epoch 29
[2024-06-27 19:38:48,335][demucs.solver][INFO] - Total batches: 14
[2024-06-27 19:38:55,279][demucs.solver][INFO] - Valid | Epoch 29 | 3/14 | 0.58 it/sec | Loss 0.1585 | Reco 0.1585 | Nsdr 6.432
[2024-06-27 19:39:02,738][demucs.solver][INFO] - Valid | Epoch 29 | 6/14 | 0.49 it/sec | Loss 0.1559 | Reco 0.1559 | Nsdr 6.313
[2024-06-27 19:39:10,578][demucs.solver][INFO] - Valid | Epoch 29 | 9/14 | 0.45 it/sec | Loss 0.1703 | Reco 0.1703 | Nsdr 5.746
[2024-06-27 19:39:16,814][demucs.solver][INFO] - Valid | Epoch 29 | 12/14 | 0.46 it/sec | Loss 0.1618 | Reco 0.1618 | Nsdr 5.363
[2024-06-27 19:39:18,787][demucs.solver][INFO] - [1mValid Summary | Epoch 29 | Loss=0.1561 | Reco=0.1561 | Nsdr=5.466 | Best=0.1547 | Bname=main[0m
[2024-06-27 19:39:25,907][demucs.solver][INFO] - ----------------------------------------------------------------------
[2024-06-27 19:39:25,909][demucs.solver][INFO] - Training...
[2024-06-27 19:39:25,909][demucs.solver][INFO] - Start of epoch 30
[2024-06-27 19:39:25,909][demucs.solver][INFO] - Total batches: 447
[2024-06-27 19:42:00,426][demucs.solver][INFO] - Train | Epoch 30 | 111/447 | 0.72 it/sec | Loss 0.0930 | Reco 0.0930 | Grad 0.1542
[2024-06-27 19:44:22,749][demucs.solver][INFO] - Train | Epoch 30 | 222/447 | 0.75 it/sec | Loss 0.0933 | Reco 0.0933 | Grad 0.1470
[2024-06-27 19:46:38,327][demucs.solver][INFO] - Train | Epoch 30 | 333/447 | 0.77 it/sec | Loss 0.0923 | Reco 0.0923 | Grad 0.1432
[2024-06-27 19:48:58,888][demucs.solver][INFO] - Train | Epoch 30 | 444/447 | 0.78 it/sec | Loss 0.0924 | Reco 0.0924 | Grad 0.1402
[2024-06-27 19:49:01,182][demucs.solver][INFO] - [1mTrain Summary | Epoch 30 | Loss=0.0923 | Reco=0.0923 | Grad=0.1401[0m
[2024-06-27 19:49:01,183][demucs.solver][INFO] - ----------------------------------------------------------------------
[2024-06-27 19:49:01,183][demucs.solver][INFO] - Cross validation...
[2024-06-27 19:49:01,184][demucs.solver][INFO] - Start of epoch 30
[2024-06-27 19:49:01,184][demucs.solver][INFO] - Total batches: 14
[2024-06-27 19:49:08,050][demucs.solver][INFO] - Valid | Epoch 30 | 3/14 | 0.58 it/sec | Loss 0.1614 | Reco 0.1614 | Nsdr 6.332
[2024-06-27 19:49:15,603][demucs.solver][INFO] - Valid | Epoch 30 | 6/14 | 0.49 it/sec | Loss 0.1578 | Reco 0.1578 | Nsdr 6.237
[2024-06-27 19:49:23,540][demucs.solver][INFO] - Valid | Epoch 30 | 9/14 | 0.45 it/sec | Loss 0.1707 | Reco 0.1707 | Nsdr 5.726
[2024-06-27 19:49:29,778][demucs.solver][INFO] - Valid | Epoch 30 | 12/14 | 0.45 it/sec | Loss 0.1610 | Reco 0.1610 | Nsdr 5.352
[2024-06-27 19:49:31,785][demucs.solver][INFO] - [1mValid Summary | Epoch 30 | Loss=0.1553 | Reco=0.1553 | Nsdr=5.461 | Best=0.1547 | Bname=main[0m
[2024-06-27 19:49:31,786][demucs.solver][INFO] - ----------------------------------------------------------------------
[2024-06-27 19:49:31,786][demucs.solver][INFO] - Evaluating on the test set...
[2024-06-27 20:20:22,895][demucs.evaluate][INFO] - Eval | 12/50 | 142.2 sec/it
[2024-06-27 20:51:00,087][demucs.evaluate][INFO] - Eval | 24/50 | 147.4 sec/it
[2024-06-27 21:18:07,557][demucs.evaluate][INFO] - Eval | 36/50 | 143.6 sec/it
[2024-06-27 21:46:51,971][demucs.evaluate][INFO] - Eval | 48/50 | 143.6 sec/it
[2024-06-27 21:49:16,855][demucs.solver][INFO] - [1mTest Summary | Epoch 30 | Sdr=1.304 | Nsdr=1.257 | Sdr_drums=6.324 | Nsdr_drums=6.003 | Sdr_bass=-0.363 | Nsdr_bass=-0.308 | Sdr_other=-0.212 | Nsdr_other=-0.210 | Sdr_vocals=-0.534 | Nsdr_vocals=-0.459[0m
