[2024-07-04 17:35:15,631][demucs.train][INFO] - For logs, checkpoints and samples check /home/dat/Dokumente/weigl-master/demucs/outputs/xps/27be639a
[2024-07-04 17:35:15,632][dora.distrib][INFO] - world_size is 1, skipping init.
[2024-07-04 17:35:20,455][demucs.train][INFO] - train/valid set size: 1791 14
[2024-07-04 17:35:20,455][demucs.solver][INFO] - Setting up scale
[2024-07-04 17:35:20,456][demucs.solver][INFO] - ----------------------------------------------------------------------
[2024-07-04 17:35:20,457][demucs.solver][INFO] - Training...
[2024-07-04 17:35:20,457][demucs.solver][INFO] - Start of epoch 1
[2024-07-04 17:35:20,457][demucs.solver][INFO] - Total batches: 447
[2024-07-04 17:37:59,174][demucs.solver][INFO] - Train | Epoch 1 | 111/447 | 0.71 it/sec | Loss 0.1748 | Reco 0.1748 | Grad 0.1079
[2024-07-04 17:40:12,714][demucs.solver][INFO] - Train | Epoch 1 | 222/447 | 0.76 it/sec | Loss 0.1719 | Reco 0.1719 | Grad 0.1223
[2024-07-04 17:42:27,071][demucs.solver][INFO] - Train | Epoch 1 | 333/447 | 0.78 it/sec | Loss 0.1703 | Reco 0.1703 | Grad 0.1269
[2024-07-04 17:44:41,801][demucs.solver][INFO] - Train | Epoch 1 | 444/447 | 0.79 it/sec | Loss 0.1677 | Reco 0.1677 | Grad 0.1330
[2024-07-04 17:44:43,722][demucs.solver][INFO] - [1mTrain Summary | Epoch 1 | Loss=0.1679 | Reco=0.1679 | Grad=0.1328[0m
[2024-07-04 17:44:43,722][demucs.solver][INFO] - ----------------------------------------------------------------------
[2024-07-04 17:44:43,723][demucs.solver][INFO] - Cross validation...
[2024-07-04 17:44:43,723][demucs.solver][INFO] - Start of epoch 1
[2024-07-04 17:44:43,723][demucs.solver][INFO] - Total batches: 14
[2024-07-04 17:44:49,215][demucs.solver][INFO] - Valid | Epoch 1 | 3/14 | 0.73 it/sec | Loss 0.2180 | Reco 0.2180 | Nsdr 3.161
[2024-07-04 17:44:55,013][demucs.solver][INFO] - Valid | Epoch 1 | 6/14 | 0.62 it/sec | Loss 0.2112 | Reco 0.2112 | Nsdr 3.255
[2024-07-04 17:45:00,797][demucs.solver][INFO] - Valid | Epoch 1 | 9/14 | 0.59 it/sec | Loss 0.2324 | Reco 0.2324 | Nsdr 2.804
[2024-07-04 17:45:05,523][demucs.solver][INFO] - Valid | Epoch 1 | 12/14 | 0.60 it/sec | Loss 0.2175 | Reco 0.2175 | Nsdr 2.670
[2024-07-04 17:45:07,322][demucs.solver][INFO] - [1mValid Summary | Epoch 1 | Loss=0.2100 | Reco=0.2100 | Nsdr=2.744 | Best=0.2100 | Bname=main[0m
[2024-07-04 17:45:07,322][demucs.solver][INFO] - [1mNew best valid loss 0.2100[0m
[2024-07-04 17:45:29,256][demucs.solver][INFO] - ----------------------------------------------------------------------
[2024-07-04 17:45:29,257][demucs.solver][INFO] - Training...
[2024-07-04 17:45:29,258][demucs.solver][INFO] - Start of epoch 2
[2024-07-04 17:45:29,258][demucs.solver][INFO] - Total batches: 447
[2024-07-04 17:47:58,590][demucs.solver][INFO] - Train | Epoch 2 | 111/447 | 0.75 it/sec | Loss 0.1672 | Reco 0.1672 | Grad 0.1223
[2024-07-04 17:50:16,708][demucs.solver][INFO] - Train | Epoch 2 | 222/447 | 0.78 it/sec | Loss 0.1630 | Reco 0.1630 | Grad 0.1357
[2024-07-04 17:52:29,019][demucs.solver][INFO] - Train | Epoch 2 | 333/447 | 0.80 it/sec | Loss 0.1620 | Reco 0.1620 | Grad 0.1444
[2024-07-04 17:54:42,449][demucs.solver][INFO] - Train | Epoch 2 | 444/447 | 0.80 it/sec | Loss 0.1580 | Reco 0.1580 | Grad 0.1430
[2024-07-04 17:54:44,369][demucs.solver][INFO] - [1mTrain Summary | Epoch 2 | Loss=0.1578 | Reco=0.1578 | Grad=0.1429[0m
[2024-07-04 17:54:44,370][demucs.solver][INFO] - ----------------------------------------------------------------------
[2024-07-04 17:54:44,370][demucs.solver][INFO] - Cross validation...
[2024-07-04 17:54:44,370][demucs.solver][INFO] - Start of epoch 2
[2024-07-04 17:54:44,370][demucs.solver][INFO] - Total batches: 14
[2024-07-04 17:54:50,075][demucs.solver][INFO] - Valid | Epoch 2 | 3/14 | 0.70 it/sec | Loss 0.2084 | Reco 0.2084 | Nsdr 3.488
[2024-07-04 17:54:55,842][demucs.solver][INFO] - Valid | Epoch 2 | 6/14 | 0.61 it/sec | Loss 0.2053 | Reco 0.2053 | Nsdr 3.580
[2024-07-04 17:55:01,838][demucs.solver][INFO] - Valid | Epoch 2 | 9/14 | 0.57 it/sec | Loss 0.2211 | Reco 0.2211 | Nsdr 3.280
[2024-07-04 17:55:06,569][demucs.solver][INFO] - Valid | Epoch 2 | 12/14 | 0.59 it/sec | Loss 0.2108 | Reco 0.2108 | Nsdr 3.152
[2024-07-04 17:55:08,362][demucs.solver][INFO] - [1mValid Summary | Epoch 2 | Loss=0.2033 | Reco=0.2033 | Nsdr=3.242 | Best=0.2033 | Bname=main[0m
[2024-07-04 17:55:08,362][demucs.solver][INFO] - [1mNew best valid loss 0.2033[0m
[2024-07-04 17:55:34,052][demucs.solver][INFO] - ----------------------------------------------------------------------
[2024-07-04 17:55:34,052][demucs.solver][INFO] - Training...
[2024-07-04 17:55:34,052][demucs.solver][INFO] - Start of epoch 3
[2024-07-04 17:55:34,053][demucs.solver][INFO] - Total batches: 447
[2024-07-04 17:57:58,414][demucs.solver][INFO] - Train | Epoch 3 | 111/447 | 0.78 it/sec | Loss 0.1375 | Reco 0.1375 | Grad 0.1362
[2024-07-04 18:00:14,601][demucs.solver][INFO] - Train | Epoch 3 | 222/447 | 0.79 it/sec | Loss 0.1412 | Reco 0.1412 | Grad 0.1368
[2024-07-04 18:02:25,666][demucs.solver][INFO] - Train | Epoch 3 | 333/447 | 0.81 it/sec | Loss 0.1440 | Reco 0.1440 | Grad 0.1371
[2024-07-04 18:04:41,210][demucs.solver][INFO] - Train | Epoch 3 | 444/447 | 0.81 it/sec | Loss 0.1437 | Reco 0.1437 | Grad 0.1409
[2024-07-04 18:04:43,680][demucs.solver][INFO] - [1mTrain Summary | Epoch 3 | Loss=0.1441 | Reco=0.1441 | Grad=0.1409[0m
[2024-07-04 18:04:43,680][demucs.solver][INFO] - ----------------------------------------------------------------------
[2024-07-04 18:04:43,680][demucs.solver][INFO] - Cross validation...
[2024-07-04 18:04:43,680][demucs.solver][INFO] - Start of epoch 3
[2024-07-04 18:04:43,681][demucs.solver][INFO] - Total batches: 14
[2024-07-04 18:04:49,152][demucs.solver][INFO] - Valid | Epoch 3 | 3/14 | 0.73 it/sec | Loss 0.2079 | Reco 0.2079 | Nsdr 3.712
[2024-07-04 18:04:55,041][demucs.solver][INFO] - Valid | Epoch 3 | 6/14 | 0.62 it/sec | Loss 0.2005 | Reco 0.2005 | Nsdr 3.882
[2024-07-04 18:05:01,065][demucs.solver][INFO] - Valid | Epoch 3 | 9/14 | 0.58 it/sec | Loss 0.2201 | Reco 0.2201 | Nsdr 3.419
[2024-07-04 18:05:05,878][demucs.solver][INFO] - Valid | Epoch 3 | 12/14 | 0.59 it/sec | Loss 0.2068 | Reco 0.2068 | Nsdr 3.253
[2024-07-04 18:05:07,810][demucs.solver][INFO] - [1mValid Summary | Epoch 3 | Loss=0.1996 | Reco=0.1996 | Nsdr=3.336 | Best=0.1996 | Bname=main[0m
[2024-07-04 18:05:07,811][demucs.solver][INFO] - [1mNew best valid loss 0.1996[0m
[2024-07-04 18:05:34,050][demucs.solver][INFO] - ----------------------------------------------------------------------
[2024-07-04 18:05:34,051][demucs.solver][INFO] - Training...
[2024-07-04 18:05:34,051][demucs.solver][INFO] - Start of epoch 4
[2024-07-04 18:05:34,051][demucs.solver][INFO] - Total batches: 447
[2024-07-04 18:08:04,683][demucs.solver][INFO] - Train | Epoch 4 | 111/447 | 0.74 it/sec | Loss 0.1326 | Reco 0.1326 | Grad 0.1277
[2024-07-04 18:10:18,186][demucs.solver][INFO] - Train | Epoch 4 | 222/447 | 0.78 it/sec | Loss 0.1382 | Reco 0.1382 | Grad 0.1296
[2024-07-04 18:12:28,581][demucs.solver][INFO] - Train | Epoch 4 | 333/447 | 0.81 it/sec | Loss 0.1382 | Reco 0.1382 | Grad 0.1328
[2024-07-04 18:14:42,145][demucs.solver][INFO] - Train | Epoch 4 | 444/447 | 0.81 it/sec | Loss 0.1387 | Reco 0.1387 | Grad 0.1384
[2024-07-04 18:14:44,839][demucs.solver][INFO] - [1mTrain Summary | Epoch 4 | Loss=0.1390 | Reco=0.1390 | Grad=0.1382[0m
[2024-07-04 18:14:44,839][demucs.solver][INFO] - ----------------------------------------------------------------------
[2024-07-04 18:14:44,840][demucs.solver][INFO] - Cross validation...
[2024-07-04 18:14:44,840][demucs.solver][INFO] - Start of epoch 4
[2024-07-04 18:14:44,840][demucs.solver][INFO] - Total batches: 14
[2024-07-04 18:14:50,529][demucs.solver][INFO] - Valid | Epoch 4 | 3/14 | 0.70 it/sec | Loss 0.1985 | Reco 0.1985 | Nsdr 4.306
[2024-07-04 18:14:56,341][demucs.solver][INFO] - Valid | Epoch 4 | 6/14 | 0.61 it/sec | Loss 0.1881 | Reco 0.1881 | Nsdr 4.589
[2024-07-04 18:15:02,331][demucs.solver][INFO] - Valid | Epoch 4 | 9/14 | 0.57 it/sec | Loss 0.2053 | Reco 0.2053 | Nsdr 4.118
[2024-07-04 18:15:07,027][demucs.solver][INFO] - Valid | Epoch 4 | 12/14 | 0.59 it/sec | Loss 0.1949 | Reco 0.1949 | Nsdr 3.875
[2024-07-04 18:15:08,856][demucs.solver][INFO] - [1mValid Summary | Epoch 4 | Loss=0.1879 | Reco=0.1879 | Nsdr=3.983 | Best=0.1879 | Bname=main[0m
[2024-07-04 18:15:08,856][demucs.solver][INFO] - [1mNew best valid loss 0.1879[0m
[2024-07-04 18:15:35,294][demucs.solver][INFO] - ----------------------------------------------------------------------
[2024-07-04 18:15:35,295][demucs.solver][INFO] - Training...
[2024-07-04 18:15:35,295][demucs.solver][INFO] - Start of epoch 5
[2024-07-04 18:15:35,295][demucs.solver][INFO] - Total batches: 447
[2024-07-04 18:17:59,465][demucs.solver][INFO] - Train | Epoch 5 | 111/447 | 0.78 it/sec | Loss 0.1303 | Reco 0.1303 | Grad 0.1247
[2024-07-04 18:20:14,552][demucs.solver][INFO] - Train | Epoch 5 | 222/447 | 0.80 it/sec | Loss 0.1297 | Reco 0.1297 | Grad 0.1380
[2024-07-04 18:22:26,605][demucs.solver][INFO] - Train | Epoch 5 | 333/447 | 0.81 it/sec | Loss 0.1330 | Reco 0.1330 | Grad 0.1342
[2024-07-04 18:24:42,183][demucs.solver][INFO] - Train | Epoch 5 | 444/447 | 0.81 it/sec | Loss 0.1322 | Reco 0.1322 | Grad 0.1328
[2024-07-04 18:24:45,174][demucs.solver][INFO] - [1mTrain Summary | Epoch 5 | Loss=0.1323 | Reco=0.1323 | Grad=0.1331[0m
[2024-07-04 18:24:45,174][demucs.solver][INFO] - ----------------------------------------------------------------------
[2024-07-04 18:24:45,175][demucs.solver][INFO] - Cross validation...
[2024-07-04 18:24:45,175][demucs.solver][INFO] - Start of epoch 5
[2024-07-04 18:24:45,175][demucs.solver][INFO] - Total batches: 14
[2024-07-04 18:24:50,621][demucs.solver][INFO] - Valid | Epoch 5 | 3/14 | 0.73 it/sec | Loss 0.1978 | Reco 0.1978 | Nsdr 3.869
[2024-07-04 18:24:56,455][demucs.solver][INFO] - Valid | Epoch 5 | 6/14 | 0.62 it/sec | Loss 0.1956 | Reco 0.1956 | Nsdr 3.915
[2024-07-04 18:25:02,341][demucs.solver][INFO] - Valid | Epoch 5 | 9/14 | 0.58 it/sec | Loss 0.2174 | Reco 0.2174 | Nsdr 3.431
[2024-07-04 18:25:06,966][demucs.solver][INFO] - Valid | Epoch 5 | 12/14 | 0.60 it/sec | Loss 0.2053 | Reco 0.2053 | Nsdr 3.228
[2024-07-04 18:25:08,810][demucs.solver][INFO] - [1mValid Summary | Epoch 5 | Loss=0.1979 | Reco=0.1979 | Nsdr=3.290 | Best=0.1879 | Bname=main[0m
[2024-07-04 18:25:29,049][demucs.solver][INFO] - ----------------------------------------------------------------------
[2024-07-04 18:25:29,050][demucs.solver][INFO] - Training...
[2024-07-04 18:25:29,050][demucs.solver][INFO] - Start of epoch 6
[2024-07-04 18:25:29,051][demucs.solver][INFO] - Total batches: 447
[2024-07-04 18:27:54,218][demucs.solver][INFO] - Train | Epoch 6 | 111/447 | 0.77 it/sec | Loss 0.1299 | Reco 0.1299 | Grad 0.1260
[2024-07-04 18:30:10,910][demucs.solver][INFO] - Train | Epoch 6 | 222/447 | 0.79 it/sec | Loss 0.1251 | Reco 0.1251 | Grad 0.1323
[2024-07-04 18:32:24,762][demucs.solver][INFO] - Train | Epoch 6 | 333/447 | 0.80 it/sec | Loss 0.1278 | Reco 0.1278 | Grad 0.1286
[2024-07-04 18:34:36,188][demucs.solver][INFO] - Train | Epoch 6 | 444/447 | 0.81 it/sec | Loss 0.1290 | Reco 0.1290 | Grad 0.1374
[2024-07-04 18:34:38,894][demucs.solver][INFO] - [1mTrain Summary | Epoch 6 | Loss=0.1288 | Reco=0.1288 | Grad=0.1380[0m
[2024-07-04 18:34:38,894][demucs.solver][INFO] - ----------------------------------------------------------------------
[2024-07-04 18:34:38,894][demucs.solver][INFO] - Cross validation...
[2024-07-04 18:34:38,895][demucs.solver][INFO] - Start of epoch 6
[2024-07-04 18:34:38,895][demucs.solver][INFO] - Total batches: 14
[2024-07-04 18:34:44,394][demucs.solver][INFO] - Valid | Epoch 6 | 3/14 | 0.73 it/sec | Loss 0.1943 | Reco 0.1943 | Nsdr 4.249
[2024-07-04 18:34:50,004][demucs.solver][INFO] - Valid | Epoch 6 | 6/14 | 0.63 it/sec | Loss 0.1905 | Reco 0.1905 | Nsdr 4.293
[2024-07-04 18:34:55,945][demucs.solver][INFO] - Valid | Epoch 6 | 9/14 | 0.59 it/sec | Loss 0.2108 | Reco 0.2108 | Nsdr 3.809
[2024-07-04 18:35:00,646][demucs.solver][INFO] - Valid | Epoch 6 | 12/14 | 0.60 it/sec | Loss 0.2008 | Reco 0.2008 | Nsdr 3.625
[2024-07-04 18:35:02,524][demucs.solver][INFO] - [1mValid Summary | Epoch 6 | Loss=0.1934 | Reco=0.1934 | Nsdr=3.710 | Best=0.1879 | Bname=main[0m
[2024-07-04 18:35:23,105][demucs.solver][INFO] - ----------------------------------------------------------------------
[2024-07-04 18:35:23,106][demucs.solver][INFO] - Training...
[2024-07-04 18:35:23,106][demucs.solver][INFO] - Start of epoch 7
[2024-07-04 18:35:23,106][demucs.solver][INFO] - Total batches: 447
[2024-07-04 18:37:48,176][demucs.solver][INFO] - Train | Epoch 7 | 111/447 | 0.77 it/sec | Loss 0.1268 | Reco 0.1268 | Grad 0.1438
[2024-07-04 18:40:02,369][demucs.solver][INFO] - Train | Epoch 7 | 222/447 | 0.80 it/sec | Loss 0.1284 | Reco 0.1284 | Grad 0.1475
[2024-07-04 18:42:16,187][demucs.solver][INFO] - Train | Epoch 7 | 333/447 | 0.81 it/sec | Loss 0.1277 | Reco 0.1277 | Grad 0.1477
[2024-07-04 18:44:31,051][demucs.solver][INFO] - Train | Epoch 7 | 444/447 | 0.81 it/sec | Loss 0.1264 | Reco 0.1264 | Grad 0.1464
[2024-07-04 18:44:33,512][demucs.solver][INFO] - [1mTrain Summary | Epoch 7 | Loss=0.1261 | Reco=0.1261 | Grad=0.1465[0m
[2024-07-04 18:44:33,512][demucs.solver][INFO] - ----------------------------------------------------------------------
[2024-07-04 18:44:33,512][demucs.solver][INFO] - Cross validation...
[2024-07-04 18:44:33,513][demucs.solver][INFO] - Start of epoch 7
[2024-07-04 18:44:33,513][demucs.solver][INFO] - Total batches: 14
[2024-07-04 18:44:38,912][demucs.solver][INFO] - Valid | Epoch 7 | 3/14 | 0.74 it/sec | Loss 0.1819 | Reco 0.1819 | Nsdr 5.149
[2024-07-04 18:44:44,544][demucs.solver][INFO] - Valid | Epoch 7 | 6/14 | 0.63 it/sec | Loss 0.1796 | Reco 0.1796 | Nsdr 5.076
[2024-07-04 18:44:50,444][demucs.solver][INFO] - Valid | Epoch 7 | 9/14 | 0.59 it/sec | Loss 0.2012 | Reco 0.2012 | Nsdr 4.395
[2024-07-04 18:44:55,085][demucs.solver][INFO] - Valid | Epoch 7 | 12/14 | 0.60 it/sec | Loss 0.1892 | Reco 0.1892 | Nsdr 4.192
[2024-07-04 18:44:56,914][demucs.solver][INFO] - [1mValid Summary | Epoch 7 | Loss=0.1823 | Reco=0.1823 | Nsdr=4.312 | Best=0.1823 | Bname=main[0m
[2024-07-04 18:44:56,915][demucs.solver][INFO] - [1mNew best valid loss 0.1823[0m
[2024-07-04 18:45:23,186][demucs.solver][INFO] - ----------------------------------------------------------------------
[2024-07-04 18:45:23,187][demucs.solver][INFO] - Training...
[2024-07-04 18:45:23,187][demucs.solver][INFO] - Start of epoch 8
[2024-07-04 18:45:23,187][demucs.solver][INFO] - Total batches: 447
[2024-07-04 18:47:48,181][demucs.solver][INFO] - Train | Epoch 8 | 111/447 | 0.77 it/sec | Loss 0.1233 | Reco 0.1233 | Grad 0.1228
[2024-07-04 18:50:05,085][demucs.solver][INFO] - Train | Epoch 8 | 222/447 | 0.79 it/sec | Loss 0.1222 | Reco 0.1222 | Grad 0.1317
[2024-07-04 18:52:18,432][demucs.solver][INFO] - Train | Epoch 8 | 333/447 | 0.80 it/sec | Loss 0.1215 | Reco 0.1215 | Grad 0.1316
[2024-07-04 18:54:30,396][demucs.solver][INFO] - Train | Epoch 8 | 444/447 | 0.81 it/sec | Loss 0.1221 | Reco 0.1221 | Grad 0.1322
[2024-07-04 18:54:32,724][demucs.solver][INFO] - [1mTrain Summary | Epoch 8 | Loss=0.1222 | Reco=0.1222 | Grad=0.1324[0m
[2024-07-04 18:54:32,724][demucs.solver][INFO] - ----------------------------------------------------------------------
[2024-07-04 18:54:32,725][demucs.solver][INFO] - Cross validation...
[2024-07-04 18:54:32,725][demucs.solver][INFO] - Start of epoch 8
[2024-07-04 18:54:32,725][demucs.solver][INFO] - Total batches: 14
[2024-07-04 18:54:38,199][demucs.solver][INFO] - Valid | Epoch 8 | 3/14 | 0.73 it/sec | Loss 0.1853 | Reco 0.1853 | Nsdr 5.165
[2024-07-04 18:54:44,101][demucs.solver][INFO] - Valid | Epoch 8 | 6/14 | 0.62 it/sec | Loss 0.1795 | Reco 0.1795 | Nsdr 5.179
[2024-07-04 18:54:50,081][demucs.solver][INFO] - Valid | Epoch 8 | 9/14 | 0.58 it/sec | Loss 0.1998 | Reco 0.1998 | Nsdr 4.517
[2024-07-04 18:54:54,903][demucs.solver][INFO] - Valid | Epoch 8 | 12/14 | 0.59 it/sec | Loss 0.1880 | Reco 0.1880 | Nsdr 4.285
[2024-07-04 18:54:56,923][demucs.solver][INFO] - [1mValid Summary | Epoch 8 | Loss=0.1813 | Reco=0.1813 | Nsdr=4.413 | Best=0.1813 | Bname=main[0m
[2024-07-04 18:54:56,923][demucs.solver][INFO] - [1mNew best valid loss 0.1813[0m
[2024-07-04 18:55:23,398][demucs.solver][INFO] - ----------------------------------------------------------------------
[2024-07-04 18:55:23,398][demucs.solver][INFO] - Training...
[2024-07-04 18:55:23,398][demucs.solver][INFO] - Start of epoch 9
[2024-07-04 18:55:23,398][demucs.solver][INFO] - Total batches: 447
[2024-07-04 18:57:48,353][demucs.solver][INFO] - Train | Epoch 9 | 111/447 | 0.77 it/sec | Loss 0.1308 | Reco 0.1308 | Grad 0.1662
[2024-07-04 19:00:01,014][demucs.solver][INFO] - Train | Epoch 9 | 222/447 | 0.80 it/sec | Loss 0.1271 | Reco 0.1271 | Grad 0.1432
[2024-07-04 19:02:12,240][demucs.solver][INFO] - Train | Epoch 9 | 333/447 | 0.82 it/sec | Loss 0.1278 | Reco 0.1278 | Grad 0.1398
[2024-07-04 19:04:24,744][demucs.solver][INFO] - Train | Epoch 9 | 444/447 | 0.82 it/sec | Loss 0.1243 | Reco 0.1243 | Grad 0.1406
[2024-07-04 19:04:27,076][demucs.solver][INFO] - [1mTrain Summary | Epoch 9 | Loss=0.1244 | Reco=0.1244 | Grad=0.1410[0m
[2024-07-04 19:04:27,076][demucs.solver][INFO] - ----------------------------------------------------------------------
[2024-07-04 19:04:27,076][demucs.solver][INFO] - Cross validation...
[2024-07-04 19:04:27,076][demucs.solver][INFO] - Start of epoch 9
[2024-07-04 19:04:27,076][demucs.solver][INFO] - Total batches: 14
[2024-07-04 19:04:32,625][demucs.solver][INFO] - Valid | Epoch 9 | 3/14 | 0.72 it/sec | Loss 0.1740 | Reco 0.1740 | Nsdr 5.510
[2024-07-04 19:04:38,314][demucs.solver][INFO] - Valid | Epoch 9 | 6/14 | 0.62 it/sec | Loss 0.1681 | Reco 0.1681 | Nsdr 5.586
[2024-07-04 19:04:44,304][demucs.solver][INFO] - Valid | Epoch 9 | 9/14 | 0.58 it/sec | Loss 0.1892 | Reco 0.1892 | Nsdr 4.905
[2024-07-04 19:04:49,007][demucs.solver][INFO] - Valid | Epoch 9 | 12/14 | 0.59 it/sec | Loss 0.1777 | Reco 0.1777 | Nsdr 4.658
[2024-07-04 19:04:50,840][demucs.solver][INFO] - [1mValid Summary | Epoch 9 | Loss=0.1714 | Reco=0.1714 | Nsdr=4.763 | Best=0.1714 | Bname=main[0m
[2024-07-04 19:04:50,841][demucs.solver][INFO] - [1mNew best valid loss 0.1714[0m
[2024-07-04 19:05:17,085][demucs.solver][INFO] - ----------------------------------------------------------------------
[2024-07-04 19:05:17,086][demucs.solver][INFO] - Training...
[2024-07-04 19:05:17,086][demucs.solver][INFO] - Start of epoch 10
[2024-07-04 19:05:17,086][demucs.solver][INFO] - Total batches: 447
[2024-07-04 19:07:44,958][demucs.solver][INFO] - Train | Epoch 10 | 111/447 | 0.76 it/sec | Loss 0.1194 | Reco 0.1194 | Grad 0.1430
[2024-07-04 19:09:55,773][demucs.solver][INFO] - Train | Epoch 10 | 222/447 | 0.80 it/sec | Loss 0.1219 | Reco 0.1219 | Grad 0.1468
[2024-07-04 19:12:10,667][demucs.solver][INFO] - Train | Epoch 10 | 333/447 | 0.81 it/sec | Loss 0.1212 | Reco 0.1212 | Grad 0.1400
[2024-07-04 19:14:23,045][demucs.solver][INFO] - Train | Epoch 10 | 444/447 | 0.82 it/sec | Loss 0.1201 | Reco 0.1201 | Grad 0.1344
[2024-07-04 19:14:25,356][demucs.solver][INFO] - [1mTrain Summary | Epoch 10 | Loss=0.1202 | Reco=0.1202 | Grad=0.1343[0m
[2024-07-04 19:14:25,356][demucs.solver][INFO] - ----------------------------------------------------------------------
[2024-07-04 19:14:25,356][demucs.solver][INFO] - Cross validation...
[2024-07-04 19:14:25,357][demucs.solver][INFO] - Start of epoch 10
[2024-07-04 19:14:25,357][demucs.solver][INFO] - Total batches: 14
[2024-07-04 19:14:30,789][demucs.solver][INFO] - Valid | Epoch 10 | 3/14 | 0.74 it/sec | Loss 0.1728 | Reco 0.1728 | Nsdr 5.714
[2024-07-04 19:14:36,680][demucs.solver][INFO] - Valid | Epoch 10 | 6/14 | 0.62 it/sec | Loss 0.1706 | Reco 0.1706 | Nsdr 5.587
[2024-07-04 19:14:42,567][demucs.solver][INFO] - Valid | Epoch 10 | 9/14 | 0.58 it/sec | Loss 0.1934 | Reco 0.1934 | Nsdr 4.820
[2024-07-04 19:14:47,289][demucs.solver][INFO] - Valid | Epoch 10 | 12/14 | 0.59 it/sec | Loss 0.1832 | Reco 0.1832 | Nsdr 4.472
[2024-07-04 19:14:49,136][demucs.solver][INFO] - [1mValid Summary | Epoch 10 | Loss=0.1764 | Reco=0.1764 | Nsdr=4.613 | Best=0.1714 | Bname=main[0m
[2024-07-04 19:14:49,136][demucs.solver][INFO] - ----------------------------------------------------------------------
[2024-07-04 19:14:49,137][demucs.solver][INFO] - Evaluating on the test set...
[2024-07-04 19:20:39,552][demucs.evaluate][INFO] - Eval | 12/50 | 26.7 sec/it
[2024-07-04 19:26:37,239][demucs.evaluate][INFO] - Eval | 24/50 | 28.2 sec/it
[2024-07-04 19:32:07,656][demucs.evaluate][INFO] - Eval | 36/50 | 28.0 sec/it
[2024-07-04 19:37:54,969][demucs.evaluate][INFO] - Eval | 48/50 | 28.2 sec/it
[2024-07-04 19:38:20,342][demucs.solver][INFO] - [1mTest Summary | Epoch 10 | Nsdr=1.113 | Nsdr_drums=5.428 | Nsdr_bass=-0.373 | Nsdr_other=-0.379 | Nsdr_vocals=-0.223[0m
[2024-07-04 19:38:40,688][demucs.solver][INFO] - ----------------------------------------------------------------------
[2024-07-04 19:38:40,690][demucs.solver][INFO] - Training...
[2024-07-04 19:38:40,690][demucs.solver][INFO] - Start of epoch 11
[2024-07-04 19:38:40,690][demucs.solver][INFO] - Total batches: 447
[2024-07-04 19:41:14,140][demucs.solver][INFO] - Train | Epoch 11 | 111/447 | 0.73 it/sec | Loss 0.1225 | Reco 0.1225 | Grad 0.1089
[2024-07-04 19:43:27,733][demucs.solver][INFO] - Train | Epoch 11 | 222/447 | 0.78 it/sec | Loss 0.1203 | Reco 0.1203 | Grad 0.1219
[2024-07-04 19:45:39,333][demucs.solver][INFO] - Train | Epoch 11 | 333/447 | 0.80 it/sec | Loss 0.1165 | Reco 0.1165 | Grad 0.1270
[2024-07-04 19:47:50,426][demucs.solver][INFO] - Train | Epoch 11 | 444/447 | 0.81 it/sec | Loss 0.1177 | Reco 0.1177 | Grad 0.1258
[2024-07-04 19:47:53,044][demucs.solver][INFO] - [1mTrain Summary | Epoch 11 | Loss=0.1178 | Reco=0.1178 | Grad=0.1258[0m
[2024-07-04 19:47:53,044][demucs.solver][INFO] - ----------------------------------------------------------------------
[2024-07-04 19:47:53,044][demucs.solver][INFO] - Cross validation...
[2024-07-04 19:47:53,044][demucs.solver][INFO] - Start of epoch 11
[2024-07-04 19:47:53,044][demucs.solver][INFO] - Total batches: 14
[2024-07-04 19:47:58,192][demucs.solver][INFO] - Valid | Epoch 11 | 3/14 | 0.78 it/sec | Loss 0.1734 | Reco 0.1734 | Nsdr 5.500
[2024-07-04 19:48:03,875][demucs.solver][INFO] - Valid | Epoch 11 | 6/14 | 0.65 it/sec | Loss 0.1692 | Reco 0.1692 | Nsdr 5.497
[2024-07-04 19:48:09,701][demucs.solver][INFO] - Valid | Epoch 11 | 9/14 | 0.60 it/sec | Loss 0.1894 | Reco 0.1894 | Nsdr 4.852
[2024-07-04 19:48:14,381][demucs.solver][INFO] - Valid | Epoch 11 | 12/14 | 0.61 it/sec | Loss 0.1792 | Reco 0.1792 | Nsdr 4.536
[2024-07-04 19:48:16,178][demucs.solver][INFO] - [1mValid Summary | Epoch 11 | Loss=0.1731 | Reco=0.1731 | Nsdr=4.636 | Best=0.1714 | Bname=main[0m
[2024-07-04 19:48:36,385][demucs.solver][INFO] - ----------------------------------------------------------------------
[2024-07-04 19:48:36,387][demucs.solver][INFO] - Training...
[2024-07-04 19:48:36,387][demucs.solver][INFO] - Start of epoch 12
[2024-07-04 19:48:36,388][demucs.solver][INFO] - Total batches: 447
[2024-07-04 19:51:05,361][demucs.solver][INFO] - Train | Epoch 12 | 111/447 | 0.75 it/sec | Loss 0.1121 | Reco 0.1121 | Grad 0.1143
[2024-07-04 19:53:19,451][demucs.solver][INFO] - Train | Epoch 12 | 222/447 | 0.79 it/sec | Loss 0.1157 | Reco 0.1157 | Grad 0.1297
[2024-07-04 19:55:36,387][demucs.solver][INFO] - Train | Epoch 12 | 333/447 | 0.80 it/sec | Loss 0.1130 | Reco 0.1130 | Grad 0.1328
[2024-07-04 19:57:51,813][demucs.solver][INFO] - Train | Epoch 12 | 444/447 | 0.80 it/sec | Loss 0.1149 | Reco 0.1149 | Grad 0.1309
[2024-07-04 19:57:54,274][demucs.solver][INFO] - [1mTrain Summary | Epoch 12 | Loss=0.1153 | Reco=0.1153 | Grad=0.1312[0m
[2024-07-04 19:57:54,275][demucs.solver][INFO] - ----------------------------------------------------------------------
[2024-07-04 19:57:54,275][demucs.solver][INFO] - Cross validation...
[2024-07-04 19:57:54,275][demucs.solver][INFO] - Start of epoch 12
[2024-07-04 19:57:54,275][demucs.solver][INFO] - Total batches: 14
[2024-07-04 19:57:59,657][demucs.solver][INFO] - Valid | Epoch 12 | 3/14 | 0.74 it/sec | Loss 0.1722 | Reco 0.1722 | Nsdr 5.714
[2024-07-04 19:58:05,365][demucs.solver][INFO] - Valid | Epoch 12 | 6/14 | 0.63 it/sec | Loss 0.1667 | Reco 0.1667 | Nsdr 5.727
[2024-07-04 19:58:11,307][demucs.solver][INFO] - Valid | Epoch 12 | 9/14 | 0.59 it/sec | Loss 0.1886 | Reco 0.1886 | Nsdr 4.976
[2024-07-04 19:58:15,933][demucs.solver][INFO] - Valid | Epoch 12 | 12/14 | 0.60 it/sec | Loss 0.1791 | Reco 0.1791 | Nsdr 4.591
[2024-07-04 19:58:17,736][demucs.solver][INFO] - [1mValid Summary | Epoch 12 | Loss=0.1724 | Reco=0.1724 | Nsdr=4.727 | Best=0.1714 | Bname=main[0m
[2024-07-04 19:58:38,432][demucs.solver][INFO] - ----------------------------------------------------------------------
[2024-07-04 19:58:38,433][demucs.solver][INFO] - Training...
[2024-07-04 19:58:38,434][demucs.solver][INFO] - Start of epoch 13
[2024-07-04 19:58:38,434][demucs.solver][INFO] - Total batches: 447
[2024-07-04 20:01:05,051][demucs.solver][INFO] - Train | Epoch 13 | 111/447 | 0.76 it/sec | Loss 0.1147 | Reco 0.1147 | Grad 0.1445
[2024-07-04 20:03:20,209][demucs.solver][INFO] - Train | Epoch 13 | 222/447 | 0.79 it/sec | Loss 0.1166 | Reco 0.1166 | Grad 0.1352
[2024-07-04 20:05:34,265][demucs.solver][INFO] - Train | Epoch 13 | 333/447 | 0.80 it/sec | Loss 0.1130 | Reco 0.1130 | Grad 0.1373
[2024-07-04 20:07:50,400][demucs.solver][INFO] - Train | Epoch 13 | 444/447 | 0.81 it/sec | Loss 0.1141 | Reco 0.1141 | Grad 0.1347
[2024-07-04 20:07:52,742][demucs.solver][INFO] - [1mTrain Summary | Epoch 13 | Loss=0.1142 | Reco=0.1142 | Grad=0.1348[0m
[2024-07-04 20:07:52,742][demucs.solver][INFO] - ----------------------------------------------------------------------
[2024-07-04 20:07:52,743][demucs.solver][INFO] - Cross validation...
[2024-07-04 20:07:52,743][demucs.solver][INFO] - Start of epoch 13
[2024-07-04 20:07:52,743][demucs.solver][INFO] - Total batches: 14
[2024-07-04 20:07:58,154][demucs.solver][INFO] - Valid | Epoch 13 | 3/14 | 0.74 it/sec | Loss 0.1695 | Reco 0.1695 | Nsdr 5.920
[2024-07-04 20:08:04,056][demucs.solver][INFO] - Valid | Epoch 13 | 6/14 | 0.62 it/sec | Loss 0.1632 | Reco 0.1632 | Nsdr 5.925
[2024-07-04 20:08:09,955][demucs.solver][INFO] - Valid | Epoch 13 | 9/14 | 0.58 it/sec | Loss 0.1802 | Reco 0.1802 | Nsdr 5.305
[2024-07-04 20:08:14,595][demucs.solver][INFO] - Valid | Epoch 13 | 12/14 | 0.59 it/sec | Loss 0.1702 | Reco 0.1702 | Nsdr 4.982
[2024-07-04 20:08:16,401][demucs.solver][INFO] - [1mValid Summary | Epoch 13 | Loss=0.1639 | Reco=0.1639 | Nsdr=5.112 | Best=0.1639 | Bname=main[0m
[2024-07-04 20:08:16,401][demucs.solver][INFO] - [1mNew best valid loss 0.1639[0m
[2024-07-04 20:08:42,144][demucs.solver][INFO] - ----------------------------------------------------------------------
[2024-07-04 20:08:42,146][demucs.solver][INFO] - Training...
[2024-07-04 20:08:42,146][demucs.solver][INFO] - Start of epoch 14
[2024-07-04 20:08:42,146][demucs.solver][INFO] - Total batches: 447
[2024-07-04 20:11:10,656][demucs.solver][INFO] - Train | Epoch 14 | 111/447 | 0.75 it/sec | Loss 0.1152 | Reco 0.1152 | Grad 0.1360
[2024-07-04 20:13:24,550][demucs.solver][INFO] - Train | Epoch 14 | 222/447 | 0.79 it/sec | Loss 0.1173 | Reco 0.1173 | Grad 0.1318
[2024-07-04 20:15:39,440][demucs.solver][INFO] - Train | Epoch 14 | 333/447 | 0.80 it/sec | Loss 0.1148 | Reco 0.1148 | Grad 0.1394
[2024-07-04 20:17:55,421][demucs.solver][INFO] - Train | Epoch 14 | 444/447 | 0.80 it/sec | Loss 0.1130 | Reco 0.1130 | Grad 0.1383
[2024-07-04 20:17:58,094][demucs.solver][INFO] - [1mTrain Summary | Epoch 14 | Loss=0.1128 | Reco=0.1128 | Grad=0.1382[0m
[2024-07-04 20:17:58,094][demucs.solver][INFO] - ----------------------------------------------------------------------
[2024-07-04 20:17:58,094][demucs.solver][INFO] - Cross validation...
[2024-07-04 20:17:58,095][demucs.solver][INFO] - Start of epoch 14
[2024-07-04 20:17:58,095][demucs.solver][INFO] - Total batches: 14
[2024-07-04 20:18:03,679][demucs.solver][INFO] - Valid | Epoch 14 | 3/14 | 0.72 it/sec | Loss 0.1685 | Reco 0.1685 | Nsdr 5.990
[2024-07-04 20:18:09,507][demucs.solver][INFO] - Valid | Epoch 14 | 6/14 | 0.61 it/sec | Loss 0.1644 | Reco 0.1644 | Nsdr 5.899
[2024-07-04 20:18:15,597][demucs.solver][INFO] - Valid | Epoch 14 | 9/14 | 0.57 it/sec | Loss 0.1811 | Reco 0.1811 | Nsdr 5.288
[2024-07-04 20:18:20,410][demucs.solver][INFO] - Valid | Epoch 14 | 12/14 | 0.58 it/sec | Loss 0.1719 | Reco 0.1719 | Nsdr 4.879
[2024-07-04 20:18:22,283][demucs.solver][INFO] - [1mValid Summary | Epoch 14 | Loss=0.1657 | Reco=0.1657 | Nsdr=4.985 | Best=0.1639 | Bname=main[0m
[2024-07-04 20:18:42,981][demucs.solver][INFO] - ----------------------------------------------------------------------
[2024-07-04 20:18:42,982][demucs.solver][INFO] - Training...
[2024-07-04 20:18:42,982][demucs.solver][INFO] - Start of epoch 15
[2024-07-04 20:18:42,982][demucs.solver][INFO] - Total batches: 447
[2024-07-04 20:21:05,730][demucs.solver][INFO] - Train | Epoch 15 | 111/447 | 0.78 it/sec | Loss 0.1220 | Reco 0.1220 | Grad 0.1364
[2024-07-04 20:23:22,000][demucs.solver][INFO] - Train | Epoch 15 | 222/447 | 0.80 it/sec | Loss 0.1170 | Reco 0.1170 | Grad 0.1393
[2024-07-04 20:25:37,729][demucs.solver][INFO] - Train | Epoch 15 | 333/447 | 0.81 it/sec | Loss 0.1163 | Reco 0.1163 | Grad 0.1356
[2024-07-04 20:27:50,920][demucs.solver][INFO] - Train | Epoch 15 | 444/447 | 0.81 it/sec | Loss 0.1138 | Reco 0.1138 | Grad 0.1368
[2024-07-04 20:27:52,957][demucs.solver][INFO] - [1mTrain Summary | Epoch 15 | Loss=0.1137 | Reco=0.1137 | Grad=0.1364[0m
[2024-07-04 20:27:52,957][demucs.solver][INFO] - ----------------------------------------------------------------------
[2024-07-04 20:27:52,958][demucs.solver][INFO] - Cross validation...
[2024-07-04 20:27:52,958][demucs.solver][INFO] - Start of epoch 15
[2024-07-04 20:27:52,958][demucs.solver][INFO] - Total batches: 14
[2024-07-04 20:27:58,435][demucs.solver][INFO] - Valid | Epoch 15 | 3/14 | 0.73 it/sec | Loss 0.1730 | Reco 0.1730 | Nsdr 5.785
[2024-07-04 20:28:04,170][demucs.solver][INFO] - Valid | Epoch 15 | 6/14 | 0.62 it/sec | Loss 0.1670 | Reco 0.1670 | Nsdr 5.801
[2024-07-04 20:28:10,180][demucs.solver][INFO] - Valid | Epoch 15 | 9/14 | 0.58 it/sec | Loss 0.1844 | Reco 0.1844 | Nsdr 5.202
[2024-07-04 20:28:15,038][demucs.solver][INFO] - Valid | Epoch 15 | 12/14 | 0.59 it/sec | Loss 0.1733 | Reco 0.1733 | Nsdr 4.914
[2024-07-04 20:28:17,016][demucs.solver][INFO] - [1mValid Summary | Epoch 15 | Loss=0.1676 | Reco=0.1676 | Nsdr=5.002 | Best=0.1639 | Bname=main[0m
[2024-07-04 20:28:37,715][demucs.solver][INFO] - ----------------------------------------------------------------------
[2024-07-04 20:28:37,717][demucs.solver][INFO] - Training...
[2024-07-04 20:28:37,717][demucs.solver][INFO] - Start of epoch 16
[2024-07-04 20:28:37,718][demucs.solver][INFO] - Total batches: 447
[2024-07-04 20:31:07,905][demucs.solver][INFO] - Train | Epoch 16 | 111/447 | 0.75 it/sec | Loss 0.1061 | Reco 0.1061 | Grad 0.1550
[2024-07-04 20:33:23,914][demucs.solver][INFO] - Train | Epoch 16 | 222/447 | 0.78 it/sec | Loss 0.1072 | Reco 0.1072 | Grad 0.1502
[2024-07-04 20:35:35,527][demucs.solver][INFO] - Train | Epoch 16 | 333/447 | 0.80 it/sec | Loss 0.1088 | Reco 0.1088 | Grad 0.1426
[2024-07-04 20:37:50,666][demucs.solver][INFO] - Train | Epoch 16 | 444/447 | 0.80 it/sec | Loss 0.1110 | Reco 0.1110 | Grad 0.1446
[2024-07-04 20:37:53,680][demucs.solver][INFO] - [1mTrain Summary | Epoch 16 | Loss=0.1110 | Reco=0.1110 | Grad=0.1446[0m
[2024-07-04 20:37:53,680][demucs.solver][INFO] - ----------------------------------------------------------------------
[2024-07-04 20:37:53,680][demucs.solver][INFO] - Cross validation...
[2024-07-04 20:37:53,681][demucs.solver][INFO] - Start of epoch 16
[2024-07-04 20:37:53,681][demucs.solver][INFO] - Total batches: 14
[2024-07-04 20:37:59,252][demucs.solver][INFO] - Valid | Epoch 16 | 3/14 | 0.72 it/sec | Loss 0.1742 | Reco 0.1742 | Nsdr 5.482
[2024-07-04 20:38:05,080][demucs.solver][INFO] - Valid | Epoch 16 | 6/14 | 0.61 it/sec | Loss 0.1681 | Reco 0.1681 | Nsdr 5.504
[2024-07-04 20:38:11,168][demucs.solver][INFO] - Valid | Epoch 16 | 9/14 | 0.57 it/sec | Loss 0.1861 | Reco 0.1861 | Nsdr 4.923
[2024-07-04 20:38:15,992][demucs.solver][INFO] - Valid | Epoch 16 | 12/14 | 0.58 it/sec | Loss 0.1762 | Reco 0.1762 | Nsdr 4.574
[2024-07-04 20:38:18,025][demucs.solver][INFO] - [1mValid Summary | Epoch 16 | Loss=0.1697 | Reco=0.1697 | Nsdr=4.710 | Best=0.1639 | Bname=main[0m
[2024-07-04 20:38:38,654][demucs.solver][INFO] - ----------------------------------------------------------------------
[2024-07-04 20:38:38,655][demucs.solver][INFO] - Training...
[2024-07-04 20:38:38,655][demucs.solver][INFO] - Start of epoch 17
[2024-07-04 20:38:38,656][demucs.solver][INFO] - Total batches: 447
[2024-07-04 20:41:05,883][demucs.solver][INFO] - Train | Epoch 17 | 111/447 | 0.76 it/sec | Loss 0.1102 | Reco 0.1102 | Grad 0.1325
[2024-07-04 20:43:24,081][demucs.solver][INFO] - Train | Epoch 17 | 222/447 | 0.78 it/sec | Loss 0.1129 | Reco 0.1129 | Grad 0.1443
[2024-07-04 20:45:37,369][demucs.solver][INFO] - Train | Epoch 17 | 333/447 | 0.80 it/sec | Loss 0.1106 | Reco 0.1106 | Grad 0.1381
[2024-07-04 20:47:52,424][demucs.solver][INFO] - Train | Epoch 17 | 444/447 | 0.80 it/sec | Loss 0.1105 | Reco 0.1105 | Grad 0.1385
[2024-07-04 20:47:54,897][demucs.solver][INFO] - [1mTrain Summary | Epoch 17 | Loss=0.1105 | Reco=0.1105 | Grad=0.1386[0m
[2024-07-04 20:47:54,897][demucs.solver][INFO] - ----------------------------------------------------------------------
[2024-07-04 20:47:54,897][demucs.solver][INFO] - Cross validation...
[2024-07-04 20:47:54,898][demucs.solver][INFO] - Start of epoch 17
[2024-07-04 20:47:54,898][demucs.solver][INFO] - Total batches: 14
[2024-07-04 20:48:00,511][demucs.solver][INFO] - Valid | Epoch 17 | 3/14 | 0.71 it/sec | Loss 0.1680 | Reco 0.1680 | Nsdr 5.942
[2024-07-04 20:48:06,437][demucs.solver][INFO] - Valid | Epoch 17 | 6/14 | 0.61 it/sec | Loss 0.1620 | Reco 0.1620 | Nsdr 5.983
[2024-07-04 20:48:12,413][demucs.solver][INFO] - Valid | Epoch 17 | 9/14 | 0.57 it/sec | Loss 0.1782 | Reco 0.1782 | Nsdr 5.404
[2024-07-04 20:48:17,147][demucs.solver][INFO] - Valid | Epoch 17 | 12/14 | 0.58 it/sec | Loss 0.1681 | Reco 0.1681 | Nsdr 5.096
[2024-07-04 20:48:19,069][demucs.solver][INFO] - [1mValid Summary | Epoch 17 | Loss=0.1622 | Reco=0.1622 | Nsdr=5.219 | Best=0.1622 | Bname=main[0m
[2024-07-04 20:48:19,069][demucs.solver][INFO] - [1mNew best valid loss 0.1622[0m
[2024-07-04 20:48:45,701][demucs.solver][INFO] - ----------------------------------------------------------------------
[2024-07-04 20:48:45,702][demucs.solver][INFO] - Training...
[2024-07-04 20:48:45,703][demucs.solver][INFO] - Start of epoch 18
[2024-07-04 20:48:45,703][demucs.solver][INFO] - Total batches: 447
[2024-07-04 20:51:08,967][demucs.solver][INFO] - Train | Epoch 18 | 111/447 | 0.78 it/sec | Loss 0.1031 | Reco 0.1031 | Grad 0.1326
[2024-07-04 20:53:24,252][demucs.solver][INFO] - Train | Epoch 18 | 222/447 | 0.80 it/sec | Loss 0.1045 | Reco 0.1045 | Grad 0.1257
[2024-07-04 20:55:40,297][demucs.solver][INFO] - Train | Epoch 18 | 333/447 | 0.81 it/sec | Loss 0.1072 | Reco 0.1072 | Grad 0.1269
[2024-07-04 20:57:56,160][demucs.solver][INFO] - Train | Epoch 18 | 444/447 | 0.81 it/sec | Loss 0.1090 | Reco 0.1090 | Grad 0.1248
[2024-07-04 20:57:58,920][demucs.solver][INFO] - [1mTrain Summary | Epoch 18 | Loss=0.1088 | Reco=0.1088 | Grad=0.1251[0m
[2024-07-04 20:57:58,920][demucs.solver][INFO] - ----------------------------------------------------------------------
[2024-07-04 20:57:58,920][demucs.solver][INFO] - Cross validation...
[2024-07-04 20:57:58,921][demucs.solver][INFO] - Start of epoch 18
[2024-07-04 20:57:58,921][demucs.solver][INFO] - Total batches: 14
[2024-07-04 20:58:04,428][demucs.solver][INFO] - Valid | Epoch 18 | 3/14 | 0.73 it/sec | Loss 0.1686 | Reco 0.1686 | Nsdr 6.023
[2024-07-04 20:58:10,187][demucs.solver][INFO] - Valid | Epoch 18 | 6/14 | 0.62 it/sec | Loss 0.1631 | Reco 0.1631 | Nsdr 6.050
[2024-07-04 20:58:16,190][demucs.solver][INFO] - Valid | Epoch 18 | 9/14 | 0.58 it/sec | Loss 0.1800 | Reco 0.1800 | Nsdr 5.396
[2024-07-04 20:58:21,095][demucs.solver][INFO] - Valid | Epoch 18 | 12/14 | 0.59 it/sec | Loss 0.1702 | Reco 0.1702 | Nsdr 5.034
[2024-07-04 20:58:23,139][demucs.solver][INFO] - [1mValid Summary | Epoch 18 | Loss=0.1642 | Reco=0.1642 | Nsdr=5.153 | Best=0.1622 | Bname=main[0m
[2024-07-04 20:58:43,969][demucs.solver][INFO] - ----------------------------------------------------------------------
[2024-07-04 20:58:43,969][demucs.solver][INFO] - Training...
[2024-07-04 20:58:43,969][demucs.solver][INFO] - Start of epoch 19
[2024-07-04 20:58:43,970][demucs.solver][INFO] - Total batches: 447
[2024-07-04 21:01:13,388][demucs.solver][INFO] - Train | Epoch 19 | 111/447 | 0.75 it/sec | Loss 0.1096 | Reco 0.1096 | Grad 0.1608
[2024-07-04 21:03:30,615][demucs.solver][INFO] - Train | Epoch 19 | 222/447 | 0.78 it/sec | Loss 0.1092 | Reco 0.1092 | Grad 0.1655
[2024-07-04 21:05:50,450][demucs.solver][INFO] - Train | Epoch 19 | 333/447 | 0.78 it/sec | Loss 0.1089 | Reco 0.1089 | Grad 0.1497
[2024-07-04 21:08:03,754][demucs.solver][INFO] - Train | Epoch 19 | 444/447 | 0.79 it/sec | Loss 0.1083 | Reco 0.1083 | Grad 0.1453
[2024-07-04 21:08:06,133][demucs.solver][INFO] - [1mTrain Summary | Epoch 19 | Loss=0.1082 | Reco=0.1082 | Grad=0.1452[0m
[2024-07-04 21:08:06,133][demucs.solver][INFO] - ----------------------------------------------------------------------
[2024-07-04 21:08:06,134][demucs.solver][INFO] - Cross validation...
[2024-07-04 21:08:06,134][demucs.solver][INFO] - Start of epoch 19
[2024-07-04 21:08:06,134][demucs.solver][INFO] - Total batches: 14
[2024-07-04 21:08:11,744][demucs.solver][INFO] - Valid | Epoch 19 | 3/14 | 0.71 it/sec | Loss 0.1698 | Reco 0.1698 | Nsdr 5.986
[2024-07-04 21:08:17,567][demucs.solver][INFO] - Valid | Epoch 19 | 6/14 | 0.61 it/sec | Loss 0.1652 | Reco 0.1652 | Nsdr 5.944
[2024-07-04 21:08:23,577][demucs.solver][INFO] - Valid | Epoch 19 | 9/14 | 0.57 it/sec | Loss 0.1817 | Reco 0.1817 | Nsdr 5.346
[2024-07-04 21:08:28,347][demucs.solver][INFO] - Valid | Epoch 19 | 12/14 | 0.59 it/sec | Loss 0.1711 | Reco 0.1711 | Nsdr 5.036
[2024-07-04 21:08:30,272][demucs.solver][INFO] - [1mValid Summary | Epoch 19 | Loss=0.1654 | Reco=0.1654 | Nsdr=5.160 | Best=0.1622 | Bname=main[0m
[2024-07-04 21:08:51,165][demucs.solver][INFO] - ----------------------------------------------------------------------
[2024-07-04 21:08:51,165][demucs.solver][INFO] - Training...
[2024-07-04 21:08:51,165][demucs.solver][INFO] - Start of epoch 20
[2024-07-04 21:08:51,166][demucs.solver][INFO] - Total batches: 447
[2024-07-04 21:11:20,431][demucs.solver][INFO] - Train | Epoch 20 | 111/447 | 0.75 it/sec | Loss 0.1033 | Reco 0.1033 | Grad 0.1245
[2024-07-04 21:13:33,984][demucs.solver][INFO] - Train | Epoch 20 | 222/447 | 0.79 it/sec | Loss 0.1053 | Reco 0.1053 | Grad 0.1333
[2024-07-04 21:15:48,702][demucs.solver][INFO] - Train | Epoch 20 | 333/447 | 0.80 it/sec | Loss 0.1065 | Reco 0.1065 | Grad 0.1267
[2024-07-04 21:18:03,981][demucs.solver][INFO] - Train | Epoch 20 | 444/447 | 0.80 it/sec | Loss 0.1060 | Reco 0.1060 | Grad 0.1234
[2024-07-04 21:18:06,978][demucs.solver][INFO] - [1mTrain Summary | Epoch 20 | Loss=0.1059 | Reco=0.1059 | Grad=0.1235[0m
[2024-07-04 21:18:06,979][demucs.solver][INFO] - ----------------------------------------------------------------------
[2024-07-04 21:18:06,979][demucs.solver][INFO] - Cross validation...
[2024-07-04 21:18:06,979][demucs.solver][INFO] - Start of epoch 20
[2024-07-04 21:18:06,979][demucs.solver][INFO] - Total batches: 14
[2024-07-04 21:18:12,468][demucs.solver][INFO] - Valid | Epoch 20 | 3/14 | 0.73 it/sec | Loss 0.1669 | Reco 0.1669 | Nsdr 5.951
[2024-07-04 21:18:18,214][demucs.solver][INFO] - Valid | Epoch 20 | 6/14 | 0.62 it/sec | Loss 0.1607 | Reco 0.1607 | Nsdr 6.012
[2024-07-04 21:18:24,376][demucs.solver][INFO] - Valid | Epoch 20 | 9/14 | 0.57 it/sec | Loss 0.1772 | Reco 0.1772 | Nsdr 5.419
[2024-07-04 21:18:29,193][demucs.solver][INFO] - Valid | Epoch 20 | 12/14 | 0.59 it/sec | Loss 0.1680 | Reco 0.1680 | Nsdr 5.045
[2024-07-04 21:18:31,109][demucs.solver][INFO] - [1mValid Summary | Epoch 20 | Loss=0.1621 | Reco=0.1621 | Nsdr=5.148 | Best=0.1621 | Bname=main[0m
[2024-07-04 21:18:31,109][demucs.solver][INFO] - [1mNew best valid loss 0.1621[0m
[2024-07-04 21:18:31,220][demucs.solver][INFO] - ----------------------------------------------------------------------
[2024-07-04 21:18:31,220][demucs.solver][INFO] - Evaluating on the test set...
[2024-07-04 21:24:24,582][demucs.evaluate][INFO] - Eval | 12/50 | 26.9 sec/it
[2024-07-04 21:30:29,239][demucs.evaluate][INFO] - Eval | 24/50 | 28.6 sec/it
[2024-07-04 21:36:01,098][demucs.evaluate][INFO] - Eval | 36/50 | 28.3 sec/it
[2024-07-04 21:41:51,421][demucs.evaluate][INFO] - Eval | 48/50 | 28.5 sec/it
[2024-07-04 21:42:17,101][demucs.solver][INFO] - [1mTest Summary | Epoch 20 | Nsdr=1.130 | Nsdr_drums=5.577 | Nsdr_bass=-0.515 | Nsdr_other=-0.296 | Nsdr_vocals=-0.247[0m
[2024-07-04 21:42:41,850][demucs.solver][INFO] - ----------------------------------------------------------------------
[2024-07-04 21:42:41,852][demucs.solver][INFO] - Training...
[2024-07-04 21:42:41,852][demucs.solver][INFO] - Start of epoch 21
[2024-07-04 21:42:41,852][demucs.solver][INFO] - Total batches: 447
[2024-07-04 21:45:09,138][demucs.solver][INFO] - Train | Epoch 21 | 111/447 | 0.76 it/sec | Loss 0.1059 | Reco 0.1059 | Grad 0.1235
[2024-07-04 21:47:22,337][demucs.solver][INFO] - Train | Epoch 21 | 222/447 | 0.80 it/sec | Loss 0.1045 | Reco 0.1045 | Grad 0.1339
[2024-07-04 21:49:32,768][demucs.solver][INFO] - Train | Epoch 21 | 333/447 | 0.81 it/sec | Loss 0.1042 | Reco 0.1042 | Grad 0.1351
[2024-07-04 21:51:44,167][demucs.solver][INFO] - Train | Epoch 21 | 444/447 | 0.82 it/sec | Loss 0.1041 | Reco 0.1041 | Grad 0.1359
[2024-07-04 21:51:46,880][demucs.solver][INFO] - [1mTrain Summary | Epoch 21 | Loss=0.1040 | Reco=0.1040 | Grad=0.1357[0m
[2024-07-04 21:51:46,880][demucs.solver][INFO] - ----------------------------------------------------------------------
[2024-07-04 21:51:46,880][demucs.solver][INFO] - Cross validation...
[2024-07-04 21:51:46,880][demucs.solver][INFO] - Start of epoch 21
[2024-07-04 21:51:46,881][demucs.solver][INFO] - Total batches: 14
[2024-07-04 21:51:52,113][demucs.solver][INFO] - Valid | Epoch 21 | 3/14 | 0.76 it/sec | Loss 0.1650 | Reco 0.1650 | Nsdr 6.114
[2024-07-04 21:51:57,738][demucs.solver][INFO] - Valid | Epoch 21 | 6/14 | 0.64 it/sec | Loss 0.1599 | Reco 0.1599 | Nsdr 6.143
[2024-07-04 21:52:03,663][demucs.solver][INFO] - Valid | Epoch 21 | 9/14 | 0.60 it/sec | Loss 0.1755 | Reco 0.1755 | Nsdr 5.562
[2024-07-04 21:52:08,299][demucs.solver][INFO] - Valid | Epoch 21 | 12/14 | 0.61 it/sec | Loss 0.1667 | Reco 0.1667 | Nsdr 5.200
[2024-07-04 21:52:10,126][demucs.solver][INFO] - [1mValid Summary | Epoch 21 | Loss=0.1606 | Reco=0.1606 | Nsdr=5.330 | Best=0.1606 | Bname=main[0m
[2024-07-04 21:52:10,127][demucs.solver][INFO] - [1mNew best valid loss 0.1606[0m
[2024-07-04 21:52:36,520][demucs.solver][INFO] - ----------------------------------------------------------------------
[2024-07-04 21:52:36,521][demucs.solver][INFO] - Training...
[2024-07-04 21:52:36,521][demucs.solver][INFO] - Start of epoch 22
[2024-07-04 21:52:36,521][demucs.solver][INFO] - Total batches: 447
[2024-07-04 21:55:06,804][demucs.solver][INFO] - Train | Epoch 22 | 111/447 | 0.75 it/sec | Loss 0.1011 | Reco 0.1011 | Grad 0.1419
[2024-07-04 21:57:27,010][demucs.solver][INFO] - Train | Epoch 22 | 222/447 | 0.77 it/sec | Loss 0.1033 | Reco 0.1033 | Grad 0.1318
[2024-07-04 21:59:44,529][demucs.solver][INFO] - Train | Epoch 22 | 333/447 | 0.78 it/sec | Loss 0.1019 | Reco 0.1019 | Grad 0.1311
[2024-07-04 22:02:03,114][demucs.solver][INFO] - Train | Epoch 22 | 444/447 | 0.79 it/sec | Loss 0.1044 | Reco 0.1044 | Grad 0.1388
[2024-07-04 22:02:06,045][demucs.solver][INFO] - [1mTrain Summary | Epoch 22 | Loss=0.1043 | Reco=0.1043 | Grad=0.1384[0m
[2024-07-04 22:02:06,045][demucs.solver][INFO] - ----------------------------------------------------------------------
[2024-07-04 22:02:06,046][demucs.solver][INFO] - Cross validation...
[2024-07-04 22:02:06,046][demucs.solver][INFO] - Start of epoch 22
[2024-07-04 22:02:06,046][demucs.solver][INFO] - Total batches: 14
[2024-07-04 22:02:11,812][demucs.solver][INFO] - Valid | Epoch 22 | 3/14 | 0.69 it/sec | Loss 0.1695 | Reco 0.1695 | Nsdr 5.536
[2024-07-04 22:02:17,560][demucs.solver][INFO] - Valid | Epoch 22 | 6/14 | 0.61 it/sec | Loss 0.1646 | Reco 0.1646 | Nsdr 5.601
[2024-07-04 22:02:23,537][demucs.solver][INFO] - Valid | Epoch 22 | 9/14 | 0.57 it/sec | Loss 0.1833 | Reco 0.1833 | Nsdr 4.996
[2024-07-04 22:02:28,336][demucs.solver][INFO] - Valid | Epoch 22 | 12/14 | 0.58 it/sec | Loss 0.1738 | Reco 0.1738 | Nsdr 4.614
[2024-07-04 22:02:30,176][demucs.solver][INFO] - [1mValid Summary | Epoch 22 | Loss=0.1676 | Reco=0.1676 | Nsdr=4.724 | Best=0.1606 | Bname=main[0m
[2024-07-04 22:02:50,992][demucs.solver][INFO] - ----------------------------------------------------------------------
[2024-07-04 22:02:50,993][demucs.solver][INFO] - Training...
[2024-07-04 22:02:50,993][demucs.solver][INFO] - Start of epoch 23
[2024-07-04 22:02:50,994][demucs.solver][INFO] - Total batches: 447
[2024-07-04 22:05:20,305][demucs.solver][INFO] - Train | Epoch 23 | 111/447 | 0.75 it/sec | Loss 0.1071 | Reco 0.1071 | Grad 0.1453
[2024-07-04 22:07:37,450][demucs.solver][INFO] - Train | Epoch 23 | 222/447 | 0.78 it/sec | Loss 0.1043 | Reco 0.1043 | Grad 0.1376
[2024-07-04 22:09:52,658][demucs.solver][INFO] - Train | Epoch 23 | 333/447 | 0.79 it/sec | Loss 0.1056 | Reco 0.1056 | Grad 0.1364
[2024-07-04 22:12:14,511][demucs.solver][INFO] - Train | Epoch 23 | 444/447 | 0.79 it/sec | Loss 0.1061 | Reco 0.1061 | Grad 0.1440
[2024-07-04 22:12:16,966][demucs.solver][INFO] - [1mTrain Summary | Epoch 23 | Loss=0.1061 | Reco=0.1061 | Grad=0.1440[0m
[2024-07-04 22:12:16,967][demucs.solver][INFO] - ----------------------------------------------------------------------
[2024-07-04 22:12:16,967][demucs.solver][INFO] - Cross validation...
[2024-07-04 22:12:16,967][demucs.solver][INFO] - Start of epoch 23
[2024-07-04 22:12:16,967][demucs.solver][INFO] - Total batches: 14
[2024-07-04 22:12:22,532][demucs.solver][INFO] - Valid | Epoch 23 | 3/14 | 0.72 it/sec | Loss 0.1674 | Reco 0.1674 | Nsdr 6.073
[2024-07-04 22:12:28,330][demucs.solver][INFO] - Valid | Epoch 23 | 6/14 | 0.62 it/sec | Loss 0.1615 | Reco 0.1615 | Nsdr 6.112
[2024-07-04 22:12:34,315][demucs.solver][INFO] - Valid | Epoch 23 | 9/14 | 0.58 it/sec | Loss 0.1800 | Reco 0.1800 | Nsdr 5.403
[2024-07-04 22:12:39,124][demucs.solver][INFO] - Valid | Epoch 23 | 12/14 | 0.59 it/sec | Loss 0.1713 | Reco 0.1713 | Nsdr 5.085
[2024-07-04 22:12:41,027][demucs.solver][INFO] - [1mValid Summary | Epoch 23 | Loss=0.1649 | Reco=0.1649 | Nsdr=5.221 | Best=0.1606 | Bname=main[0m
[2024-07-04 22:13:01,632][demucs.solver][INFO] - ----------------------------------------------------------------------
[2024-07-04 22:13:01,634][demucs.solver][INFO] - Training...
[2024-07-04 22:13:01,634][demucs.solver][INFO] - Start of epoch 24
[2024-07-04 22:13:01,634][demucs.solver][INFO] - Total batches: 447
[2024-07-04 22:15:30,106][demucs.solver][INFO] - Train | Epoch 24 | 111/447 | 0.75 it/sec | Loss 0.1019 | Reco 0.1019 | Grad 0.1348
[2024-07-04 22:17:44,118][demucs.solver][INFO] - Train | Epoch 24 | 222/447 | 0.79 it/sec | Loss 0.1050 | Reco 0.1050 | Grad 0.1358
[2024-07-04 22:20:04,576][demucs.solver][INFO] - Train | Epoch 24 | 333/447 | 0.79 it/sec | Loss 0.1030 | Reco 0.1030 | Grad 0.1382
[2024-07-04 22:22:26,083][demucs.solver][INFO] - Train | Epoch 24 | 444/447 | 0.79 it/sec | Loss 0.1030 | Reco 0.1030 | Grad 0.1376
[2024-07-04 22:22:28,333][demucs.solver][INFO] - [1mTrain Summary | Epoch 24 | Loss=0.1031 | Reco=0.1031 | Grad=0.1380[0m
[2024-07-04 22:22:28,334][demucs.solver][INFO] - ----------------------------------------------------------------------
[2024-07-04 22:22:28,334][demucs.solver][INFO] - Cross validation...
[2024-07-04 22:22:28,334][demucs.solver][INFO] - Start of epoch 24
[2024-07-04 22:22:28,334][demucs.solver][INFO] - Total batches: 14
[2024-07-04 22:22:33,789][demucs.solver][INFO] - Valid | Epoch 24 | 3/14 | 0.73 it/sec | Loss 0.1690 | Reco 0.1690 | Nsdr 6.071
[2024-07-04 22:22:39,578][demucs.solver][INFO] - Valid | Epoch 24 | 6/14 | 0.62 it/sec | Loss 0.1622 | Reco 0.1622 | Nsdr 6.115
[2024-07-04 22:22:45,608][demucs.solver][INFO] - Valid | Epoch 24 | 9/14 | 0.58 it/sec | Loss 0.1782 | Reco 0.1782 | Nsdr 5.494
[2024-07-04 22:22:50,501][demucs.solver][INFO] - Valid | Epoch 24 | 12/14 | 0.59 it/sec | Loss 0.1705 | Reco 0.1705 | Nsdr 5.110
[2024-07-04 22:22:52,501][demucs.solver][INFO] - [1mValid Summary | Epoch 24 | Loss=0.1644 | Reco=0.1644 | Nsdr=5.230 | Best=0.1606 | Bname=main[0m
[2024-07-04 22:23:13,122][demucs.solver][INFO] - ----------------------------------------------------------------------
[2024-07-04 22:23:13,123][demucs.solver][INFO] - Training...
[2024-07-04 22:23:13,123][demucs.solver][INFO] - Start of epoch 25
[2024-07-04 22:23:13,123][demucs.solver][INFO] - Total batches: 447
[2024-07-04 22:25:46,052][demucs.solver][INFO] - Train | Epoch 25 | 111/447 | 0.73 it/sec | Loss 0.0983 | Reco 0.0983 | Grad 0.1425
[2024-07-04 22:28:06,364][demucs.solver][INFO] - Train | Epoch 25 | 222/447 | 0.76 it/sec | Loss 0.0995 | Reco 0.0995 | Grad 0.1430
[2024-07-04 22:30:23,639][demucs.solver][INFO] - Train | Epoch 25 | 333/447 | 0.78 it/sec | Loss 0.1002 | Reco 0.1002 | Grad 0.1311
[2024-07-04 22:32:43,514][demucs.solver][INFO] - Train | Epoch 25 | 444/447 | 0.78 it/sec | Loss 0.1023 | Reco 0.1023 | Grad 0.1334
[2024-07-04 22:32:46,122][demucs.solver][INFO] - [1mTrain Summary | Epoch 25 | Loss=0.1023 | Reco=0.1023 | Grad=0.1334[0m
[2024-07-04 22:32:46,122][demucs.solver][INFO] - ----------------------------------------------------------------------
[2024-07-04 22:32:46,123][demucs.solver][INFO] - Cross validation...
[2024-07-04 22:32:46,123][demucs.solver][INFO] - Start of epoch 25
[2024-07-04 22:32:46,123][demucs.solver][INFO] - Total batches: 14
[2024-07-04 22:32:51,834][demucs.solver][INFO] - Valid | Epoch 25 | 3/14 | 0.70 it/sec | Loss 0.1666 | Reco 0.1666 | Nsdr 6.159
[2024-07-04 22:32:57,616][demucs.solver][INFO] - Valid | Epoch 25 | 6/14 | 0.61 it/sec | Loss 0.1609 | Reco 0.1609 | Nsdr 6.141
[2024-07-04 22:33:03,660][demucs.solver][INFO] - Valid | Epoch 25 | 9/14 | 0.57 it/sec | Loss 0.1757 | Reco 0.1757 | Nsdr 5.567
[2024-07-04 22:33:08,472][demucs.solver][INFO] - Valid | Epoch 25 | 12/14 | 0.58 it/sec | Loss 0.1674 | Reco 0.1674 | Nsdr 5.191
[2024-07-04 22:33:10,447][demucs.solver][INFO] - [1mValid Summary | Epoch 25 | Loss=0.1613 | Reco=0.1613 | Nsdr=5.314 | Best=0.1606 | Bname=main[0m
[2024-07-04 22:33:31,457][demucs.solver][INFO] - ----------------------------------------------------------------------
[2024-07-04 22:33:31,459][demucs.solver][INFO] - Training...
[2024-07-04 22:33:31,459][demucs.solver][INFO] - Start of epoch 26
[2024-07-04 22:33:31,459][demucs.solver][INFO] - Total batches: 447
[2024-07-04 22:35:58,826][demucs.solver][INFO] - Train | Epoch 26 | 111/447 | 0.76 it/sec | Loss 0.0959 | Reco 0.0959 | Grad 0.1313
[2024-07-04 22:38:16,306][demucs.solver][INFO] - Train | Epoch 26 | 222/447 | 0.78 it/sec | Loss 0.0952 | Reco 0.0952 | Grad 0.1242
[2024-07-04 22:40:32,806][demucs.solver][INFO] - Train | Epoch 26 | 333/447 | 0.79 it/sec | Loss 0.0986 | Reco 0.0986 | Grad 0.1276
[2024-07-04 22:42:50,024][demucs.solver][INFO] - Train | Epoch 26 | 444/447 | 0.80 it/sec | Loss 0.0994 | Reco 0.0994 | Grad 0.1298
[2024-07-04 22:42:52,528][demucs.solver][INFO] - [1mTrain Summary | Epoch 26 | Loss=0.0994 | Reco=0.0994 | Grad=0.1298[0m
[2024-07-04 22:42:52,528][demucs.solver][INFO] - ----------------------------------------------------------------------
[2024-07-04 22:42:52,528][demucs.solver][INFO] - Cross validation...
[2024-07-04 22:42:52,529][demucs.solver][INFO] - Start of epoch 26
[2024-07-04 22:42:52,529][demucs.solver][INFO] - Total batches: 14
[2024-07-04 22:42:58,008][demucs.solver][INFO] - Valid | Epoch 26 | 3/14 | 0.73 it/sec | Loss 0.1697 | Reco 0.1697 | Nsdr 6.050
[2024-07-04 22:43:03,908][demucs.solver][INFO] - Valid | Epoch 26 | 6/14 | 0.62 it/sec | Loss 0.1620 | Reco 0.1620 | Nsdr 6.127
[2024-07-04 22:43:10,163][demucs.solver][INFO] - Valid | Epoch 26 | 9/14 | 0.57 it/sec | Loss 0.1766 | Reco 0.1766 | Nsdr 5.568
[2024-07-04 22:43:15,121][demucs.solver][INFO] - Valid | Epoch 26 | 12/14 | 0.58 it/sec | Loss 0.1681 | Reco 0.1681 | Nsdr 5.162
[2024-07-04 22:43:17,182][demucs.solver][INFO] - [1mValid Summary | Epoch 26 | Loss=0.1620 | Reco=0.1620 | Nsdr=5.288 | Best=0.1606 | Bname=main[0m
[2024-07-04 22:43:38,087][demucs.solver][INFO] - ----------------------------------------------------------------------
[2024-07-04 22:43:38,088][demucs.solver][INFO] - Training...
[2024-07-04 22:43:38,088][demucs.solver][INFO] - Start of epoch 27
[2024-07-04 22:43:38,088][demucs.solver][INFO] - Total batches: 447
[2024-07-04 22:46:08,676][demucs.solver][INFO] - Train | Epoch 27 | 111/447 | 0.74 it/sec | Loss 0.0945 | Reco 0.0945 | Grad 0.1282
[2024-07-04 22:48:24,343][demucs.solver][INFO] - Train | Epoch 27 | 222/447 | 0.78 it/sec | Loss 0.0993 | Reco 0.0993 | Grad 0.1429
[2024-07-04 22:50:44,306][demucs.solver][INFO] - Train | Epoch 27 | 333/447 | 0.78 it/sec | Loss 0.0978 | Reco 0.0978 | Grad 0.1455
[2024-07-04 22:53:00,669][demucs.solver][INFO] - Train | Epoch 27 | 444/447 | 0.79 it/sec | Loss 0.0995 | Reco 0.0995 | Grad 0.1450
[2024-07-04 22:53:03,166][demucs.solver][INFO] - [1mTrain Summary | Epoch 27 | Loss=0.0996 | Reco=0.0996 | Grad=0.1447[0m
[2024-07-04 22:53:03,167][demucs.solver][INFO] - ----------------------------------------------------------------------
[2024-07-04 22:53:03,167][demucs.solver][INFO] - Cross validation...
[2024-07-04 22:53:03,167][demucs.solver][INFO] - Start of epoch 27
[2024-07-04 22:53:03,167][demucs.solver][INFO] - Total batches: 14
[2024-07-04 22:53:08,602][demucs.solver][INFO] - Valid | Epoch 27 | 3/14 | 0.74 it/sec | Loss 0.1707 | Reco 0.1707 | Nsdr 5.986
[2024-07-04 22:53:14,481][demucs.solver][INFO] - Valid | Epoch 27 | 6/14 | 0.62 it/sec | Loss 0.1639 | Reco 0.1639 | Nsdr 6.024
[2024-07-04 22:53:20,414][demucs.solver][INFO] - Valid | Epoch 27 | 9/14 | 0.58 it/sec | Loss 0.1773 | Reco 0.1773 | Nsdr 5.495
[2024-07-04 22:53:25,201][demucs.solver][INFO] - Valid | Epoch 27 | 12/14 | 0.59 it/sec | Loss 0.1706 | Reco 0.1706 | Nsdr 5.084
[2024-07-04 22:53:27,173][demucs.solver][INFO] - [1mValid Summary | Epoch 27 | Loss=0.1643 | Reco=0.1643 | Nsdr=5.229 | Best=0.1606 | Bname=main[0m
[2024-07-04 22:53:47,475][demucs.solver][INFO] - ----------------------------------------------------------------------
[2024-07-04 22:53:47,475][demucs.solver][INFO] - Training...
[2024-07-04 22:53:47,476][demucs.solver][INFO] - Start of epoch 28
[2024-07-04 22:53:47,476][demucs.solver][INFO] - Total batches: 447
[2024-07-04 22:56:17,842][demucs.solver][INFO] - Train | Epoch 28 | 111/447 | 0.74 it/sec | Loss 0.1025 | Reco 0.1025 | Grad 0.1323
[2024-07-04 22:58:37,490][demucs.solver][INFO] - Train | Epoch 28 | 222/447 | 0.77 it/sec | Loss 0.1008 | Reco 0.1008 | Grad 0.1436
[2024-07-04 23:00:56,742][demucs.solver][INFO] - Train | Epoch 28 | 333/447 | 0.78 it/sec | Loss 0.0992 | Reco 0.0992 | Grad 0.1366
[2024-07-04 23:03:11,058][demucs.solver][INFO] - Train | Epoch 28 | 444/447 | 0.79 it/sec | Loss 0.0993 | Reco 0.0993 | Grad 0.1368
[2024-07-04 23:03:14,417][demucs.solver][INFO] - [1mTrain Summary | Epoch 28 | Loss=0.0993 | Reco=0.0993 | Grad=0.1367[0m
[2024-07-04 23:03:14,417][demucs.solver][INFO] - ----------------------------------------------------------------------
[2024-07-04 23:03:14,417][demucs.solver][INFO] - Cross validation...
[2024-07-04 23:03:14,417][demucs.solver][INFO] - Start of epoch 28
[2024-07-04 23:03:14,417][demucs.solver][INFO] - Total batches: 14
[2024-07-04 23:03:19,983][demucs.solver][INFO] - Valid | Epoch 28 | 3/14 | 0.72 it/sec | Loss 0.1671 | Reco 0.1671 | Nsdr 6.091
[2024-07-04 23:03:25,803][demucs.solver][INFO] - Valid | Epoch 28 | 6/14 | 0.61 it/sec | Loss 0.1615 | Reco 0.1615 | Nsdr 6.101
[2024-07-04 23:03:31,892][demucs.solver][INFO] - Valid | Epoch 28 | 9/14 | 0.57 it/sec | Loss 0.1760 | Reco 0.1760 | Nsdr 5.543
[2024-07-04 23:03:36,781][demucs.solver][INFO] - Valid | Epoch 28 | 12/14 | 0.58 it/sec | Loss 0.1665 | Reco 0.1665 | Nsdr 5.192
[2024-07-04 23:03:38,779][demucs.solver][INFO] - [1mValid Summary | Epoch 28 | Loss=0.1603 | Reco=0.1603 | Nsdr=5.315 | Best=0.1603 | Bname=main[0m
[2024-07-04 23:03:38,780][demucs.solver][INFO] - [1mNew best valid loss 0.1603[0m
[2024-07-04 23:04:04,508][demucs.solver][INFO] - ----------------------------------------------------------------------
[2024-07-04 23:04:04,508][demucs.solver][INFO] - Training...
[2024-07-04 23:04:04,509][demucs.solver][INFO] - Start of epoch 29
[2024-07-04 23:04:04,509][demucs.solver][INFO] - Total batches: 447
[2024-07-04 23:06:34,905][demucs.solver][INFO] - Train | Epoch 29 | 111/447 | 0.74 it/sec | Loss 0.0955 | Reco 0.0955 | Grad 0.1382
[2024-07-04 23:08:56,344][demucs.solver][INFO] - Train | Epoch 29 | 222/447 | 0.76 it/sec | Loss 0.0968 | Reco 0.0968 | Grad 0.1333
[2024-07-04 23:11:15,173][demucs.solver][INFO] - Train | Epoch 29 | 333/447 | 0.78 it/sec | Loss 0.0977 | Reco 0.0977 | Grad 0.1354
[2024-07-04 23:13:33,986][demucs.solver][INFO] - Train | Epoch 29 | 444/447 | 0.78 it/sec | Loss 0.0975 | Reco 0.0975 | Grad 0.1369
[2024-07-04 23:13:36,336][demucs.solver][INFO] - [1mTrain Summary | Epoch 29 | Loss=0.0974 | Reco=0.0974 | Grad=0.1376[0m
[2024-07-04 23:13:36,336][demucs.solver][INFO] - ----------------------------------------------------------------------
[2024-07-04 23:13:36,336][demucs.solver][INFO] - Cross validation...
[2024-07-04 23:13:36,337][demucs.solver][INFO] - Start of epoch 29
[2024-07-04 23:13:36,337][demucs.solver][INFO] - Total batches: 14
[2024-07-04 23:13:41,861][demucs.solver][INFO] - Valid | Epoch 29 | 3/14 | 0.72 it/sec | Loss 0.1895 | Reco 0.1895 | Nsdr 5.388
[2024-07-04 23:13:47,687][demucs.solver][INFO] - Valid | Epoch 29 | 6/14 | 0.62 it/sec | Loss 0.1752 | Reco 0.1752 | Nsdr 5.672
[2024-07-04 23:13:53,747][demucs.solver][INFO] - Valid | Epoch 29 | 9/14 | 0.57 it/sec | Loss 0.1921 | Reco 0.1921 | Nsdr 5.060
[2024-07-04 23:13:58,637][demucs.solver][INFO] - Valid | Epoch 29 | 12/14 | 0.58 it/sec | Loss 0.1854 | Reco 0.1854 | Nsdr 4.691
[2024-07-04 23:14:00,742][demucs.solver][INFO] - [1mValid Summary | Epoch 29 | Loss=0.1785 | Reco=0.1785 | Nsdr=4.813 | Best=0.1603 | Bname=main[0m
[2024-07-04 23:14:21,603][demucs.solver][INFO] - ----------------------------------------------------------------------
[2024-07-04 23:14:21,604][demucs.solver][INFO] - Training...
[2024-07-04 23:14:21,604][demucs.solver][INFO] - Start of epoch 30
[2024-07-04 23:14:21,604][demucs.solver][INFO] - Total batches: 447
[2024-07-04 23:16:48,927][demucs.solver][INFO] - Train | Epoch 30 | 111/447 | 0.76 it/sec | Loss 0.1002 | Reco 0.1002 | Grad 0.1491
[2024-07-04 23:19:08,713][demucs.solver][INFO] - Train | Epoch 30 | 222/447 | 0.78 it/sec | Loss 0.0963 | Reco 0.0963 | Grad 0.1373
[2024-07-04 23:21:31,089][demucs.solver][INFO] - Train | Epoch 30 | 333/447 | 0.78 it/sec | Loss 0.0987 | Reco 0.0987 | Grad 0.1392
[2024-07-04 23:23:49,993][demucs.solver][INFO] - Train | Epoch 30 | 444/447 | 0.78 it/sec | Loss 0.0985 | Reco 0.0985 | Grad 0.1371
[2024-07-04 23:23:53,491][demucs.solver][INFO] - [1mTrain Summary | Epoch 30 | Loss=0.0985 | Reco=0.0985 | Grad=0.1371[0m
[2024-07-04 23:23:53,491][demucs.solver][INFO] - ----------------------------------------------------------------------
[2024-07-04 23:23:53,491][demucs.solver][INFO] - Cross validation...
[2024-07-04 23:23:53,492][demucs.solver][INFO] - Start of epoch 30
[2024-07-04 23:23:53,492][demucs.solver][INFO] - Total batches: 14
[2024-07-04 23:23:58,995][demucs.solver][INFO] - Valid | Epoch 30 | 3/14 | 0.73 it/sec | Loss 0.1698 | Reco 0.1698 | Nsdr 6.086
[2024-07-04 23:24:04,863][demucs.solver][INFO] - Valid | Epoch 30 | 6/14 | 0.62 it/sec | Loss 0.1621 | Reco 0.1621 | Nsdr 6.139
[2024-07-04 23:24:11,015][demucs.solver][INFO] - Valid | Epoch 30 | 9/14 | 0.57 it/sec | Loss 0.1756 | Reco 0.1756 | Nsdr 5.598
[2024-07-04 23:24:15,908][demucs.solver][INFO] - Valid | Epoch 30 | 12/14 | 0.58 it/sec | Loss 0.1669 | Reco 0.1669 | Nsdr 5.207
[2024-07-04 23:24:18,106][demucs.solver][INFO] - [1mValid Summary | Epoch 30 | Loss=0.1609 | Reco=0.1609 | Nsdr=5.323 | Best=0.1603 | Bname=main[0m
[2024-07-04 23:24:18,106][demucs.solver][INFO] - ----------------------------------------------------------------------
[2024-07-04 23:24:18,106][demucs.solver][INFO] - Evaluating on the test set...
[2024-07-04 23:55:40,040][demucs.evaluate][INFO] - Eval | 12/50 | 144.5 sec/it
[2024-07-05 00:26:48,858][demucs.evaluate][INFO] - Eval | 24/50 | 149.9 sec/it
[2024-07-05 00:54:00,108][demucs.evaluate][INFO] - Eval | 36/50 | 145.4 sec/it
[2024-07-05 01:22:23,639][demucs.evaluate][INFO] - Eval | 48/50 | 144.5 sec/it
[2024-07-05 01:24:47,053][demucs.solver][INFO] - [1mTest Summary | Epoch 30 | Sdr=1.255 | Nsdr=1.208 | Sdr_drums=6.249 | Nsdr_drums=5.895 | Sdr_bass=-0.606 | Nsdr_bass=-0.496 | Sdr_other=-0.272 | Nsdr_other=-0.266 | Sdr_vocals=-0.350 | Nsdr_vocals=-0.300[0m
