[2024-07-28 19:09:28,952][demucs.train][INFO] - For logs, checkpoints and samples check /home/dat/Dokumente/weigl-master/demucs/outputs/xps/5544bb4e
[2024-07-28 19:09:28,952][dora.distrib][INFO] - world_size is 1, skipping init.
[2024-07-28 19:09:31,329][demucs.train][INFO] - train/valid set size: 1791 14
[2024-07-28 19:09:31,330][demucs.solver][INFO] - Setting up scale
[2024-07-28 19:09:31,331][demucs.solver][INFO] - ----------------------------------------------------------------------
[2024-07-28 19:09:31,331][demucs.solver][INFO] - Training...
[2024-07-28 19:09:31,331][demucs.solver][INFO] - Start of epoch 1
[2024-07-28 19:09:31,331][demucs.solver][INFO] - Total batches: 447
[2024-07-28 19:12:22,384][demucs.solver][INFO] - Train | Epoch 1 | 111/447 | 0.65 it/sec | Loss 0.1743 | Reco 0.1743 | Grad 0.1433
[2024-07-28 19:14:59,966][demucs.solver][INFO] - Train | Epoch 1 | 222/447 | 0.68 it/sec | Loss 0.1718 | Reco 0.1718 | Grad 0.1439
[2024-07-28 19:17:34,974][demucs.solver][INFO] - Train | Epoch 1 | 333/447 | 0.69 it/sec | Loss 0.1705 | Reco 0.1705 | Grad 0.1407
[2024-07-28 19:20:07,488][demucs.solver][INFO] - Train | Epoch 1 | 444/447 | 0.70 it/sec | Loss 0.1707 | Reco 0.1707 | Grad 0.1428
[2024-07-28 19:20:10,233][demucs.solver][INFO] - [1mTrain Summary | Epoch 1 | Loss=0.1706 | Reco=0.1706 | Grad=0.1429[0m
[2024-07-28 19:20:10,233][demucs.solver][INFO] - ----------------------------------------------------------------------
[2024-07-28 19:20:10,233][demucs.solver][INFO] - Cross validation...
[2024-07-28 19:20:10,234][demucs.solver][INFO] - Start of epoch 1
[2024-07-28 19:20:10,234][demucs.solver][INFO] - Total batches: 14
[2024-07-28 19:20:22,804][demucs.solver][INFO] - Valid | Epoch 1 | 3/14 | 0.32 it/sec | Loss 0.2197 | Reco 0.2197 | Nsdr 2.864
[2024-07-28 19:20:36,266][demucs.solver][INFO] - Valid | Epoch 1 | 6/14 | 0.27 it/sec | Loss 0.2132 | Reco 0.2132 | Nsdr 3.017
[2024-07-28 19:20:50,311][demucs.solver][INFO] - Valid | Epoch 1 | 9/14 | 0.25 it/sec | Loss 0.2292 | Reco 0.2292 | Nsdr 2.726
[2024-07-28 19:21:01,728][demucs.solver][INFO] - Valid | Epoch 1 | 12/14 | 0.25 it/sec | Loss 0.2182 | Reco 0.2182 | Nsdr 2.518
[2024-07-28 19:21:05,573][demucs.solver][INFO] - [1mValid Summary | Epoch 1 | Loss=0.2110 | Reco=0.2110 | Nsdr=2.588 | Best=0.2110 | Bname=main[0m
[2024-07-28 19:21:05,574][demucs.solver][INFO] - [1mNew best valid loss 0.2110[0m
[2024-07-28 19:21:14,749][demucs.solver][INFO] - ----------------------------------------------------------------------
[2024-07-28 19:21:14,750][demucs.solver][INFO] - Training...
[2024-07-28 19:21:14,751][demucs.solver][INFO] - Start of epoch 2
[2024-07-28 19:21:14,751][demucs.solver][INFO] - Total batches: 447
[2024-07-28 19:23:53,072][demucs.solver][INFO] - Train | Epoch 2 | 111/447 | 0.71 it/sec | Loss 0.1502 | Reco 0.1502 | Grad 0.1300
[2024-07-28 19:26:28,189][demucs.solver][INFO] - Train | Epoch 2 | 222/447 | 0.71 it/sec | Loss 0.1532 | Reco 0.1532 | Grad 0.1457
[2024-07-28 19:29:06,066][demucs.solver][INFO] - Train | Epoch 2 | 333/447 | 0.71 it/sec | Loss 0.1537 | Reco 0.1537 | Grad 0.1389
[2024-07-28 19:31:38,632][demucs.solver][INFO] - Train | Epoch 2 | 444/447 | 0.71 it/sec | Loss 0.1535 | Reco 0.1535 | Grad 0.1438
[2024-07-28 19:31:41,047][demucs.solver][INFO] - [1mTrain Summary | Epoch 2 | Loss=0.1531 | Reco=0.1531 | Grad=0.1444[0m
[2024-07-28 19:31:41,048][demucs.solver][INFO] - ----------------------------------------------------------------------
[2024-07-28 19:31:41,048][demucs.solver][INFO] - Cross validation...
[2024-07-28 19:31:41,048][demucs.solver][INFO] - Start of epoch 2
[2024-07-28 19:31:41,049][demucs.solver][INFO] - Total batches: 14
[2024-07-28 19:31:53,608][demucs.solver][INFO] - Valid | Epoch 2 | 3/14 | 0.32 it/sec | Loss 0.2213 | Reco 0.2213 | Nsdr 3.547
[2024-07-28 19:32:07,397][demucs.solver][INFO] - Valid | Epoch 2 | 6/14 | 0.27 it/sec | Loss 0.2110 | Reco 0.2110 | Nsdr 3.695
[2024-07-28 19:32:21,690][demucs.solver][INFO] - Valid | Epoch 2 | 9/14 | 0.25 it/sec | Loss 0.2327 | Reco 0.2327 | Nsdr 3.091
[2024-07-28 19:32:33,154][demucs.solver][INFO] - Valid | Epoch 2 | 12/14 | 0.25 it/sec | Loss 0.2221 | Reco 0.2221 | Nsdr 2.670
[2024-07-28 19:32:37,007][demucs.solver][INFO] - [1mValid Summary | Epoch 2 | Loss=0.2136 | Reco=0.2136 | Nsdr=2.822 | Best=0.2110 | Bname=main[0m
[2024-07-28 19:32:51,419][demucs.solver][INFO] - ----------------------------------------------------------------------
[2024-07-28 19:32:51,420][demucs.solver][INFO] - Training...
[2024-07-28 19:32:51,420][demucs.solver][INFO] - Start of epoch 3
[2024-07-28 19:32:51,420][demucs.solver][INFO] - Total batches: 447
[2024-07-28 19:35:26,631][demucs.solver][INFO] - Train | Epoch 3 | 111/447 | 0.72 it/sec | Loss 0.1409 | Reco 0.1409 | Grad 0.1372
[2024-07-28 19:38:01,944][demucs.solver][INFO] - Train | Epoch 3 | 222/447 | 0.72 it/sec | Loss 0.1413 | Reco 0.1413 | Grad 0.1533
[2024-07-28 19:40:39,002][demucs.solver][INFO] - Train | Epoch 3 | 333/447 | 0.71 it/sec | Loss 0.1446 | Reco 0.1446 | Grad 0.1586
[2024-07-28 19:43:12,507][demucs.solver][INFO] - Train | Epoch 3 | 444/447 | 0.72 it/sec | Loss 0.1426 | Reco 0.1426 | Grad 0.1501
[2024-07-28 19:43:15,042][demucs.solver][INFO] - [1mTrain Summary | Epoch 3 | Loss=0.1426 | Reco=0.1426 | Grad=0.1499[0m
[2024-07-28 19:43:15,042][demucs.solver][INFO] - ----------------------------------------------------------------------
[2024-07-28 19:43:15,043][demucs.solver][INFO] - Cross validation...
[2024-07-28 19:43:15,043][demucs.solver][INFO] - Start of epoch 3
[2024-07-28 19:43:15,043][demucs.solver][INFO] - Total batches: 14
[2024-07-28 19:43:27,102][demucs.solver][INFO] - Valid | Epoch 3 | 3/14 | 0.33 it/sec | Loss 0.2064 | Reco 0.2064 | Nsdr 4.278
[2024-07-28 19:43:40,143][demucs.solver][INFO] - Valid | Epoch 3 | 6/14 | 0.28 it/sec | Loss 0.1940 | Reco 0.1940 | Nsdr 4.518
[2024-07-28 19:43:54,034][demucs.solver][INFO] - Valid | Epoch 3 | 9/14 | 0.26 it/sec | Loss 0.2142 | Reco 0.2142 | Nsdr 3.907
[2024-07-28 19:44:05,141][demucs.solver][INFO] - Valid | Epoch 3 | 12/14 | 0.26 it/sec | Loss 0.2016 | Reco 0.2016 | Nsdr 3.669
[2024-07-28 19:44:08,925][demucs.solver][INFO] - [1mValid Summary | Epoch 3 | Loss=0.1945 | Reco=0.1945 | Nsdr=3.777 | Best=0.1945 | Bname=main[0m
[2024-07-28 19:44:08,926][demucs.solver][INFO] - [1mNew best valid loss 0.1945[0m
[2024-07-28 19:44:27,982][demucs.solver][INFO] - ----------------------------------------------------------------------
[2024-07-28 19:44:27,983][demucs.solver][INFO] - Training...
[2024-07-28 19:44:27,983][demucs.solver][INFO] - Start of epoch 4
[2024-07-28 19:44:27,983][demucs.solver][INFO] - Total batches: 447
[2024-07-28 19:47:02,121][demucs.solver][INFO] - Train | Epoch 4 | 111/447 | 0.73 it/sec | Loss 0.1405 | Reco 0.1405 | Grad 0.1561
[2024-07-28 19:49:36,235][demucs.solver][INFO] - Train | Epoch 4 | 222/447 | 0.72 it/sec | Loss 0.1423 | Reco 0.1423 | Grad 0.1544
[2024-07-28 19:52:09,014][demucs.solver][INFO] - Train | Epoch 4 | 333/447 | 0.72 it/sec | Loss 0.1418 | Reco 0.1418 | Grad 0.1495
[2024-07-28 19:54:40,747][demucs.solver][INFO] - Train | Epoch 4 | 444/447 | 0.73 it/sec | Loss 0.1408 | Reco 0.1408 | Grad 0.1486
[2024-07-28 19:54:43,245][demucs.solver][INFO] - [1mTrain Summary | Epoch 4 | Loss=0.1408 | Reco=0.1408 | Grad=0.1486[0m
[2024-07-28 19:54:43,245][demucs.solver][INFO] - ----------------------------------------------------------------------
[2024-07-28 19:54:43,246][demucs.solver][INFO] - Cross validation...
[2024-07-28 19:54:43,246][demucs.solver][INFO] - Start of epoch 4
[2024-07-28 19:54:43,246][demucs.solver][INFO] - Total batches: 14
[2024-07-28 19:54:55,368][demucs.solver][INFO] - Valid | Epoch 4 | 3/14 | 0.33 it/sec | Loss 0.1941 | Reco 0.1941 | Nsdr 4.602
[2024-07-28 19:55:08,340][demucs.solver][INFO] - Valid | Epoch 4 | 6/14 | 0.28 it/sec | Loss 0.1875 | Reco 0.1875 | Nsdr 4.713
[2024-07-28 19:55:21,938][demucs.solver][INFO] - Valid | Epoch 4 | 9/14 | 0.26 it/sec | Loss 0.2144 | Reco 0.2144 | Nsdr 3.875
[2024-07-28 19:55:32,883][demucs.solver][INFO] - Valid | Epoch 4 | 12/14 | 0.26 it/sec | Loss 0.2001 | Reco 0.2001 | Nsdr 3.679
[2024-07-28 19:55:36,636][demucs.solver][INFO] - [1mValid Summary | Epoch 4 | Loss=0.1927 | Reco=0.1927 | Nsdr=3.788 | Best=0.1927 | Bname=main[0m
[2024-07-28 19:55:36,636][demucs.solver][INFO] - [1mNew best valid loss 0.1927[0m
[2024-07-28 19:55:55,814][demucs.solver][INFO] - ----------------------------------------------------------------------
[2024-07-28 19:55:55,815][demucs.solver][INFO] - Training...
[2024-07-28 19:55:55,815][demucs.solver][INFO] - Start of epoch 5
[2024-07-28 19:55:55,815][demucs.solver][INFO] - Total batches: 447
[2024-07-28 19:58:32,496][demucs.solver][INFO] - Train | Epoch 5 | 111/447 | 0.71 it/sec | Loss 0.1378 | Reco 0.1378 | Grad 0.1562
[2024-07-28 20:01:05,875][demucs.solver][INFO] - Train | Epoch 5 | 222/447 | 0.72 it/sec | Loss 0.1339 | Reco 0.1339 | Grad 0.1512
[2024-07-28 20:03:41,106][demucs.solver][INFO] - Train | Epoch 5 | 333/447 | 0.72 it/sec | Loss 0.1365 | Reco 0.1365 | Grad 0.1455
[2024-07-28 20:06:15,113][demucs.solver][INFO] - Train | Epoch 5 | 444/447 | 0.72 it/sec | Loss 0.1358 | Reco 0.1358 | Grad 0.1495
[2024-07-28 20:06:18,321][demucs.solver][INFO] - [1mTrain Summary | Epoch 5 | Loss=0.1357 | Reco=0.1357 | Grad=0.1496[0m
[2024-07-28 20:06:18,322][demucs.solver][INFO] - ----------------------------------------------------------------------
[2024-07-28 20:06:18,322][demucs.solver][INFO] - Cross validation...
[2024-07-28 20:06:18,322][demucs.solver][INFO] - Start of epoch 5
[2024-07-28 20:06:18,322][demucs.solver][INFO] - Total batches: 14
[2024-07-28 20:06:30,181][demucs.solver][INFO] - Valid | Epoch 5 | 3/14 | 0.34 it/sec | Loss 0.1930 | Reco 0.1930 | Nsdr 4.433
[2024-07-28 20:06:43,080][demucs.solver][INFO] - Valid | Epoch 5 | 6/14 | 0.28 it/sec | Loss 0.1912 | Reco 0.1912 | Nsdr 4.425
[2024-07-28 20:06:56,645][demucs.solver][INFO] - Valid | Epoch 5 | 9/14 | 0.26 it/sec | Loss 0.2180 | Reco 0.2180 | Nsdr 3.651
[2024-07-28 20:07:07,788][demucs.solver][INFO] - Valid | Epoch 5 | 12/14 | 0.26 it/sec | Loss 0.2062 | Reco 0.2062 | Nsdr 3.356
[2024-07-28 20:07:11,544][demucs.solver][INFO] - [1mValid Summary | Epoch 5 | Loss=0.1983 | Reco=0.1983 | Nsdr=3.475 | Best=0.1927 | Bname=main[0m
[2024-07-28 20:07:30,983][demucs.solver][INFO] - ----------------------------------------------------------------------
[2024-07-28 20:07:30,985][demucs.solver][INFO] - Training...
[2024-07-28 20:07:30,985][demucs.solver][INFO] - Start of epoch 6
[2024-07-28 20:07:30,985][demucs.solver][INFO] - Total batches: 447
[2024-07-28 20:10:05,101][demucs.solver][INFO] - Train | Epoch 6 | 111/447 | 0.73 it/sec | Loss 0.1299 | Reco 0.1299 | Grad 0.1487
[2024-07-28 20:12:34,748][demucs.solver][INFO] - Train | Epoch 6 | 222/447 | 0.73 it/sec | Loss 0.1283 | Reco 0.1283 | Grad 0.1456
[2024-07-28 20:15:09,017][demucs.solver][INFO] - Train | Epoch 6 | 333/447 | 0.73 it/sec | Loss 0.1307 | Reco 0.1307 | Grad 0.1437
[2024-07-28 20:17:41,183][demucs.solver][INFO] - Train | Epoch 6 | 444/447 | 0.73 it/sec | Loss 0.1306 | Reco 0.1306 | Grad 0.1423
[2024-07-28 20:17:43,945][demucs.solver][INFO] - [1mTrain Summary | Epoch 6 | Loss=0.1306 | Reco=0.1306 | Grad=0.1424[0m
[2024-07-28 20:17:43,946][demucs.solver][INFO] - ----------------------------------------------------------------------
[2024-07-28 20:17:43,946][demucs.solver][INFO] - Cross validation...
[2024-07-28 20:17:43,946][demucs.solver][INFO] - Start of epoch 6
[2024-07-28 20:17:43,946][demucs.solver][INFO] - Total batches: 14
[2024-07-28 20:17:55,951][demucs.solver][INFO] - Valid | Epoch 6 | 3/14 | 0.33 it/sec | Loss 0.1867 | Reco 0.1867 | Nsdr 4.856
[2024-07-28 20:18:08,927][demucs.solver][INFO] - Valid | Epoch 6 | 6/14 | 0.28 it/sec | Loss 0.1822 | Reco 0.1822 | Nsdr 4.893
[2024-07-28 20:18:22,457][demucs.solver][INFO] - Valid | Epoch 6 | 9/14 | 0.26 it/sec | Loss 0.2032 | Reco 0.2032 | Nsdr 4.254
[2024-07-28 20:18:33,451][demucs.solver][INFO] - Valid | Epoch 6 | 12/14 | 0.26 it/sec | Loss 0.1924 | Reco 0.1924 | Nsdr 3.941
[2024-07-28 20:18:37,193][demucs.solver][INFO] - [1mValid Summary | Epoch 6 | Loss=0.1852 | Reco=0.1852 | Nsdr=4.067 | Best=0.1852 | Bname=main[0m
[2024-07-28 20:18:37,194][demucs.solver][INFO] - [1mNew best valid loss 0.1852[0m
[2024-07-28 20:18:56,715][demucs.solver][INFO] - ----------------------------------------------------------------------
[2024-07-28 20:18:56,715][demucs.solver][INFO] - Training...
[2024-07-28 20:18:56,715][demucs.solver][INFO] - Start of epoch 7
[2024-07-28 20:18:56,716][demucs.solver][INFO] - Total batches: 447
[2024-07-28 20:21:28,670][demucs.solver][INFO] - Train | Epoch 7 | 111/447 | 0.74 it/sec | Loss 0.1347 | Reco 0.1347 | Grad 0.1510
[2024-07-28 20:24:01,969][demucs.solver][INFO] - Train | Epoch 7 | 222/447 | 0.73 it/sec | Loss 0.1343 | Reco 0.1343 | Grad 0.1362
[2024-07-28 20:26:33,820][demucs.solver][INFO] - Train | Epoch 7 | 333/447 | 0.73 it/sec | Loss 0.1342 | Reco 0.1342 | Grad 0.1406
[2024-07-28 20:29:05,867][demucs.solver][INFO] - Train | Epoch 7 | 444/447 | 0.73 it/sec | Loss 0.1326 | Reco 0.1326 | Grad 0.1517
[2024-07-28 20:29:08,911][demucs.solver][INFO] - [1mTrain Summary | Epoch 7 | Loss=0.1325 | Reco=0.1325 | Grad=0.1519[0m
[2024-07-28 20:29:08,912][demucs.solver][INFO] - ----------------------------------------------------------------------
[2024-07-28 20:29:08,912][demucs.solver][INFO] - Cross validation...
[2024-07-28 20:29:08,912][demucs.solver][INFO] - Start of epoch 7
[2024-07-28 20:29:08,912][demucs.solver][INFO] - Total batches: 14
[2024-07-28 20:29:20,706][demucs.solver][INFO] - Valid | Epoch 7 | 3/14 | 0.34 it/sec | Loss 0.1963 | Reco 0.1963 | Nsdr 4.659
[2024-07-28 20:29:33,526][demucs.solver][INFO] - Valid | Epoch 7 | 6/14 | 0.28 it/sec | Loss 0.1854 | Reco 0.1854 | Nsdr 4.884
[2024-07-28 20:29:47,177][demucs.solver][INFO] - Valid | Epoch 7 | 9/14 | 0.26 it/sec | Loss 0.2036 | Reco 0.2036 | Nsdr 4.320
[2024-07-28 20:29:58,252][demucs.solver][INFO] - Valid | Epoch 7 | 12/14 | 0.26 it/sec | Loss 0.1922 | Reco 0.1922 | Nsdr 4.014
[2024-07-28 20:30:02,022][demucs.solver][INFO] - [1mValid Summary | Epoch 7 | Loss=0.1851 | Reco=0.1851 | Nsdr=4.141 | Best=0.1851 | Bname=main[0m
[2024-07-28 20:30:02,022][demucs.solver][INFO] - [1mNew best valid loss 0.1851[0m
[2024-07-28 20:30:20,570][demucs.solver][INFO] - ----------------------------------------------------------------------
[2024-07-28 20:30:20,570][demucs.solver][INFO] - Training...
[2024-07-28 20:30:20,570][demucs.solver][INFO] - Start of epoch 8
[2024-07-28 20:30:20,570][demucs.solver][INFO] - Total batches: 447
[2024-07-28 20:32:54,848][demucs.solver][INFO] - Train | Epoch 8 | 111/447 | 0.73 it/sec | Loss 0.1260 | Reco 0.1260 | Grad 0.1526
[2024-07-28 20:35:28,522][demucs.solver][INFO] - Train | Epoch 8 | 222/447 | 0.72 it/sec | Loss 0.1281 | Reco 0.1281 | Grad 0.1460
[2024-07-28 20:38:03,113][demucs.solver][INFO] - Train | Epoch 8 | 333/447 | 0.72 it/sec | Loss 0.1264 | Reco 0.1264 | Grad 0.1406
[2024-07-28 20:40:32,879][demucs.solver][INFO] - Train | Epoch 8 | 444/447 | 0.73 it/sec | Loss 0.1252 | Reco 0.1252 | Grad 0.1374
[2024-07-28 20:40:36,419][demucs.solver][INFO] - [1mTrain Summary | Epoch 8 | Loss=0.1250 | Reco=0.1250 | Grad=0.1380[0m
[2024-07-28 20:40:36,419][demucs.solver][INFO] - ----------------------------------------------------------------------
[2024-07-28 20:40:36,419][demucs.solver][INFO] - Cross validation...
[2024-07-28 20:40:36,419][demucs.solver][INFO] - Start of epoch 8
[2024-07-28 20:40:36,419][demucs.solver][INFO] - Total batches: 14
[2024-07-28 20:40:48,376][demucs.solver][INFO] - Valid | Epoch 8 | 3/14 | 0.33 it/sec | Loss 0.1833 | Reco 0.1833 | Nsdr 5.121
[2024-07-28 20:41:01,290][demucs.solver][INFO] - Valid | Epoch 8 | 6/14 | 0.28 it/sec | Loss 0.1774 | Reco 0.1774 | Nsdr 5.153
[2024-07-28 20:41:15,099][demucs.solver][INFO] - Valid | Epoch 8 | 9/14 | 0.26 it/sec | Loss 0.1967 | Reco 0.1967 | Nsdr 4.537
[2024-07-28 20:41:26,076][demucs.solver][INFO] - Valid | Epoch 8 | 12/14 | 0.26 it/sec | Loss 0.1864 | Reco 0.1864 | Nsdr 4.237
[2024-07-28 20:41:29,798][demucs.solver][INFO] - [1mValid Summary | Epoch 8 | Loss=0.1794 | Reco=0.1794 | Nsdr=4.356 | Best=0.1794 | Bname=main[0m
[2024-07-28 20:41:29,798][demucs.solver][INFO] - [1mNew best valid loss 0.1794[0m
[2024-07-28 20:41:49,233][demucs.solver][INFO] - ----------------------------------------------------------------------
[2024-07-28 20:41:49,233][demucs.solver][INFO] - Training...
[2024-07-28 20:41:49,233][demucs.solver][INFO] - Start of epoch 9
[2024-07-28 20:41:49,233][demucs.solver][INFO] - Total batches: 447
[2024-07-28 20:44:23,118][demucs.solver][INFO] - Train | Epoch 9 | 111/447 | 0.73 it/sec | Loss 0.1266 | Reco 0.1266 | Grad 0.1392
[2024-07-28 20:46:54,973][demucs.solver][INFO] - Train | Epoch 9 | 222/447 | 0.73 it/sec | Loss 0.1253 | Reco 0.1253 | Grad 0.1401
[2024-07-28 20:49:28,344][demucs.solver][INFO] - Train | Epoch 9 | 333/447 | 0.73 it/sec | Loss 0.1263 | Reco 0.1263 | Grad 0.1441
[2024-07-28 20:51:59,962][demucs.solver][INFO] - Train | Epoch 9 | 444/447 | 0.73 it/sec | Loss 0.1260 | Reco 0.1260 | Grad 0.1428
[2024-07-28 20:52:02,647][demucs.solver][INFO] - [1mTrain Summary | Epoch 9 | Loss=0.1258 | Reco=0.1258 | Grad=0.1428[0m
[2024-07-28 20:52:02,648][demucs.solver][INFO] - ----------------------------------------------------------------------
[2024-07-28 20:52:02,648][demucs.solver][INFO] - Cross validation...
[2024-07-28 20:52:02,648][demucs.solver][INFO] - Start of epoch 9
[2024-07-28 20:52:02,649][demucs.solver][INFO] - Total batches: 14
[2024-07-28 20:52:14,504][demucs.solver][INFO] - Valid | Epoch 9 | 3/14 | 0.34 it/sec | Loss 0.2111 | Reco 0.2111 | Nsdr 4.484
[2024-07-28 20:52:27,416][demucs.solver][INFO] - Valid | Epoch 9 | 6/14 | 0.28 it/sec | Loss 0.1963 | Reco 0.1963 | Nsdr 4.775
[2024-07-28 20:52:40,959][demucs.solver][INFO] - Valid | Epoch 9 | 9/14 | 0.26 it/sec | Loss 0.2126 | Reco 0.2126 | Nsdr 4.215
[2024-07-28 20:52:51,952][demucs.solver][INFO] - Valid | Epoch 9 | 12/14 | 0.26 it/sec | Loss 0.1996 | Reco 0.1996 | Nsdr 3.923
[2024-07-28 20:52:55,687][demucs.solver][INFO] - [1mValid Summary | Epoch 9 | Loss=0.1927 | Reco=0.1927 | Nsdr=4.039 | Best=0.1794 | Bname=main[0m
[2024-07-28 20:53:10,357][demucs.solver][INFO] - ----------------------------------------------------------------------
[2024-07-28 20:53:10,357][demucs.solver][INFO] - Training...
[2024-07-28 20:53:10,357][demucs.solver][INFO] - Start of epoch 10
[2024-07-28 20:53:10,358][demucs.solver][INFO] - Total batches: 447
[2024-07-28 20:55:44,551][demucs.solver][INFO] - Train | Epoch 10 | 111/447 | 0.73 it/sec | Loss 0.1280 | Reco 0.1280 | Grad 0.1778
[2024-07-28 20:58:18,316][demucs.solver][INFO] - Train | Epoch 10 | 222/447 | 0.72 it/sec | Loss 0.1290 | Reco 0.1290 | Grad 0.1588
[2024-07-28 21:00:48,084][demucs.solver][INFO] - Train | Epoch 10 | 333/447 | 0.73 it/sec | Loss 0.1259 | Reco 0.1259 | Grad 0.1537
[2024-07-28 21:03:21,464][demucs.solver][INFO] - Train | Epoch 10 | 444/447 | 0.73 it/sec | Loss 0.1251 | Reco 0.1251 | Grad 0.1473
[2024-07-28 21:03:24,073][demucs.solver][INFO] - [1mTrain Summary | Epoch 10 | Loss=0.1250 | Reco=0.1250 | Grad=0.1471[0m
[2024-07-28 21:03:24,074][demucs.solver][INFO] - ----------------------------------------------------------------------
[2024-07-28 21:03:24,074][demucs.solver][INFO] - Cross validation...
[2024-07-28 21:03:24,074][demucs.solver][INFO] - Start of epoch 10
[2024-07-28 21:03:24,074][demucs.solver][INFO] - Total batches: 14
[2024-07-28 21:03:36,123][demucs.solver][INFO] - Valid | Epoch 10 | 3/14 | 0.33 it/sec | Loss 0.1924 | Reco 0.1924 | Nsdr 4.969
[2024-07-28 21:03:49,140][demucs.solver][INFO] - Valid | Epoch 10 | 6/14 | 0.28 it/sec | Loss 0.1868 | Reco 0.1868 | Nsdr 4.925
[2024-07-28 21:04:02,663][demucs.solver][INFO] - Valid | Epoch 10 | 9/14 | 0.26 it/sec | Loss 0.2053 | Reco 0.2053 | Nsdr 4.312
[2024-07-28 21:04:13,622][demucs.solver][INFO] - Valid | Epoch 10 | 12/14 | 0.26 it/sec | Loss 0.1942 | Reco 0.1942 | Nsdr 3.986
[2024-07-28 21:04:17,353][demucs.solver][INFO] - [1mValid Summary | Epoch 10 | Loss=0.1869 | Reco=0.1869 | Nsdr=4.137 | Best=0.1794 | Bname=main[0m
[2024-07-28 21:04:17,354][demucs.solver][INFO] - ----------------------------------------------------------------------
[2024-07-28 21:04:17,354][demucs.solver][INFO] - Evaluating on the test set...
[2024-07-28 21:10:39,512][demucs.evaluate][INFO] - Eval | 12/50 | 29.2 sec/it
[2024-07-28 21:17:17,429][demucs.evaluate][INFO] - Eval | 24/50 | 31.1 sec/it
[2024-07-28 21:23:26,624][demucs.evaluate][INFO] - Eval | 36/50 | 31.0 sec/it
[2024-07-28 21:30:00,407][demucs.evaluate][INFO] - Eval | 48/50 | 31.4 sec/it
[2024-07-28 21:30:29,415][demucs.solver][INFO] - [1mTest Summary | Epoch 10 | Nsdr=-0.046 | Nsdr_drums=3.904 | Nsdr_bass=-1.235 | Nsdr_other=-1.057 | Nsdr_vocals=-1.796[0m
[2024-07-28 21:30:49,632][demucs.solver][INFO] - ----------------------------------------------------------------------
[2024-07-28 21:30:49,633][demucs.solver][INFO] - Training...
[2024-07-28 21:30:49,633][demucs.solver][INFO] - Start of epoch 11
[2024-07-28 21:30:49,634][demucs.solver][INFO] - Total batches: 447
[2024-07-28 21:33:34,739][demucs.solver][INFO] - Train | Epoch 11 | 111/447 | 0.68 it/sec | Loss 0.1206 | Reco 0.1206 | Grad 0.1330
[2024-07-28 21:36:05,635][demucs.solver][INFO] - Train | Epoch 11 | 222/447 | 0.71 it/sec | Loss 0.1203 | Reco 0.1203 | Grad 0.1362
[2024-07-28 21:38:36,914][demucs.solver][INFO] - Train | Epoch 11 | 333/447 | 0.71 it/sec | Loss 0.1184 | Reco 0.1184 | Grad 0.1399
[2024-07-28 21:41:09,677][demucs.solver][INFO] - Train | Epoch 11 | 444/447 | 0.72 it/sec | Loss 0.1209 | Reco 0.1209 | Grad 0.1401
[2024-07-28 21:41:13,046][demucs.solver][INFO] - [1mTrain Summary | Epoch 11 | Loss=0.1208 | Reco=0.1208 | Grad=0.1400[0m
[2024-07-28 21:41:13,046][demucs.solver][INFO] - ----------------------------------------------------------------------
[2024-07-28 21:41:13,046][demucs.solver][INFO] - Cross validation...
[2024-07-28 21:41:13,046][demucs.solver][INFO] - Start of epoch 11
[2024-07-28 21:41:13,046][demucs.solver][INFO] - Total batches: 14
[2024-07-28 21:41:25,042][demucs.solver][INFO] - Valid | Epoch 11 | 3/14 | 0.33 it/sec | Loss 0.1858 | Reco 0.1858 | Nsdr 5.211
[2024-07-28 21:41:38,040][demucs.solver][INFO] - Valid | Epoch 11 | 6/14 | 0.28 it/sec | Loss 0.1737 | Reco 0.1737 | Nsdr 5.446
[2024-07-28 21:41:51,749][demucs.solver][INFO] - Valid | Epoch 11 | 9/14 | 0.26 it/sec | Loss 0.1880 | Reco 0.1880 | Nsdr 4.967
[2024-07-28 21:42:02,706][demucs.solver][INFO] - Valid | Epoch 11 | 12/14 | 0.26 it/sec | Loss 0.1787 | Reco 0.1787 | Nsdr 4.640
[2024-07-28 21:42:06,455][demucs.solver][INFO] - [1mValid Summary | Epoch 11 | Loss=0.1724 | Reco=0.1724 | Nsdr=4.754 | Best=0.1724 | Bname=main[0m
[2024-07-28 21:42:06,455][demucs.solver][INFO] - [1mNew best valid loss 0.1724[0m
[2024-07-28 21:42:25,326][demucs.solver][INFO] - ----------------------------------------------------------------------
[2024-07-28 21:42:25,327][demucs.solver][INFO] - Training...
[2024-07-28 21:42:25,328][demucs.solver][INFO] - Start of epoch 12
[2024-07-28 21:42:25,328][demucs.solver][INFO] - Total batches: 447
[2024-07-28 21:44:56,651][demucs.solver][INFO] - Train | Epoch 12 | 111/447 | 0.74 it/sec | Loss 0.1136 | Reco 0.1136 | Grad 0.1462
[2024-07-28 21:47:32,489][demucs.solver][INFO] - Train | Epoch 12 | 222/447 | 0.73 it/sec | Loss 0.1199 | Reco 0.1199 | Grad 0.1432
[2024-07-28 21:50:04,433][demucs.solver][INFO] - Train | Epoch 12 | 333/447 | 0.73 it/sec | Loss 0.1174 | Reco 0.1174 | Grad 0.1336
[2024-07-28 21:52:36,093][demucs.solver][INFO] - Train | Epoch 12 | 444/447 | 0.73 it/sec | Loss 0.1186 | Reco 0.1186 | Grad 0.1323
[2024-07-28 21:52:39,311][demucs.solver][INFO] - [1mTrain Summary | Epoch 12 | Loss=0.1185 | Reco=0.1185 | Grad=0.1327[0m
[2024-07-28 21:52:39,312][demucs.solver][INFO] - ----------------------------------------------------------------------
[2024-07-28 21:52:39,312][demucs.solver][INFO] - Cross validation...
[2024-07-28 21:52:39,312][demucs.solver][INFO] - Start of epoch 12
[2024-07-28 21:52:39,312][demucs.solver][INFO] - Total batches: 14
[2024-07-28 21:52:51,092][demucs.solver][INFO] - Valid | Epoch 12 | 3/14 | 0.34 it/sec | Loss 0.1716 | Reco 0.1716 | Nsdr 5.698
[2024-07-28 21:53:04,124][demucs.solver][INFO] - Valid | Epoch 12 | 6/14 | 0.28 it/sec | Loss 0.1675 | Reco 0.1675 | Nsdr 5.638
[2024-07-28 21:53:17,645][demucs.solver][INFO] - Valid | Epoch 12 | 9/14 | 0.26 it/sec | Loss 0.1858 | Reco 0.1858 | Nsdr 5.031
[2024-07-28 21:53:28,615][demucs.solver][INFO] - Valid | Epoch 12 | 12/14 | 0.26 it/sec | Loss 0.1761 | Reco 0.1761 | Nsdr 4.708
[2024-07-28 21:53:32,338][demucs.solver][INFO] - [1mValid Summary | Epoch 12 | Loss=0.1696 | Reco=0.1696 | Nsdr=4.840 | Best=0.1696 | Bname=main[0m
[2024-07-28 21:53:32,339][demucs.solver][INFO] - [1mNew best valid loss 0.1696[0m
[2024-07-28 21:53:51,797][demucs.solver][INFO] - ----------------------------------------------------------------------
[2024-07-28 21:53:51,797][demucs.solver][INFO] - Training...
[2024-07-28 21:53:51,797][demucs.solver][INFO] - Start of epoch 13
[2024-07-28 21:53:51,797][demucs.solver][INFO] - Total batches: 447
[2024-07-28 21:56:23,648][demucs.solver][INFO] - Train | Epoch 13 | 111/447 | 0.74 it/sec | Loss 0.1173 | Reco 0.1173 | Grad 0.1429
[2024-07-28 21:58:57,118][demucs.solver][INFO] - Train | Epoch 13 | 222/447 | 0.73 it/sec | Loss 0.1138 | Reco 0.1138 | Grad 0.1491
[2024-07-28 22:01:31,964][demucs.solver][INFO] - Train | Epoch 13 | 333/447 | 0.73 it/sec | Loss 0.1168 | Reco 0.1168 | Grad 0.1505
[2024-07-28 22:04:02,408][demucs.solver][INFO] - Train | Epoch 13 | 444/447 | 0.73 it/sec | Loss 0.1175 | Reco 0.1175 | Grad 0.1472
[2024-07-28 22:04:04,681][demucs.solver][INFO] - [1mTrain Summary | Epoch 13 | Loss=0.1175 | Reco=0.1175 | Grad=0.1470[0m
[2024-07-28 22:04:04,681][demucs.solver][INFO] - ----------------------------------------------------------------------
[2024-07-28 22:04:04,681][demucs.solver][INFO] - Cross validation...
[2024-07-28 22:04:04,681][demucs.solver][INFO] - Start of epoch 13
[2024-07-28 22:04:04,681][demucs.solver][INFO] - Total batches: 14
[2024-07-28 22:04:16,464][demucs.solver][INFO] - Valid | Epoch 13 | 3/14 | 0.34 it/sec | Loss 0.1782 | Reco 0.1782 | Nsdr 5.474
[2024-07-28 22:04:29,382][demucs.solver][INFO] - Valid | Epoch 13 | 6/14 | 0.28 it/sec | Loss 0.1721 | Reco 0.1721 | Nsdr 5.507
[2024-07-28 22:04:43,156][demucs.solver][INFO] - Valid | Epoch 13 | 9/14 | 0.26 it/sec | Loss 0.1902 | Reco 0.1902 | Nsdr 4.896
[2024-07-28 22:04:54,230][demucs.solver][INFO] - Valid | Epoch 13 | 12/14 | 0.26 it/sec | Loss 0.1811 | Reco 0.1811 | Nsdr 4.565
[2024-07-28 22:04:57,993][demucs.solver][INFO] - [1mValid Summary | Epoch 13 | Loss=0.1746 | Reco=0.1746 | Nsdr=4.689 | Best=0.1696 | Bname=main[0m
[2024-07-28 22:05:12,595][demucs.solver][INFO] - ----------------------------------------------------------------------
[2024-07-28 22:05:12,596][demucs.solver][INFO] - Training...
[2024-07-28 22:05:12,596][demucs.solver][INFO] - Start of epoch 14
[2024-07-28 22:05:12,596][demucs.solver][INFO] - Total batches: 447
[2024-07-28 22:07:45,937][demucs.solver][INFO] - Train | Epoch 14 | 111/447 | 0.73 it/sec | Loss 0.1232 | Reco 0.1232 | Grad 0.1494
[2024-07-28 22:10:17,396][demucs.solver][INFO] - Train | Epoch 14 | 222/447 | 0.73 it/sec | Loss 0.1212 | Reco 0.1212 | Grad 0.1457
[2024-07-28 22:12:49,025][demucs.solver][INFO] - Train | Epoch 14 | 333/447 | 0.73 it/sec | Loss 0.1188 | Reco 0.1188 | Grad 0.1487
[2024-07-28 22:15:19,725][demucs.solver][INFO] - Train | Epoch 14 | 444/447 | 0.73 it/sec | Loss 0.1183 | Reco 0.1183 | Grad 0.1431
[2024-07-28 22:15:22,224][demucs.solver][INFO] - [1mTrain Summary | Epoch 14 | Loss=0.1184 | Reco=0.1184 | Grad=0.1428[0m
[2024-07-28 22:15:22,224][demucs.solver][INFO] - ----------------------------------------------------------------------
[2024-07-28 22:15:22,224][demucs.solver][INFO] - Cross validation...
[2024-07-28 22:15:22,225][demucs.solver][INFO] - Start of epoch 14
[2024-07-28 22:15:22,225][demucs.solver][INFO] - Total batches: 14
[2024-07-28 22:15:34,209][demucs.solver][INFO] - Valid | Epoch 14 | 3/14 | 0.33 it/sec | Loss 0.1719 | Reco 0.1719 | Nsdr 5.785
[2024-07-28 22:15:47,192][demucs.solver][INFO] - Valid | Epoch 14 | 6/14 | 0.28 it/sec | Loss 0.1652 | Reco 0.1652 | Nsdr 5.828
[2024-07-28 22:16:00,797][demucs.solver][INFO] - Valid | Epoch 14 | 9/14 | 0.26 it/sec | Loss 0.1847 | Reco 0.1847 | Nsdr 5.172
[2024-07-28 22:16:11,839][demucs.solver][INFO] - Valid | Epoch 14 | 12/14 | 0.26 it/sec | Loss 0.1758 | Reco 0.1758 | Nsdr 4.841
[2024-07-28 22:16:15,571][demucs.solver][INFO] - [1mValid Summary | Epoch 14 | Loss=0.1694 | Reco=0.1694 | Nsdr=4.964 | Best=0.1694 | Bname=main[0m
[2024-07-28 22:16:15,571][demucs.solver][INFO] - [1mNew best valid loss 0.1694[0m
[2024-07-28 22:16:34,949][demucs.solver][INFO] - ----------------------------------------------------------------------
[2024-07-28 22:16:34,949][demucs.solver][INFO] - Training...
[2024-07-28 22:16:34,949][demucs.solver][INFO] - Start of epoch 15
[2024-07-28 22:16:34,950][demucs.solver][INFO] - Total batches: 447
[2024-07-28 22:19:08,416][demucs.solver][INFO] - Train | Epoch 15 | 111/447 | 0.73 it/sec | Loss 0.1190 | Reco 0.1190 | Grad 0.1473
[2024-07-28 22:21:38,378][demucs.solver][INFO] - Train | Epoch 15 | 222/447 | 0.73 it/sec | Loss 0.1156 | Reco 0.1156 | Grad 0.1402
[2024-07-28 22:24:10,361][demucs.solver][INFO] - Train | Epoch 15 | 333/447 | 0.73 it/sec | Loss 0.1173 | Reco 0.1173 | Grad 0.1384
[2024-07-28 22:26:47,554][demucs.solver][INFO] - Train | Epoch 15 | 444/447 | 0.73 it/sec | Loss 0.1157 | Reco 0.1157 | Grad 0.1413
[2024-07-28 22:26:50,139][demucs.solver][INFO] - [1mTrain Summary | Epoch 15 | Loss=0.1156 | Reco=0.1156 | Grad=0.1414[0m
[2024-07-28 22:26:50,139][demucs.solver][INFO] - ----------------------------------------------------------------------
[2024-07-28 22:26:50,139][demucs.solver][INFO] - Cross validation...
[2024-07-28 22:26:50,140][demucs.solver][INFO] - Start of epoch 15
[2024-07-28 22:26:50,140][demucs.solver][INFO] - Total batches: 14
[2024-07-28 22:27:01,951][demucs.solver][INFO] - Valid | Epoch 15 | 3/14 | 0.34 it/sec | Loss 0.1734 | Reco 0.1734 | Nsdr 5.561
[2024-07-28 22:27:14,999][demucs.solver][INFO] - Valid | Epoch 15 | 6/14 | 0.28 it/sec | Loss 0.1675 | Reco 0.1675 | Nsdr 5.608
[2024-07-28 22:27:28,743][demucs.solver][INFO] - Valid | Epoch 15 | 9/14 | 0.26 it/sec | Loss 0.1874 | Reco 0.1874 | Nsdr 4.971
[2024-07-28 22:27:39,877][demucs.solver][INFO] - Valid | Epoch 15 | 12/14 | 0.26 it/sec | Loss 0.1788 | Reco 0.1788 | Nsdr 4.595
[2024-07-28 22:27:43,606][demucs.solver][INFO] - [1mValid Summary | Epoch 15 | Loss=0.1721 | Reco=0.1721 | Nsdr=4.727 | Best=0.1694 | Bname=main[0m
[2024-07-28 22:28:03,736][demucs.solver][INFO] - ----------------------------------------------------------------------
[2024-07-28 22:28:03,737][demucs.solver][INFO] - Training...
[2024-07-28 22:28:03,737][demucs.solver][INFO] - Start of epoch 16
[2024-07-28 22:28:03,738][demucs.solver][INFO] - Total batches: 447
[2024-07-28 22:30:40,070][demucs.solver][INFO] - Train | Epoch 16 | 111/447 | 0.72 it/sec | Loss 0.1166 | Reco 0.1166 | Grad 0.1409
[2024-07-28 22:33:12,553][demucs.solver][INFO] - Train | Epoch 16 | 222/447 | 0.72 it/sec | Loss 0.1144 | Reco 0.1144 | Grad 0.1365
[2024-07-28 22:35:45,697][demucs.solver][INFO] - Train | Epoch 16 | 333/447 | 0.72 it/sec | Loss 0.1161 | Reco 0.1161 | Grad 0.1382
[2024-07-28 22:38:17,296][demucs.solver][INFO] - Train | Epoch 16 | 444/447 | 0.73 it/sec | Loss 0.1162 | Reco 0.1162 | Grad 0.1425
[2024-07-28 22:38:20,030][demucs.solver][INFO] - [1mTrain Summary | Epoch 16 | Loss=0.1163 | Reco=0.1163 | Grad=0.1425[0m
[2024-07-28 22:38:20,030][demucs.solver][INFO] - ----------------------------------------------------------------------
[2024-07-28 22:38:20,030][demucs.solver][INFO] - Cross validation...
[2024-07-28 22:38:20,031][demucs.solver][INFO] - Start of epoch 16
[2024-07-28 22:38:20,031][demucs.solver][INFO] - Total batches: 14
[2024-07-28 22:38:32,090][demucs.solver][INFO] - Valid | Epoch 16 | 3/14 | 0.33 it/sec | Loss 0.1734 | Reco 0.1734 | Nsdr 5.702
[2024-07-28 22:38:44,929][demucs.solver][INFO] - Valid | Epoch 16 | 6/14 | 0.28 it/sec | Loss 0.1676 | Reco 0.1676 | Nsdr 5.734
[2024-07-28 22:38:58,404][demucs.solver][INFO] - Valid | Epoch 16 | 9/14 | 0.26 it/sec | Loss 0.1841 | Reco 0.1841 | Nsdr 5.196
[2024-07-28 22:39:09,764][demucs.solver][INFO] - Valid | Epoch 16 | 12/14 | 0.26 it/sec | Loss 0.1746 | Reco 0.1746 | Nsdr 4.818
[2024-07-28 22:39:13,464][demucs.solver][INFO] - [1mValid Summary | Epoch 16 | Loss=0.1687 | Reco=0.1687 | Nsdr=4.915 | Best=0.1687 | Bname=main[0m
[2024-07-28 22:39:13,464][demucs.solver][INFO] - [1mNew best valid loss 0.1687[0m
[2024-07-28 22:39:32,731][demucs.solver][INFO] - ----------------------------------------------------------------------
[2024-07-28 22:39:32,732][demucs.solver][INFO] - Training...
[2024-07-28 22:39:32,732][demucs.solver][INFO] - Start of epoch 17
[2024-07-28 22:39:32,732][demucs.solver][INFO] - Total batches: 447
[2024-07-28 22:42:06,657][demucs.solver][INFO] - Train | Epoch 17 | 111/447 | 0.73 it/sec | Loss 0.1118 | Reco 0.1118 | Grad 0.1210
[2024-07-28 22:44:41,432][demucs.solver][INFO] - Train | Epoch 17 | 222/447 | 0.72 it/sec | Loss 0.1110 | Reco 0.1110 | Grad 0.1298
[2024-07-28 22:47:12,525][demucs.solver][INFO] - Train | Epoch 17 | 333/447 | 0.73 it/sec | Loss 0.1121 | Reco 0.1121 | Grad 0.1265
[2024-07-28 22:49:43,051][demucs.solver][INFO] - Train | Epoch 17 | 444/447 | 0.73 it/sec | Loss 0.1128 | Reco 0.1128 | Grad 0.1298
[2024-07-28 22:49:45,457][demucs.solver][INFO] - [1mTrain Summary | Epoch 17 | Loss=0.1128 | Reco=0.1128 | Grad=0.1306[0m
[2024-07-28 22:49:45,457][demucs.solver][INFO] - ----------------------------------------------------------------------
[2024-07-28 22:49:45,458][demucs.solver][INFO] - Cross validation...
[2024-07-28 22:49:45,458][demucs.solver][INFO] - Start of epoch 17
[2024-07-28 22:49:45,458][demucs.solver][INFO] - Total batches: 14
[2024-07-28 22:49:57,295][demucs.solver][INFO] - Valid | Epoch 17 | 3/14 | 0.34 it/sec | Loss 0.1835 | Reco 0.1835 | Nsdr 5.524
[2024-07-28 22:50:10,189][demucs.solver][INFO] - Valid | Epoch 17 | 6/14 | 0.28 it/sec | Loss 0.1729 | Reco 0.1729 | Nsdr 5.708
[2024-07-28 22:50:23,804][demucs.solver][INFO] - Valid | Epoch 17 | 9/14 | 0.26 it/sec | Loss 0.1884 | Reco 0.1884 | Nsdr 5.144
[2024-07-28 22:50:35,010][demucs.solver][INFO] - Valid | Epoch 17 | 12/14 | 0.26 it/sec | Loss 0.1782 | Reco 0.1782 | Nsdr 4.769
[2024-07-28 22:50:38,874][demucs.solver][INFO] - [1mValid Summary | Epoch 17 | Loss=0.1719 | Reco=0.1719 | Nsdr=4.894 | Best=0.1687 | Bname=main[0m
[2024-07-28 22:50:53,557][demucs.solver][INFO] - ----------------------------------------------------------------------
[2024-07-28 22:50:53,558][demucs.solver][INFO] - Training...
[2024-07-28 22:50:53,558][demucs.solver][INFO] - Start of epoch 18
[2024-07-28 22:50:53,558][demucs.solver][INFO] - Total batches: 447
[2024-07-28 22:53:27,427][demucs.solver][INFO] - Train | Epoch 18 | 111/447 | 0.73 it/sec | Loss 0.1127 | Reco 0.1127 | Grad 0.1254
[2024-07-28 22:55:57,221][demucs.solver][INFO] - Train | Epoch 18 | 222/447 | 0.73 it/sec | Loss 0.1108 | Reco 0.1108 | Grad 0.1305
[2024-07-28 22:58:30,501][demucs.solver][INFO] - Train | Epoch 18 | 333/447 | 0.73 it/sec | Loss 0.1102 | Reco 0.1102 | Grad 0.1342
[2024-07-28 23:01:03,074][demucs.solver][INFO] - Train | Epoch 18 | 444/447 | 0.73 it/sec | Loss 0.1115 | Reco 0.1115 | Grad 0.1368
[2024-07-28 23:01:06,153][demucs.solver][INFO] - [1mTrain Summary | Epoch 18 | Loss=0.1115 | Reco=0.1115 | Grad=0.1369[0m
[2024-07-28 23:01:06,153][demucs.solver][INFO] - ----------------------------------------------------------------------
[2024-07-28 23:01:06,153][demucs.solver][INFO] - Cross validation...
[2024-07-28 23:01:06,153][demucs.solver][INFO] - Start of epoch 18
[2024-07-28 23:01:06,154][demucs.solver][INFO] - Total batches: 14
[2024-07-28 23:01:18,005][demucs.solver][INFO] - Valid | Epoch 18 | 3/14 | 0.34 it/sec | Loss 0.1709 | Reco 0.1709 | Nsdr 5.740
[2024-07-28 23:01:30,957][demucs.solver][INFO] - Valid | Epoch 18 | 6/14 | 0.28 it/sec | Loss 0.1657 | Reco 0.1657 | Nsdr 5.773
[2024-07-28 23:01:44,496][demucs.solver][INFO] - Valid | Epoch 18 | 9/14 | 0.26 it/sec | Loss 0.1847 | Reco 0.1847 | Nsdr 5.110
[2024-07-28 23:01:55,440][demucs.solver][INFO] - Valid | Epoch 18 | 12/14 | 0.26 it/sec | Loss 0.1751 | Reco 0.1751 | Nsdr 4.710
[2024-07-28 23:01:59,170][demucs.solver][INFO] - [1mValid Summary | Epoch 18 | Loss=0.1692 | Reco=0.1692 | Nsdr=4.823 | Best=0.1687 | Bname=main[0m
[2024-07-28 23:02:12,957][demucs.solver][INFO] - ----------------------------------------------------------------------
[2024-07-28 23:02:12,958][demucs.solver][INFO] - Training...
[2024-07-28 23:02:12,958][demucs.solver][INFO] - Start of epoch 19
[2024-07-28 23:02:12,958][demucs.solver][INFO] - Total batches: 447
[2024-07-28 23:04:48,018][demucs.solver][INFO] - Train | Epoch 19 | 111/447 | 0.72 it/sec | Loss 0.1095 | Reco 0.1095 | Grad 0.1147
[2024-07-28 23:07:18,435][demucs.solver][INFO] - Train | Epoch 19 | 222/447 | 0.73 it/sec | Loss 0.1084 | Reco 0.1084 | Grad 0.1230
[2024-07-28 23:09:52,852][demucs.solver][INFO] - Train | Epoch 19 | 333/447 | 0.73 it/sec | Loss 0.1069 | Reco 0.1069 | Grad 0.1263
[2024-07-28 23:12:28,239][demucs.solver][INFO] - Train | Epoch 19 | 444/447 | 0.72 it/sec | Loss 0.1086 | Reco 0.1086 | Grad 0.1244
[2024-07-28 23:12:31,034][demucs.solver][INFO] - [1mTrain Summary | Epoch 19 | Loss=0.1084 | Reco=0.1084 | Grad=0.1249[0m
[2024-07-28 23:12:31,034][demucs.solver][INFO] - ----------------------------------------------------------------------
[2024-07-28 23:12:31,035][demucs.solver][INFO] - Cross validation...
[2024-07-28 23:12:31,035][demucs.solver][INFO] - Start of epoch 19
[2024-07-28 23:12:31,035][demucs.solver][INFO] - Total batches: 14
[2024-07-28 23:12:42,900][demucs.solver][INFO] - Valid | Epoch 19 | 3/14 | 0.34 it/sec | Loss 0.1722 | Reco 0.1722 | Nsdr 5.859
[2024-07-28 23:12:55,826][demucs.solver][INFO] - Valid | Epoch 19 | 6/14 | 0.28 it/sec | Loss 0.1631 | Reco 0.1631 | Nsdr 5.989
[2024-07-28 23:13:09,452][demucs.solver][INFO] - Valid | Epoch 19 | 9/14 | 0.26 it/sec | Loss 0.1769 | Reco 0.1769 | Nsdr 5.497
[2024-07-28 23:13:20,463][demucs.solver][INFO] - Valid | Epoch 19 | 12/14 | 0.26 it/sec | Loss 0.1681 | Reco 0.1681 | Nsdr 5.131
[2024-07-28 23:13:24,161][demucs.solver][INFO] - [1mValid Summary | Epoch 19 | Loss=0.1621 | Reco=0.1621 | Nsdr=5.251 | Best=0.1621 | Bname=main[0m
[2024-07-28 23:13:24,162][demucs.solver][INFO] - [1mNew best valid loss 0.1621[0m
[2024-07-28 23:13:42,983][demucs.solver][INFO] - ----------------------------------------------------------------------
[2024-07-28 23:13:42,984][demucs.solver][INFO] - Training...
[2024-07-28 23:13:42,984][demucs.solver][INFO] - Start of epoch 20
[2024-07-28 23:13:42,984][demucs.solver][INFO] - Total batches: 447
[2024-07-28 23:16:18,540][demucs.solver][INFO] - Train | Epoch 20 | 111/447 | 0.72 it/sec | Loss 0.1041 | Reco 0.1041 | Grad 0.1488
[2024-07-28 23:18:48,610][demucs.solver][INFO] - Train | Epoch 20 | 222/447 | 0.73 it/sec | Loss 0.1054 | Reco 0.1054 | Grad 0.1351
[2024-07-28 23:21:20,444][demucs.solver][INFO] - Train | Epoch 20 | 333/447 | 0.73 it/sec | Loss 0.1064 | Reco 0.1064 | Grad 0.1276
[2024-07-28 23:23:58,296][demucs.solver][INFO] - Train | Epoch 20 | 444/447 | 0.72 it/sec | Loss 0.1075 | Reco 0.1075 | Grad 0.1261
[2024-07-28 23:24:00,778][demucs.solver][INFO] - [1mTrain Summary | Epoch 20 | Loss=0.1076 | Reco=0.1076 | Grad=0.1262[0m
[2024-07-28 23:24:00,779][demucs.solver][INFO] - ----------------------------------------------------------------------
[2024-07-28 23:24:00,779][demucs.solver][INFO] - Cross validation...
[2024-07-28 23:24:00,779][demucs.solver][INFO] - Start of epoch 20
[2024-07-28 23:24:00,779][demucs.solver][INFO] - Total batches: 14
[2024-07-28 23:24:12,666][demucs.solver][INFO] - Valid | Epoch 20 | 3/14 | 0.34 it/sec | Loss 0.1698 | Reco 0.1698 | Nsdr 5.802
[2024-07-28 23:24:25,518][demucs.solver][INFO] - Valid | Epoch 20 | 6/14 | 0.28 it/sec | Loss 0.1652 | Reco 0.1652 | Nsdr 5.765
[2024-07-28 23:24:39,105][demucs.solver][INFO] - Valid | Epoch 20 | 9/14 | 0.26 it/sec | Loss 0.1821 | Reco 0.1821 | Nsdr 5.199
[2024-07-28 23:24:50,119][demucs.solver][INFO] - Valid | Epoch 20 | 12/14 | 0.26 it/sec | Loss 0.1737 | Reco 0.1737 | Nsdr 4.838
[2024-07-28 23:24:53,828][demucs.solver][INFO] - [1mValid Summary | Epoch 20 | Loss=0.1677 | Reco=0.1677 | Nsdr=4.939 | Best=0.1621 | Bname=main[0m
[2024-07-28 23:24:53,828][demucs.solver][INFO] - ----------------------------------------------------------------------
[2024-07-28 23:24:53,828][demucs.solver][INFO] - Evaluating on the test set...
[2024-07-28 23:31:21,717][demucs.evaluate][INFO] - Eval | 12/50 | 29.6 sec/it
[2024-07-28 23:38:08,047][demucs.evaluate][INFO] - Eval | 24/50 | 31.7 sec/it
[2024-07-28 23:44:23,551][demucs.evaluate][INFO] - Eval | 36/50 | 31.5 sec/it
[2024-07-28 23:51:02,419][demucs.evaluate][INFO] - Eval | 48/50 | 32.0 sec/it
[2024-07-28 23:51:32,140][demucs.solver][INFO] - [1mTest Summary | Epoch 20 | Nsdr=0.244 | Nsdr_drums=4.620 | Nsdr_bass=-1.159 | Nsdr_other=-1.087 | Nsdr_vocals=-1.399[0m
[2024-07-28 23:51:52,345][demucs.solver][INFO] - ----------------------------------------------------------------------
[2024-07-28 23:51:52,345][demucs.solver][INFO] - Training...
[2024-07-28 23:51:52,345][demucs.solver][INFO] - Start of epoch 21
[2024-07-28 23:51:52,345][demucs.solver][INFO] - Total batches: 447
[2024-07-28 23:54:38,711][demucs.solver][INFO] - Train | Epoch 21 | 111/447 | 0.67 it/sec | Loss 0.1008 | Reco 0.1008 | Grad 0.1370
[2024-07-28 23:57:11,844][demucs.solver][INFO] - Train | Epoch 21 | 222/447 | 0.70 it/sec | Loss 0.1052 | Reco 0.1052 | Grad 0.1226
[2024-07-28 23:59:41,169][demucs.solver][INFO] - Train | Epoch 21 | 333/447 | 0.71 it/sec | Loss 0.1065 | Reco 0.1065 | Grad 0.1268
[2024-07-29 00:02:14,025][demucs.solver][INFO] - Train | Epoch 21 | 444/447 | 0.72 it/sec | Loss 0.1074 | Reco 0.1074 | Grad 0.1294
[2024-07-29 00:02:17,179][demucs.solver][INFO] - [1mTrain Summary | Epoch 21 | Loss=0.1074 | Reco=0.1074 | Grad=0.1294[0m
[2024-07-29 00:02:17,179][demucs.solver][INFO] - ----------------------------------------------------------------------
[2024-07-29 00:02:17,180][demucs.solver][INFO] - Cross validation...
[2024-07-29 00:02:17,180][demucs.solver][INFO] - Start of epoch 21
[2024-07-29 00:02:17,180][demucs.solver][INFO] - Total batches: 14
[2024-07-29 00:02:29,562][demucs.solver][INFO] - Valid | Epoch 21 | 3/14 | 0.32 it/sec | Loss 0.1640 | Reco 0.1640 | Nsdr 6.117
[2024-07-29 00:02:42,982][demucs.solver][INFO] - Valid | Epoch 21 | 6/14 | 0.27 it/sec | Loss 0.1599 | Reco 0.1599 | Nsdr 6.084
[2024-07-29 00:02:56,750][demucs.solver][INFO] - Valid | Epoch 21 | 9/14 | 0.25 it/sec | Loss 0.1767 | Reco 0.1767 | Nsdr 5.463
[2024-07-29 00:03:07,816][demucs.solver][INFO] - Valid | Epoch 21 | 12/14 | 0.26 it/sec | Loss 0.1687 | Reco 0.1687 | Nsdr 5.056
[2024-07-29 00:03:11,551][demucs.solver][INFO] - [1mValid Summary | Epoch 21 | Loss=0.1627 | Reco=0.1627 | Nsdr=5.184 | Best=0.1621 | Bname=main[0m
[2024-07-29 00:03:26,284][demucs.solver][INFO] - ----------------------------------------------------------------------
[2024-07-29 00:03:26,285][demucs.solver][INFO] - Training...
[2024-07-29 00:03:26,285][demucs.solver][INFO] - Start of epoch 22
[2024-07-29 00:03:26,285][demucs.solver][INFO] - Total batches: 447
[2024-07-29 00:06:02,292][demucs.solver][INFO] - Train | Epoch 22 | 111/447 | 0.72 it/sec | Loss 0.1063 | Reco 0.1063 | Grad 0.1244
[2024-07-29 00:08:32,126][demucs.solver][INFO] - Train | Epoch 22 | 222/447 | 0.73 it/sec | Loss 0.1045 | Reco 0.1045 | Grad 0.1235
[2024-07-29 00:11:08,137][demucs.solver][INFO] - Train | Epoch 22 | 333/447 | 0.72 it/sec | Loss 0.1023 | Reco 0.1023 | Grad 0.1339
[2024-07-29 00:13:39,122][demucs.solver][INFO] - Train | Epoch 22 | 444/447 | 0.73 it/sec | Loss 0.1054 | Reco 0.1054 | Grad 0.1313
[2024-07-29 00:13:42,417][demucs.solver][INFO] - [1mTrain Summary | Epoch 22 | Loss=0.1053 | Reco=0.1053 | Grad=0.1312[0m
[2024-07-29 00:13:42,417][demucs.solver][INFO] - ----------------------------------------------------------------------
[2024-07-29 00:13:42,417][demucs.solver][INFO] - Cross validation...
[2024-07-29 00:13:42,418][demucs.solver][INFO] - Start of epoch 22
[2024-07-29 00:13:42,418][demucs.solver][INFO] - Total batches: 14
[2024-07-29 00:13:54,586][demucs.solver][INFO] - Valid | Epoch 22 | 3/14 | 0.33 it/sec | Loss 0.1678 | Reco 0.1678 | Nsdr 6.053
[2024-07-29 00:14:07,920][demucs.solver][INFO] - Valid | Epoch 22 | 6/14 | 0.27 it/sec | Loss 0.1618 | Reco 0.1618 | Nsdr 6.032
[2024-07-29 00:14:21,721][demucs.solver][INFO] - Valid | Epoch 22 | 9/14 | 0.25 it/sec | Loss 0.1777 | Reco 0.1777 | Nsdr 5.470
[2024-07-29 00:14:32,877][demucs.solver][INFO] - Valid | Epoch 22 | 12/14 | 0.26 it/sec | Loss 0.1691 | Reco 0.1691 | Nsdr 5.118
[2024-07-29 00:14:36,612][demucs.solver][INFO] - [1mValid Summary | Epoch 22 | Loss=0.1633 | Reco=0.1633 | Nsdr=5.233 | Best=0.1621 | Bname=main[0m
[2024-07-29 00:14:51,131][demucs.solver][INFO] - ----------------------------------------------------------------------
[2024-07-29 00:14:51,132][demucs.solver][INFO] - Training...
[2024-07-29 00:14:51,132][demucs.solver][INFO] - Start of epoch 23
[2024-07-29 00:14:51,132][demucs.solver][INFO] - Total batches: 447
[2024-07-29 00:17:29,186][demucs.solver][INFO] - Train | Epoch 23 | 111/447 | 0.71 it/sec | Loss 0.1026 | Reco 0.1026 | Grad 0.1422
[2024-07-29 00:19:59,535][demucs.solver][INFO] - Train | Epoch 23 | 222/447 | 0.72 it/sec | Loss 0.1143 | Reco 0.1143 | Grad 0.1599
[2024-07-29 00:22:32,596][demucs.solver][INFO] - Train | Epoch 23 | 333/447 | 0.72 it/sec | Loss 0.1136 | Reco 0.1136 | Grad 0.1502
[2024-07-29 00:25:06,823][demucs.solver][INFO] - Train | Epoch 23 | 444/447 | 0.72 it/sec | Loss 0.1125 | Reco 0.1125 | Grad 0.1449
[2024-07-29 00:25:09,863][demucs.solver][INFO] - [1mTrain Summary | Epoch 23 | Loss=0.1126 | Reco=0.1126 | Grad=0.1448[0m
[2024-07-29 00:25:09,864][demucs.solver][INFO] - ----------------------------------------------------------------------
[2024-07-29 00:25:09,864][demucs.solver][INFO] - Cross validation...
[2024-07-29 00:25:09,864][demucs.solver][INFO] - Start of epoch 23
[2024-07-29 00:25:09,864][demucs.solver][INFO] - Total batches: 14
[2024-07-29 00:25:21,801][demucs.solver][INFO] - Valid | Epoch 23 | 3/14 | 0.34 it/sec | Loss 0.1662 | Reco 0.1662 | Nsdr 6.033
[2024-07-29 00:25:34,789][demucs.solver][INFO] - Valid | Epoch 23 | 6/14 | 0.28 it/sec | Loss 0.1628 | Reco 0.1628 | Nsdr 5.882
[2024-07-29 00:25:48,302][demucs.solver][INFO] - Valid | Epoch 23 | 9/14 | 0.26 it/sec | Loss 0.1790 | Reco 0.1790 | Nsdr 5.307
[2024-07-29 00:25:59,300][demucs.solver][INFO] - Valid | Epoch 23 | 12/14 | 0.26 it/sec | Loss 0.1712 | Reco 0.1712 | Nsdr 4.927
[2024-07-29 00:26:03,017][demucs.solver][INFO] - [1mValid Summary | Epoch 23 | Loss=0.1650 | Reco=0.1650 | Nsdr=5.047 | Best=0.1621 | Bname=main[0m
[2024-07-29 00:26:17,567][demucs.solver][INFO] - ----------------------------------------------------------------------
[2024-07-29 00:26:17,568][demucs.solver][INFO] - Training...
[2024-07-29 00:26:17,568][demucs.solver][INFO] - Start of epoch 24
[2024-07-29 00:26:17,568][demucs.solver][INFO] - Total batches: 447
[2024-07-29 00:28:55,090][demucs.solver][INFO] - Train | Epoch 24 | 111/447 | 0.71 it/sec | Loss 0.1051 | Reco 0.1051 | Grad 0.1285
[2024-07-29 00:31:26,408][demucs.solver][INFO] - Train | Epoch 24 | 222/447 | 0.72 it/sec | Loss 0.1047 | Reco 0.1047 | Grad 0.1314
[2024-07-29 00:33:59,621][demucs.solver][INFO] - Train | Epoch 24 | 333/447 | 0.72 it/sec | Loss 0.1064 | Reco 0.1064 | Grad 0.1308
[2024-07-29 00:36:32,588][demucs.solver][INFO] - Train | Epoch 24 | 444/447 | 0.72 it/sec | Loss 0.1059 | Reco 0.1059 | Grad 0.1354
[2024-07-29 00:36:35,138][demucs.solver][INFO] - [1mTrain Summary | Epoch 24 | Loss=0.1059 | Reco=0.1059 | Grad=0.1350[0m
[2024-07-29 00:36:35,138][demucs.solver][INFO] - ----------------------------------------------------------------------
[2024-07-29 00:36:35,138][demucs.solver][INFO] - Cross validation...
[2024-07-29 00:36:35,138][demucs.solver][INFO] - Start of epoch 24
[2024-07-29 00:36:35,138][demucs.solver][INFO] - Total batches: 14
[2024-07-29 00:36:47,000][demucs.solver][INFO] - Valid | Epoch 24 | 3/14 | 0.34 it/sec | Loss 0.1670 | Reco 0.1670 | Nsdr 6.022
[2024-07-29 00:36:59,889][demucs.solver][INFO] - Valid | Epoch 24 | 6/14 | 0.28 it/sec | Loss 0.1623 | Reco 0.1623 | Nsdr 6.013
[2024-07-29 00:37:13,486][demucs.solver][INFO] - Valid | Epoch 24 | 9/14 | 0.26 it/sec | Loss 0.1782 | Reco 0.1782 | Nsdr 5.461
[2024-07-29 00:37:24,537][demucs.solver][INFO] - Valid | Epoch 24 | 12/14 | 0.26 it/sec | Loss 0.1692 | Reco 0.1692 | Nsdr 5.003
[2024-07-29 00:37:28,275][demucs.solver][INFO] - [1mValid Summary | Epoch 24 | Loss=0.1632 | Reco=0.1632 | Nsdr=5.132 | Best=0.1621 | Bname=main[0m
[2024-07-29 00:37:42,824][demucs.solver][INFO] - ----------------------------------------------------------------------
[2024-07-29 00:37:42,825][demucs.solver][INFO] - Training...
[2024-07-29 00:37:42,825][demucs.solver][INFO] - Start of epoch 25
[2024-07-29 00:37:42,825][demucs.solver][INFO] - Total batches: 447
[2024-07-29 00:40:19,429][demucs.solver][INFO] - Train | Epoch 25 | 111/447 | 0.72 it/sec | Loss 0.1042 | Reco 0.1042 | Grad 0.1272
[2024-07-29 00:42:50,849][demucs.solver][INFO] - Train | Epoch 25 | 222/447 | 0.72 it/sec | Loss 0.1052 | Reco 0.1052 | Grad 0.1250
[2024-07-29 00:45:24,352][demucs.solver][INFO] - Train | Epoch 25 | 333/447 | 0.72 it/sec | Loss 0.1040 | Reco 0.1040 | Grad 0.1207
[2024-07-29 00:47:54,082][demucs.solver][INFO] - Train | Epoch 25 | 444/447 | 0.73 it/sec | Loss 0.1030 | Reco 0.1030 | Grad 0.1277
[2024-07-29 00:47:57,599][demucs.solver][INFO] - [1mTrain Summary | Epoch 25 | Loss=0.1028 | Reco=0.1028 | Grad=0.1277[0m
[2024-07-29 00:47:57,599][demucs.solver][INFO] - ----------------------------------------------------------------------
[2024-07-29 00:47:57,600][demucs.solver][INFO] - Cross validation...
[2024-07-29 00:47:57,600][demucs.solver][INFO] - Start of epoch 25
[2024-07-29 00:47:57,600][demucs.solver][INFO] - Total batches: 14
[2024-07-29 00:48:09,520][demucs.solver][INFO] - Valid | Epoch 25 | 3/14 | 0.34 it/sec | Loss 0.1671 | Reco 0.1671 | Nsdr 6.100
[2024-07-29 00:48:22,319][demucs.solver][INFO] - Valid | Epoch 25 | 6/14 | 0.28 it/sec | Loss 0.1605 | Reco 0.1605 | Nsdr 6.159
[2024-07-29 00:48:35,821][demucs.solver][INFO] - Valid | Epoch 25 | 9/14 | 0.26 it/sec | Loss 0.1766 | Reco 0.1766 | Nsdr 5.554
[2024-07-29 00:48:46,810][demucs.solver][INFO] - Valid | Epoch 25 | 12/14 | 0.26 it/sec | Loss 0.1674 | Reco 0.1674 | Nsdr 5.200
[2024-07-29 00:48:50,538][demucs.solver][INFO] - [1mValid Summary | Epoch 25 | Loss=0.1614 | Reco=0.1614 | Nsdr=5.313 | Best=0.1614 | Bname=main[0m
[2024-07-29 00:48:50,539][demucs.solver][INFO] - [1mNew best valid loss 0.1614[0m
[2024-07-29 00:49:16,325][demucs.solver][INFO] - ----------------------------------------------------------------------
[2024-07-29 00:49:16,326][demucs.solver][INFO] - Training...
[2024-07-29 00:49:16,326][demucs.solver][INFO] - Start of epoch 26
[2024-07-29 00:49:16,326][demucs.solver][INFO] - Total batches: 447
[2024-07-29 00:51:53,615][demucs.solver][INFO] - Train | Epoch 26 | 111/447 | 0.71 it/sec | Loss 0.1014 | Reco 0.1014 | Grad 0.1342
[2024-07-29 00:54:24,487][demucs.solver][INFO] - Train | Epoch 26 | 222/447 | 0.72 it/sec | Loss 0.1037 | Reco 0.1037 | Grad 0.1260
[2024-07-29 00:56:57,883][demucs.solver][INFO] - Train | Epoch 26 | 333/447 | 0.72 it/sec | Loss 0.1029 | Reco 0.1029 | Grad 0.1289
[2024-07-29 00:59:33,096][demucs.solver][INFO] - Train | Epoch 26 | 444/447 | 0.72 it/sec | Loss 0.1030 | Reco 0.1030 | Grad 0.1267
[2024-07-29 00:59:35,877][demucs.solver][INFO] - [1mTrain Summary | Epoch 26 | Loss=0.1031 | Reco=0.1031 | Grad=0.1265[0m
[2024-07-29 00:59:35,878][demucs.solver][INFO] - ----------------------------------------------------------------------
[2024-07-29 00:59:35,878][demucs.solver][INFO] - Cross validation...
[2024-07-29 00:59:35,878][demucs.solver][INFO] - Start of epoch 26
[2024-07-29 00:59:35,878][demucs.solver][INFO] - Total batches: 14
[2024-07-29 00:59:47,667][demucs.solver][INFO] - Valid | Epoch 26 | 3/14 | 0.34 it/sec | Loss 0.1676 | Reco 0.1676 | Nsdr 5.958
[2024-07-29 01:00:00,568][demucs.solver][INFO] - Valid | Epoch 26 | 6/14 | 0.28 it/sec | Loss 0.1621 | Reco 0.1621 | Nsdr 6.009
[2024-07-29 01:00:14,080][demucs.solver][INFO] - Valid | Epoch 26 | 9/14 | 0.26 it/sec | Loss 0.1776 | Reco 0.1776 | Nsdr 5.452
[2024-07-29 01:00:25,136][demucs.solver][INFO] - Valid | Epoch 26 | 12/14 | 0.26 it/sec | Loss 0.1686 | Reco 0.1686 | Nsdr 5.066
[2024-07-29 01:00:28,883][demucs.solver][INFO] - [1mValid Summary | Epoch 26 | Loss=0.1626 | Reco=0.1626 | Nsdr=5.191 | Best=0.1614 | Bname=main[0m
[2024-07-29 01:00:43,250][demucs.solver][INFO] - ----------------------------------------------------------------------
[2024-07-29 01:00:43,250][demucs.solver][INFO] - Training...
[2024-07-29 01:00:43,250][demucs.solver][INFO] - Start of epoch 27
[2024-07-29 01:00:43,251][demucs.solver][INFO] - Total batches: 447
[2024-07-29 01:03:17,385][demucs.solver][INFO] - Train | Epoch 27 | 111/447 | 0.73 it/sec | Loss 0.0952 | Reco 0.0952 | Grad 0.1339
[2024-07-29 01:05:48,031][demucs.solver][INFO] - Train | Epoch 27 | 222/447 | 0.73 it/sec | Loss 0.0990 | Reco 0.0990 | Grad 0.1245
[2024-07-29 01:08:19,363][demucs.solver][INFO] - Train | Epoch 27 | 333/447 | 0.73 it/sec | Loss 0.0989 | Reco 0.0989 | Grad 0.1250
[2024-07-29 01:10:53,599][demucs.solver][INFO] - Train | Epoch 27 | 444/447 | 0.73 it/sec | Loss 0.1000 | Reco 0.1000 | Grad 0.1286
[2024-07-29 01:10:56,931][demucs.solver][INFO] - [1mTrain Summary | Epoch 27 | Loss=0.1001 | Reco=0.1001 | Grad=0.1286[0m
[2024-07-29 01:10:56,931][demucs.solver][INFO] - ----------------------------------------------------------------------
[2024-07-29 01:10:56,932][demucs.solver][INFO] - Cross validation...
[2024-07-29 01:10:56,932][demucs.solver][INFO] - Start of epoch 27
[2024-07-29 01:10:56,932][demucs.solver][INFO] - Total batches: 14
[2024-07-29 01:11:08,911][demucs.solver][INFO] - Valid | Epoch 27 | 3/14 | 0.33 it/sec | Loss 0.1714 | Reco 0.1714 | Nsdr 5.965
[2024-07-29 01:11:21,948][demucs.solver][INFO] - Valid | Epoch 27 | 6/14 | 0.28 it/sec | Loss 0.1630 | Reco 0.1630 | Nsdr 6.095
[2024-07-29 01:11:35,486][demucs.solver][INFO] - Valid | Epoch 27 | 9/14 | 0.26 it/sec | Loss 0.1777 | Reco 0.1777 | Nsdr 5.557
[2024-07-29 01:11:46,515][demucs.solver][INFO] - Valid | Epoch 27 | 12/14 | 0.26 it/sec | Loss 0.1687 | Reco 0.1687 | Nsdr 5.199
[2024-07-29 01:11:50,242][demucs.solver][INFO] - [1mValid Summary | Epoch 27 | Loss=0.1627 | Reco=0.1627 | Nsdr=5.323 | Best=0.1614 | Bname=main[0m
[2024-07-29 01:12:04,792][demucs.solver][INFO] - ----------------------------------------------------------------------
[2024-07-29 01:12:04,792][demucs.solver][INFO] - Training...
[2024-07-29 01:12:04,792][demucs.solver][INFO] - Start of epoch 28
[2024-07-29 01:12:04,792][demucs.solver][INFO] - Total batches: 447
[2024-07-29 01:14:39,521][demucs.solver][INFO] - Train | Epoch 28 | 111/447 | 0.72 it/sec | Loss 0.1006 | Reco 0.1006 | Grad 0.1178
[2024-07-29 01:17:13,403][demucs.solver][INFO] - Train | Epoch 28 | 222/447 | 0.72 it/sec | Loss 0.1012 | Reco 0.1012 | Grad 0.1278
[2024-07-29 01:19:49,734][demucs.solver][INFO] - Train | Epoch 28 | 333/447 | 0.72 it/sec | Loss 0.1013 | Reco 0.1013 | Grad 0.1249
[2024-07-29 01:22:19,883][demucs.solver][INFO] - Train | Epoch 28 | 444/447 | 0.72 it/sec | Loss 0.1001 | Reco 0.1001 | Grad 0.1226
[2024-07-29 01:22:22,845][demucs.solver][INFO] - [1mTrain Summary | Epoch 28 | Loss=0.1002 | Reco=0.1002 | Grad=0.1225[0m
[2024-07-29 01:22:22,846][demucs.solver][INFO] - ----------------------------------------------------------------------
[2024-07-29 01:22:22,846][demucs.solver][INFO] - Cross validation...
[2024-07-29 01:22:22,846][demucs.solver][INFO] - Start of epoch 28
[2024-07-29 01:22:22,846][demucs.solver][INFO] - Total batches: 14
[2024-07-29 01:22:34,683][demucs.solver][INFO] - Valid | Epoch 28 | 3/14 | 0.34 it/sec | Loss 0.1629 | Reco 0.1629 | Nsdr 6.249
[2024-07-29 01:22:47,591][demucs.solver][INFO] - Valid | Epoch 28 | 6/14 | 0.28 it/sec | Loss 0.1583 | Reco 0.1583 | Nsdr 6.222
[2024-07-29 01:23:01,172][demucs.solver][INFO] - Valid | Epoch 28 | 9/14 | 0.26 it/sec | Loss 0.1731 | Reco 0.1731 | Nsdr 5.679
[2024-07-29 01:23:12,060][demucs.solver][INFO] - Valid | Epoch 28 | 12/14 | 0.26 it/sec | Loss 0.1640 | Reco 0.1640 | Nsdr 5.318
[2024-07-29 01:23:15,815][demucs.solver][INFO] - [1mValid Summary | Epoch 28 | Loss=0.1581 | Reco=0.1581 | Nsdr=5.443 | Best=0.1581 | Bname=main[0m
[2024-07-29 01:23:15,815][demucs.solver][INFO] - [1mNew best valid loss 0.1581[0m
[2024-07-29 01:23:34,933][demucs.solver][INFO] - ----------------------------------------------------------------------
[2024-07-29 01:23:34,934][demucs.solver][INFO] - Training...
[2024-07-29 01:23:34,934][demucs.solver][INFO] - Start of epoch 29
[2024-07-29 01:23:34,934][demucs.solver][INFO] - Total batches: 447
[2024-07-29 01:26:08,175][demucs.solver][INFO] - Train | Epoch 29 | 111/447 | 0.73 it/sec | Loss 0.1015 | Reco 0.1015 | Grad 0.1080
[2024-07-29 01:28:42,499][demucs.solver][INFO] - Train | Epoch 29 | 222/447 | 0.73 it/sec | Loss 0.0984 | Reco 0.0984 | Grad 0.1122
[2024-07-29 01:31:12,711][demucs.solver][INFO] - Train | Epoch 29 | 333/447 | 0.73 it/sec | Loss 0.0998 | Reco 0.0998 | Grad 0.1190
[2024-07-29 01:33:45,016][demucs.solver][INFO] - Train | Epoch 29 | 444/447 | 0.73 it/sec | Loss 0.0983 | Reco 0.0983 | Grad 0.1266
[2024-07-29 01:33:47,801][demucs.solver][INFO] - [1mTrain Summary | Epoch 29 | Loss=0.0984 | Reco=0.0984 | Grad=0.1276[0m
[2024-07-29 01:33:47,802][demucs.solver][INFO] - ----------------------------------------------------------------------
[2024-07-29 01:33:47,802][demucs.solver][INFO] - Cross validation...
[2024-07-29 01:33:47,802][demucs.solver][INFO] - Start of epoch 29
[2024-07-29 01:33:47,802][demucs.solver][INFO] - Total batches: 14
[2024-07-29 01:33:59,542][demucs.solver][INFO] - Valid | Epoch 29 | 3/14 | 0.34 it/sec | Loss 0.1668 | Reco 0.1668 | Nsdr 5.915
[2024-07-29 01:34:12,643][demucs.solver][INFO] - Valid | Epoch 29 | 6/14 | 0.28 it/sec | Loss 0.1621 | Reco 0.1621 | Nsdr 5.969
[2024-07-29 01:34:26,184][demucs.solver][INFO] - Valid | Epoch 29 | 9/14 | 0.26 it/sec | Loss 0.1780 | Reco 0.1780 | Nsdr 5.401
[2024-07-29 01:34:37,202][demucs.solver][INFO] - Valid | Epoch 29 | 12/14 | 0.26 it/sec | Loss 0.1684 | Reco 0.1684 | Nsdr 5.077
[2024-07-29 01:34:40,954][demucs.solver][INFO] - [1mValid Summary | Epoch 29 | Loss=0.1627 | Reco=0.1627 | Nsdr=5.193 | Best=0.1581 | Bname=main[0m
[2024-07-29 01:34:55,639][demucs.solver][INFO] - ----------------------------------------------------------------------
[2024-07-29 01:34:55,639][demucs.solver][INFO] - Training...
[2024-07-29 01:34:55,639][demucs.solver][INFO] - Start of epoch 30
[2024-07-29 01:34:55,639][demucs.solver][INFO] - Total batches: 447
[2024-07-29 01:37:34,272][demucs.solver][INFO] - Train | Epoch 30 | 111/447 | 0.71 it/sec | Loss 0.0994 | Reco 0.0994 | Grad 0.1193
[2024-07-29 01:40:09,177][demucs.solver][INFO] - Train | Epoch 30 | 222/447 | 0.71 it/sec | Loss 0.0997 | Reco 0.0997 | Grad 0.1205
[2024-07-29 01:42:42,263][demucs.solver][INFO] - Train | Epoch 30 | 333/447 | 0.72 it/sec | Loss 0.0997 | Reco 0.0997 | Grad 0.1316
[2024-07-29 01:45:12,835][demucs.solver][INFO] - Train | Epoch 30 | 444/447 | 0.72 it/sec | Loss 0.0996 | Reco 0.0996 | Grad 0.1329
[2024-07-29 01:45:15,444][demucs.solver][INFO] - [1mTrain Summary | Epoch 30 | Loss=0.0997 | Reco=0.0997 | Grad=0.1328[0m
[2024-07-29 01:45:15,445][demucs.solver][INFO] - ----------------------------------------------------------------------
[2024-07-29 01:45:15,445][demucs.solver][INFO] - Cross validation...
[2024-07-29 01:45:15,445][demucs.solver][INFO] - Start of epoch 30
[2024-07-29 01:45:15,445][demucs.solver][INFO] - Total batches: 14
[2024-07-29 01:45:27,465][demucs.solver][INFO] - Valid | Epoch 30 | 3/14 | 0.33 it/sec | Loss 0.1653 | Reco 0.1653 | Nsdr 6.126
[2024-07-29 01:45:40,470][demucs.solver][INFO] - Valid | Epoch 30 | 6/14 | 0.28 it/sec | Loss 0.1605 | Reco 0.1605 | Nsdr 6.111
[2024-07-29 01:45:54,216][demucs.solver][INFO] - Valid | Epoch 30 | 9/14 | 0.26 it/sec | Loss 0.1757 | Reco 0.1757 | Nsdr 5.535
[2024-07-29 01:46:05,449][demucs.solver][INFO] - Valid | Epoch 30 | 12/14 | 0.26 it/sec | Loss 0.1670 | Reco 0.1670 | Nsdr 5.149
[2024-07-29 01:46:09,284][demucs.solver][INFO] - [1mValid Summary | Epoch 30 | Loss=0.1609 | Reco=0.1609 | Nsdr=5.291 | Best=0.1581 | Bname=main[0m
[2024-07-29 01:46:09,284][demucs.solver][INFO] - ----------------------------------------------------------------------
[2024-07-29 01:46:09,284][demucs.solver][INFO] - Evaluating on the test set...
[2024-07-29 02:16:51,228][demucs.evaluate][INFO] - Eval | 12/50 | 141.5 sec/it
[2024-07-29 02:47:36,104][demucs.evaluate][INFO] - Eval | 24/50 | 147.4 sec/it
[2024-07-29 03:15:09,567][demucs.evaluate][INFO] - Eval | 36/50 | 144.2 sec/it
[2024-07-29 03:44:09,388][demucs.evaluate][INFO] - Eval | 48/50 | 144.4 sec/it
[2024-07-29 03:46:35,250][demucs.solver][INFO] - [1mTest Summary | Epoch 30 | Sdr=0.065 | Nsdr=0.400 | Sdr_drums=4.683 | Nsdr_drums=4.753 | Sdr_bass=-1.199 | Nsdr_bass=-1.158 | Sdr_other=-1.031 | Nsdr_other=-0.909 | Sdr_vocals=-2.194 | Nsdr_vocals=-1.085[0m
